<?xml version="1.0" encoding="UTF-8"?>
<!-- Generated by org.testng.reporters.JUnitReportReporter -->
<testsuite hostname="ddef5e04f475" failures="0" tests="4" name="com.reservation.tests.PortalTest" time="39.397" errors="0" timestamp="2024-12-20T04:09:19 GMT" skipped="0">
  <testcase classname="com.reservation.tests.PortalTest" name="logInTest" time="3.713"/>
  <testcase classname="com.reservation.tests.PortalTest" name="dashBoardTest" time="15.072"/>
  <testcase classname="com.reservation.tests.PortalTest" name="logInTest" time="8.053"/>
  <testcase classname="com.reservation.tests.PortalTest" name="dashBoardTest" time="12.559"/>
</testsuite> <!-- com.reservation.tests.PortalTest -->
