<?xml version="1.0" encoding="UTF-8"?>
<!-- Generated by org.testng.reporters.JUnitReportReporter -->
<testsuite hostname="LAPTOP-RNF7R3U9" failures="0" tests="1" name="com.reservation.tests.justATest" time="0.005" errors="0" timestamp="2024-11-24T13:52:41 EST" skipped="0">
  <testcase classname="com.reservation.tests.justATest" name="test" time="0.005"/>
  <system-out/>
</testsuite> <!-- com.reservation.tests.justATest -->
