<?xml version="1.0" encoding="UTF-8"?>
<!-- Generated by org.testng.reporters.JUnitReportReporter -->
<testsuite hostname="LAPTOP-RNF7R3U9" failures="0" tests="10" name="com.reservation.tests.FlightReservationTest" time="22.758" errors="2" timestamp="2024-12-14T10:47:21 EST" skipped="4">
  <testcase classname="com.reservation.tests.FlightReservationTest" name="registrationTest" time="7.343"/>
  <system-out/>
  <testcase classname="com.reservation.tests.FlightReservationTest" name="registrationConfirmationTest" time="0.734"/>
  <system-out/>
  <testcase classname="com.reservation.tests.FlightReservationTest" name="registrationTest" time="6.904"/>
  <system-out/>
  <testcase classname="com.reservation.tests.FlightReservationTest" name="flightConfirmationTest" time="0.000">
    <skipped/>
  </testcase> <!-- flightConfirmationTest -->
  <system-out/>
  <testcase classname="com.reservation.tests.FlightReservationTest" name="flightConfirmationTest" time="0.000">
    <skipped/>
  </testcase> <!-- flightConfirmationTest -->
  <system-out/>
  <testcase classname="com.reservation.tests.FlightReservationTest" name="registrationConfirmationTest" time="1.283"/>
  <system-out/>
  <testcase classname="com.reservation.tests.FlightReservationTest" name="flightSearchTest" time="2.895">
    <error message="element click intercepted: Element is not clickable at point (350, 681)
  (Session info: chrome=131.0.6778.140)
Build info: version: &#039;4.23.0&#039;, revision: &#039;4df0a231af&#039;
System info: os.name: &#039;Windows 10&#039;, os.arch: &#039;amd64&#039;, os.version: &#039;10.0&#039;, java.version: &#039;15.0.1&#039;
Driver info: org.openqa.selenium.chrome.ChromeDriver
Command: [814f58c21fc4cbae81b0ef79ff52d5b2, clickElement {id=f.79AE8B80F13672C3B70059591DF4429E.d.7E90217B3FE81919C442C3218A2284C5.e.69}]
Capabilities {acceptInsecureCerts: false, browserName: chrome, browserVersion: 131.0.6778.140, chrome: {chromedriverVersion: 131.0.6778.108 (3b014839fbc..., userDataDir: C:\Users\Qadir\AppData\Loca...}, fedcm:accounts: true, goog:chromeOptions: {debuggerAddress: localhost:51216}, networkConnectionEnabled: false, pageLoadStrategy: normal, platformName: windows, proxy: Proxy(), se:cdp: ws://localhost:51216/devtoo..., se:cdpVersion: 131.0.6778.140, setWindowRect: true, strictFileInteractability: false, timeouts: {implicit: 0, pageLoad: 300000, script: 30000}, unhandledPromptBehavior: dismiss and notify, webauthn:extension:credBlob: true, webauthn:extension:largeBlob: true, webauthn:extension:minPinLength: true, webauthn:extension:prf: true, webauthn:virtualAuthenticators: true}
Element: [[ChromeDriver: chrome on windows (814f58c21fc4cbae81b0ef79ff52d5b2)] -&gt; id: search-flights]
Session ID: 814f58c21fc4cbae81b0ef79ff52d5b2" type="org.openqa.selenium.ElementClickInterceptedException">
      <![CDATA[org.openqa.selenium.ElementClickInterceptedException: element click intercepted: Element is not clickable at point (350, 681)
  (Session info: chrome=131.0.6778.140)
Build info: version: '4.23.0', revision: '4df0a231af'
System info: os.name: 'Windows 10', os.arch: 'amd64', os.version: '10.0', java.version: '15.0.1'
Driver info: org.openqa.selenium.chrome.ChromeDriver
Command: [814f58c21fc4cbae81b0ef79ff52d5b2, clickElement {id=f.79AE8B80F13672C3B70059591DF4429E.d.7E90217B3FE81919C442C3218A2284C5.e.69}]
Capabilities {acceptInsecureCerts: false, browserName: chrome, browserVersion: 131.0.6778.140, chrome: {chromedriverVersion: 131.0.6778.108 (3b014839fbc..., userDataDir: C:\Users\Qadir\AppData\Loca...}, fedcm:accounts: true, goog:chromeOptions: {debuggerAddress: localhost:51216}, networkConnectionEnabled: false, pageLoadStrategy: normal, platformName: windows, proxy: Proxy(), se:cdp: ws://localhost:51216/devtoo..., se:cdpVersion: 131.0.6778.140, setWindowRect: true, strictFileInteractability: false, timeouts: {implicit: 0, pageLoad: 300000, script: 30000}, unhandledPromptBehavior: dismiss and notify, webauthn:extension:credBlob: true, webauthn:extension:largeBlob: true, webauthn:extension:minPinLength: true, webauthn:extension:prf: true, webauthn:virtualAuthenticators: true}
Element: [[ChromeDriver: chrome on windows (814f58c21fc4cbae81b0ef79ff52d5b2)] -> id: search-flights]
Session ID: 814f58c21fc4cbae81b0ef79ff52d5b2
at java.base/jdk.internal.reflect.NativeConstructorAccessorImpl.newInstance0(Native Method)
at java.base/jdk.internal.reflect.NativeConstructorAccessorImpl.newInstance(NativeConstructorAccessorImpl.java:64)
at java.base/jdk.internal.reflect.DelegatingConstructorAccessorImpl.newInstance(DelegatingConstructorAccessorImpl.java:45)
at java.base/java.lang.reflect.Constructor.newInstanceWithCaller(Constructor.java:500)
at java.base/java.lang.reflect.Constructor.newInstance(Constructor.java:481)
at org.openqa.selenium.remote.ErrorCodec.decode(ErrorCodec.java:167)
at org.openqa.selenium.remote.codec.w3c.W3CHttpResponseCodec.decode(W3CHttpResponseCodec.java:138)
at org.openqa.selenium.remote.codec.w3c.W3CHttpResponseCodec.decode(W3CHttpResponseCodec.java:50)
at org.openqa.selenium.remote.HttpCommandExecutor.execute(HttpCommandExecutor.java:190)
at org.openqa.selenium.remote.service.DriverCommandExecutor.invokeExecute(DriverCommandExecutor.java:216)
at org.openqa.selenium.remote.service.DriverCommandExecutor.execute(DriverCommandExecutor.java:174)
at org.openqa.selenium.remote.RemoteWebDriver.execute(RemoteWebDriver.java:527)
at org.openqa.selenium.remote.RemoteWebElement.execute(RemoteWebElement.java:223)
at org.openqa.selenium.remote.RemoteWebElement.click(RemoteWebElement.java:76)
at java.base/jdk.internal.reflect.NativeMethodAccessorImpl.invoke0(Native Method)
at java.base/jdk.internal.reflect.NativeMethodAccessorImpl.invoke(NativeMethodAccessorImpl.java:64)
at java.base/jdk.internal.reflect.DelegatingMethodAccessorImpl.invoke(DelegatingMethodAccessorImpl.java:43)
at java.base/java.lang.reflect.Method.invoke(Method.java:564)
at org.openqa.selenium.support.pagefactory.internal.LocatingElementHandler.invoke(LocatingElementHandler.java:51)
at com.sun.proxy.$Proxy19.click(Unknown Source)
at com.reservation.pages.FlightSearchPage.searchFlight(FlightSearchPage.java:39)
at com.reservation.tests.FlightReservationTest.flightSearchTest(FlightReservationTest.java:65)
at java.base/jdk.internal.reflect.NativeMethodAccessorImpl.invoke0(Native Method)
at java.base/jdk.internal.reflect.NativeMethodAccessorImpl.invoke(NativeMethodAccessorImpl.java:64)
at java.base/jdk.internal.reflect.DelegatingMethodAccessorImpl.invoke(DelegatingMethodAccessorImpl.java:43)
at java.base/java.lang.reflect.Method.invoke(Method.java:564)
at org.testng.internal.MethodInvocationHelper.invokeMethod(MethodInvocationHelper.java:132)
at org.testng.internal.TestInvoker.invokeMethod(TestInvoker.java:599)
at org.testng.internal.TestInvoker.invokeTestMethod(TestInvoker.java:174)
at org.testng.internal.MethodRunner.runInSequence(MethodRunner.java:46)
at org.testng.internal.TestInvoker$MethodInvocationAgent.invoke(TestInvoker.java:822)
at org.testng.internal.TestInvoker.invokeTestMethods(TestInvoker.java:147)
at org.testng.internal.TestMethodWorker.invokeTestMethods(TestMethodWorker.java:146)
at org.testng.internal.TestMethodWorker.run(TestMethodWorker.java:128)
at java.base/java.util.ArrayList.forEach(ArrayList.java:1511)
at org.testng.TestRunner.privateRun(TestRunner.java:764)
at org.testng.TestRunner.run(TestRunner.java:585)
at org.testng.SuiteRunner.runTest(SuiteRunner.java:384)
at org.testng.SuiteRunner.access$000(SuiteRunner.java:28)
at org.testng.SuiteRunner$SuiteWorker.run(SuiteRunner.java:425)
at org.testng.internal.thread.ThreadUtil.lambda$execute$0(ThreadUtil.java:66)
at java.base/java.util.concurrent.FutureTask.run(FutureTask.java:264)
at java.base/java.util.concurrent.ThreadPoolExecutor.runWorker(ThreadPoolExecutor.java:1130)
at java.base/java.util.concurrent.ThreadPoolExecutor$Worker.run(ThreadPoolExecutor.java:630)
at java.base/java.lang.Thread.run(Thread.java:832)
]]>
    </error>
  </testcase> <!-- flightSearchTest -->
  <system-out>
<img width=700px src='data:image/png;base64,iVBORw0KGgoAAAANSUhEUgAABQ8AAAM4CAIAAADtdIPXAAAAAXNSR0IArs4c6QAAIABJREFUeJzs3XtYU2e6N/57XqZmqiZoN7HMRWg3i4NNkBrFaVB/RrSC0AZxDJuOMFhDUeJoi8pI0YLWYkGxtKaFEZQalRG3jOmIUk9YxXQUeMcDVpFqId0t8NYadpVgrbHl8vdHOCSLhISz1u/n6h9l5Vlr3etZz8rlnfUcfjNOOpcAAB4PPsyzGvUW8y3l5y4tTnx76CICAAAAgIFy5tCuvuz+f/ovEgCAh50zj2v+56Xqa5s++njowgEAAACAh9dvhzoAAIDB8++qK37T/zjUUQAAAADAIwDvlgEAAAAAAADYkC0DAAAAAAAAsCFbBgAAAAAAAGBDtgwAAAAAAADAhmwZAAAAAAAAgA3ZMgAAAAAAAAAbsmUAAAAAAAB47Lz66qvdF0C2DAAAAAAAAI8XU6rcfcKMbBkAAAAAAAAeI+ZJcjcJM7JlAAAAAAAAeFx0TY9tJczIlgEAAAAAAOCxYCsxtrr9twMfDwAAAAAAAMDQ27Vrl+OF8W4ZAAAAAAAAgA3ZMgAAAAAAAAAbsmUAAAAAAAAANmTLAAAAAAAAAGzIlgEAAAAAAADYkC0DAAAAAAAAsCFbBgAAAAAAAGBDtgwAAAAAAADAhmwZAAAAAAAAgA3ZMgAAAAAAAAAbsmUAAAAAAAAANmTLAAAAAAAAAGy/efDgwVDHAAAAAAAAANDPDAZDX3bHu2UAAAAAAAAANmTLAAAAAAAAAGzIlgEAAAAAAADYkC0DAAAAAAAAsCFbBgAAAAAAAGBDtgwAAAAAAADAhmwZAAAAAAAAgA3ZMgAAAAAAAAAbsmUAAAAAAAAANmTLAAAAAAAAAGzIlgEAAAAAAADYkC0DAAAAAAAAsCFbBgAAAAAAAGBDtgwAAAAAAADAhmwZAAAAAAAAgA3ZMgAAAAAAAAAbsmUAAAAAAAAANmTLAAAAAAAAAGzIlgEAAAAAAADYkC0DAAAAAAAAsCFbBgAAAAAAAGBDtgwAAAAAAADAhmwZAAAAAAAAgA3ZMgAAAAAAAAAbsmUAAAAAAAAAtt8OdQAAAPCr9HPjZ+p1BeVX9T9yRrq/ELkwZa4f12mogwIAAABw2G8ePHgw1DEAAMCj5eeWH340Wmx5gvvUCI7Z37q/J4Zv15mXcAl+8+BbAdyBC+r+j013frbYMmyEy8gnBu6EMGR++rHpJ4t7zXlyFPfJoYsHAAAeVgaDoS+7490yAAD01PkNf9x02GJLwN9Ovzmt46/WirwdOtY+Tcf/8clrAa+6DlhQ57JnrK6w2BL85uW3AgbsfDBkdJrk8O0N5luEiz4q+rNg6CICAIBfJ2TLAACPj9uf71Cf+N/e7Ttm1mvR055yrGxjw9etXbfeN97v3al/jVp/1n1x+NND5SeqGxpvWLyo5/JH8QXPTZs0OWj25PF8vBsHAAAYMsiWAQAeH3dqzmg/qe3dvgK3VxzOlp8ZKx5JNXcsNzo9LeD37tS/Lq23L+3NfnPX+UYbvx206G+36Ct0Fyt2bf+ARgrmLVvx12AGQ74BAAAGH7JlAADod36vvxVQurqiqXPLE+OXLnzp0RpZ+u3+yJg9NeZb+t61+8759CUb9n7rePmGTzYmfnJq6dnMWQM45BsAAACsQbYMAAD9jzvlzaOFFbsOlNf97/3fPfn0+D/Onec1aqiDGmqtl99buGGvvsf7zZo9HakyAADA4EO2DAAAA4LjFrB4KSbZ6lSZvWmXzVT5Ca7rCNLfbuk63nvkrD8FYvQyAADAEEC2DADwWBs/f8XC5xwpOILBqOO++En738U/sjfy/RavXLhwEsMd1rHp55ZGXVXF6V0HTlR++zMRuclDJRi0DAAAMBSQLQMAPNbcnpfOmtL/hzV+e/5znUVyyGEmT3vG9jvS1p+brp0vPVP+pa6hUvcDPfn0eF/G8w/T50nGujxp9YAjGIk/4+BA6J8aKssqPr/yZdW5uiYaKfBlnmP8bc44rb92ovp7IqKbdewlGr/74kSZ2dxcTzLTJAIOOcT4+YkTrPfGTwX8beeb00ayCj7BdRs7TT52mnyx8duKbdmHebMY+wf/9vKn2vJL392sO1fXROTCPO/JMLOmBrww9mmOI5n2/R8bay9XXvji0ne3Gqu/bPiJ6Mmnx/s+LWD8X5joL/YY0e013r5U9oXFK/Mxz88SjaK2e1r+yanzdV/pLg176ePMUDcbZ9dVl584e7mxoaFS9wO13SC/aVMn2zu1FUb9tf+rLT9R/WVV9fdGeoqZJBAys16e/RyDlbcBAKDnkC0DAED/a9TuXMFeEZeZZnVF3Nbblw7krc2t0FnMEX278etrVHLkI3qCkS37W4LUyD6g4PUC/8XP2IvjzrW972dnfdZgtkTT7cYbDZWfaXdt/4DjIX3n3WUvuVnmUV8dWLGuouuRiIguH1lx+Ujnn17RxZII+7ksERE13rzF2uI2e26XVNkC55mA1zO778r+c+Nn6je3Hrlk2cG78Yb20lntJ3/fScNGTXt15ab5fjam1P656erpndv2/PfF20b2R7cbv75GpN1GRCMF81amrHnxaRuJ65eF6z6wWHw7+M3LIv/Gz7L/slHbeU+9fuxyCqJm3SfbPnjvSINl//OOG5Rj79SWbmjf26Dedfm2xaFKdJ+TdtuH5CKJ3vJWxHhnRw4EAADQ5v8MdQAAAPDIEXh69NOR7px/77XFf/6QlSqb+1lX8kHIazmVzT0/uO5wXExyukWqbMH4tfbNmNfTz3XpID0oDHfvOFDKtjvXtiUqQt5hp8oW7t/+fPvaKa9sOnyjy0c/nE9fGD1jSc4uK6ky60QNn7yjDEk8orOyhrb1HT7fuDjkHa3te0pE1Hh804w/Jq4rabAyVNvy1FOX7Lxkr6oM57aFR31gmSpbaKrc8+eFa/d+bT96AACADni3DAAAPdcvI2nvVLwZs+nwDw6U/PZEuuOrLnWovVxpt0zr93uT1rrtzHrV7mvq/tZSsj19qucaSa+mCr9TsW7hpk8cnF5bX/FmTKJ+W9ar5r9xOA+j5p8dP2HTuW2vbRx98K0A+7Nzf5bzFzt59c81u5Ijd+gcPLXxavGfV44s3hrB2G51jRcv2z/QD5fTV34gKFwx7dFayQwAAPqsqqqqp7uIxWK8WwYAgAHB446wV6Rh10rHUuWB1qp7b5vWzvvVPmN8n2Pnma3f701STFq44SPNZV1PEldqbdi20lqqPGyEm+soN9dRbs5dxuje1723MqfSPIl18nt9iV9ProCajr+/4awDcdp7Bd1UnOp4qtzm2p7Xsh3Ih+36Qfvu3h6eGgAAHmN4twwAAP3PhT+6+wItx7e9d63LVqcnhKHRiRHTPZ2JiIw3vvh0/z+22e5K7SCul//8l6TC/yD66Wbp/qLDtV1Svs8Pf/KDdP5TREQ0admpf8YTETUeeG1ZsUVqFbj0VMIks2hHuDgexITwhV4nPqplbzZ+fX7bh+e3fUg0ctT455+XTJr18qznmK7prpmmkuyPWFXn9PS8t1LWBAo65vQyfqtNf+uDT8xfyP9wYt2u0KOxneOsuS9Gv7ozeVcjcVzH/ikyet4Mxu2ptlm1jM26/6vZuXbX5SaL0/x8uOjEqimhPbjqkaMY7+fEbsPuOY1qG3usP5Ks6nrjn2BejPxrzCyhMxGR4csTeduKDn9tcZtaLn5RQ35CO+d7wm3C5Hmz/Zknif73y/8uOlF5g32vGzVHKmOXShy/BAAAeIwhWwYAeKxd0nyw7oy9QsLw9TIHZ7NyUMPefV1eFT7lv2lrykuu5luki9dK50fsfG1ZcY2jg2YtOT09P2OjeW/nWaER8X9PDN/OesF4reoLmh9IRETDRriY0uY7I9mTSw0b6fJUrzpOExEJFqdEn3htj80LuXP70lntpbPabR8SjXxa8lLoorkvSdy6pM2t57dts8w2nZjXP85abDmSnPOMdP3HApclidvM8vPGvxcenp/yUkc/ZKex8a+FtlB412m0OM7MtNh3DjKbZq+raDH/4OIXVa2hsxzph/+U3+trV746YRTryJWFeypZNeDEvJr9zl9FnZ0RXKZEbJoSGpW79s97dUTEcfVfnLJssZ+9mn/Kb83m1PleHTUmnSWP/vzd+L8ctxyXfufypa9J0l8D7wEA4FcN2TIAwGOt8Zz2E7uF7k/u52z5RsUJ9lvWp1/daJkqt+OKFn6crJvybm864koSNnYdGMz8OXVNhSLd8nhfNzQQWZuyux95RBR9POIvq7Z9bne88Z3vK4t2VhbttDKTc+WJvZZTXrlFLl5sNfcbxry+ZNbexBOd6W7r+dMX6SWzBcO4Ly5ebzsKbmD0Qq8Ky/fhX+u+JbKbajr5rd/5zryuE1C3nv/sOHtOtWnJFqlyuxHjle9s+t+1lQFJjs2JPWL+2nfme7E3TkteMf/sBssa+77uOwcuAQAAAOOWAQBgCOjqalhb/EIXjrVZnBv8X/O7XWzJOqeAV2VWX0iOkk5lJ/813zRYK9nfPEL/tk/99zcChI5dTlPlnj9HJO4ym8m55osvLYuMmjXDdsVNksosT3Tpi669oLshELLr6fu67+zvNn7pSiupMhHVXtayZrd2DX892NYQ9xEvvZW13sHlo7zm/mmCte1O/tOmsbd9rRuUew0AAI8+vFsGAIDB1vjNTdYWrjfT7WjY58TP096zPTzN888LbfQZdnt2DNEQzfbkNGq8/M0i+c9NV8s/+fTwp5/r7EzxdV/33soPmPaZnBtvshZJur1r8R93OXzyxv9lL/ts1F/79MCBw2e+rNPfburbmlbtnpZOtNFr+rvvG1lbnn/O3lBkh3CfH2ur84ObQECE9BgAAHoD2TIAAAw2Yyt7KV7+qO5nBXuC24t3y/zRPZiParA94SKSLhZJF68i+ulH3ZflJ85WaI99cclq5vyD9t294UdjGaIG3Td9O+03DY1Ebqb/v6/bm5KWXmlzjeLe8hDa6Oesa2BnrcJn+6f3u+A/7MwqBwAA0AvIlgEAHmuzktVvWZ8g2Nj45TW9Kasd81z/npRh2K/7dF9+aSSB7T631yq/6N8QHiZPjmAmzFo8YdbipWTUX/t0Z3Z6CXsa8EZtuS6WYWgk1/56x936j1FtvyC0NmxblsieW3uAdV1XzHCHPYwZAADg4YFsGQDgsTbMeVTbFNBduEx5eqDO+nsBw+oJffbIJ/pZ8/k2yl8rP3FjoGJ5qHD4Y+et+kj8+y6zdn/d0EjE0CgBu4qemPbqsnmOT8E25nnTTxI1uzZ0WYbqCaFk8rRJ/sL/6NxWtf+DXf2xzrFJ13XFGr+pN9JYh0YmAwAADDpkywAAMOg8npeM3K+zGCWrS39rv2RrBNN1pPGdijeTi9njXR9FrT8b6QmOA8svMdLJwu069kRoREQkHDeWjpunuT/rSDArsKczll/79Nj3FhusLUNFRJwz/Zkt03PPS6ii0nxLt7+StOhvD+Oz16ACAAAYNJgTGwAABp/fn+Z3GbB6bU/4K2u3Xfze2LEe7/0fdWd3xsVsOvzDoAdolf5WUx/2NpZtmvrK2m0XbxvtFr35PXuAr+vTph7ULlMmj7f8pPHvOdu+Jptav2/s+lq+9Xs9a2NguNVlqIy9W+balqcmv+jH2qT7aKu2xWrhO9oNCxVTF27ae7nfR1YDAAA4BNkyAAAMAWb+4vlde4DrL3+0XDlp5h+nRChC5kT6Bf05fHVx5VClysO6bPnidKn5Usk9yyRvf/LP80b95Y+WK6a+kvye5rLuJ+vljI0nVrx7gp1AdswdzX8pirUkUqvuo8WJH1lLKY2N2nULlSFLNn3Omuz6/n328W9a+yHg6/3byuxeV4+MmvdHf9amls8+mJNYXGNZG8bGEytiPjh8h4xfV6QvU8xYtu1wY7czhwMAAAwA9MQGAICh4OS35v3oqtf21FjLOVv0t62/bxxMrmPFI6nGPM9svZYe9XrVq+FBAtL9+8Qnle7r9y+1PkVaVxf3bGvv0my8cW3Xh2t3fUgc51HP+T7v+dQIt3HPufzvl5e+u9X4xfnKb7umhU+/GhHQ/v9PvLQ4eudZy3q7r9u2TLHLmXlhmt+0PzB8ulXz7y8vdR6q4i9LcvK3LpV0zCv+5NOCkUTml3b5H+8eCdgY2rm4ccvl/SvWWr87fcF5ceFf951/z3LIdNO5nZEhe7ii54OYEUT3u1ZC0+Ujby4jt38uHs8+HgAAwABCtgwAAEPEI+Lj7DtLEoovsdeT6sJphMuTP/bTasCO8/uj/Om9uyzH995vOLw953DbH7rPzi2VTHLkUD8f1pzo+vLW2Hz70lntJSIqOdLNzi6hi14fa/b3MxEfb6ibs7qCdUBjs+7zEt3nJdYO8e2JuJVPF3cOC/d7MXjE3k/M56P+8cRG5aTsUW7PeI7nfP9/v2oYsNoWvPr+m1et9K7/ueXq+U+u2tprxEuropEqAwDAIENPbAAAGDJc0cK/73/ndcmo7grxAzYVbpzvOnhRdRBGLnzJxoThRET0894DWvuDkImI6hsanuhdDC6TFn+8yp810xV3ypt/fyvAxYEJwzqwZheTvLbMyqXdud149fzhi2ap8lMj+rhklRUjAzZtXTqru4pleWK8cuOmKezVpwAAAAYasmUAABhSzn6LM9XnCt9Z82f/8a4jOtJCjvOo8VPC12zJPbf/zZespMqju6ylNABGBmx6P3p81wHMHc5qP7Mx/NgSs3jnnqNrQyWuPcmZnUZNW7TxYFaolXnCidyC3zxasGKehyMHfIKJTDmVbTnf+MiATe8vntZ9HT4zK//duV1mY+sPrrM+2Je7SdbNCtvthglezdz2965zwgEAAAw89MQGAIChx3Hzm7/Ib/4iGx//9GVVreWWkU//x5ODERh5RPz902mHt3/w4YFrjZY9xjnOzIuvhk/rJpe28ITbi4vzX1xs/PbyJ8eKPz32xSW9zWmrOM7Mi5H/FS8PYLq9Ro6bdP1O6V9rT+z8+Mjec7qWLh3aOc7MC2Ghr0fOEjpbvbTQvxVO/Lxo50d7K2pY/a5HCl6KXZwy14/buN/By+uxYU+/tOqjFxde+7RIvevwNV2Xjt/cZ8YGzY1+PczPxdEaBgAA6Ge/efDgwVDHAAAAj6vW2y0/jeKOtFOqSZM440OdxaYpS89lzBrklXiNzbdb2me94jw5itvHdP3+j013vq/7osF8PjPus8+LXHt5ZOOd2+YJM2fkKK7DeabFvsNGuIzsZb/x3vvpx6afOn8+6FHwAAAAthgMBiKqqqrq6Y5isRjvlgEAYCjp9qaG76J5K1f8NZjh2hiFa6zd85ccHWujJGDSIKfKps7h/XnSYSNcnmJcApn+Oh5nZO/D68u+/ePJES6D01kAAADAYciWAQBgiNw58d6OBmqlTzYmfvL+iPGTZr0cNln63NO8J0dxn/y55YcfDTe++HT/P7Z91sCeScvJf15wtxODAQAAAPQZsmUAABgalR/v/LxjOd/7P146W3zpbHG6AzsKFy18Ce8hAQAAYIBhTmwAABgK3+7Psljv11EuwW9+jBmSAQAAYOAhWwYAgKHwTPj6N/zdejaT0xPjX9148K2A/l8BGAAAAKALzIkNAABD5/7tS58VfVR4ovJbm8spERE5PSEMjHz9tfBpboM+VzMAAAA8svo4JzayZQAAeAjc/7GpUVf15bWqK/XmKyq5MP5i4dgXxj7NsTFjNgAAAIAtyJYBAAAAAAAA2PqYLWPcMgAAAAAAAAAbsmUAAAAAAAAANmTLAAAAAAAAAGzIlgEAAAAAAADYkC0DAAAAAAAAsCFbBgAAAAAAAGBDtgwAAAAAAADAhmwZAAAAAAAAgA3ZMgAAAAAAAAAbsmUAAAAAAAAANmTLAAAAAAAAAGzIlgEAAAAAAADYkC0DAAAAAAAAsCFbBgAAAAAAAGBDtgwAAAAAAADAhmwZAAAAAAAAgA3ZMgAAAAAAAAAbsmUAAAAAAAAANmTLAAAAAAAAAGzIlgEAAAAAAADYkC0DAAAAAAAAsCFbBgAAAAAAAGBDtgwAAAAAAADAhmwZAAAAAAAAgA3ZMgAAAAAAAAAbsmUAAAAAAAAANmTLAAAAAAAAAGzIlgEAAAAAAADYkC0DAAAAAAAAsCFbBoBe0OWEixifpDJrn9XmyRkfUViebvDD6jPtch8RY/W/8Lxa6nrhxrIUKeMzIaLAoYutzZMzPvKcPlWMKQCr/5mi6llINk6SF+YjYpK0fQn0160syWb7t+5WVY5SJhaKGJ8JsQdaBjK0fmlmHbp70h9+hvN5sSESxkfE+CkP3hrqaAAA4BH026EOAADgYSOOUyn8WdtGeLpbKdly80YLkdFgMPbbyRvVYTNKQo5qljLdFBLMWb0q1JW1ke87QCH1k7LVotjWXF2mdKgDGXStletkioIfXAKVaa/48PgTuP13aG2yUHkv5+qWmf13yEeF3SelYkPQgkK9q3RphnzccP7E0YMcHwAA/BogWwYAYBFMCQ0KdKikS2R+Rcgt4o3m9NvJr9VUE4XYKcT1nh4023qSMAAh9Q9d9VWisUMdxZD4d2mxntzj8nYkCPv5yLqa6lby7OeDPiLsPSnlpYf0JIj7W27iuMEMCwAAflXQExsAoC84/ZuX1n5V1+dj9HNI/aThq5qhDmGo3DUYiHjOA3BT/qeuuv8P+miw+6QYW1qIuM7DBysgAAD4NUK2DAADrLXhWIYieJKI8RExk2TRGSX1Zn2Ejd+UpC8wjecUCSVRySUNNjsQ36oqWBklMR3HTxKsVJU1dn5oGiy9/KT5DpZDLnV5YT6iZC0ZtKroGRMYHxETYhqK3Cfs87a2XChIipBMYA8qNh8D/EvLhTxle4XIk480tG1vLIyVSoKzaohqskLMhyL3KaTaPDkjTC1rtXHStlOXtt+FCeLI1IP/c499UPPrEkqClXkXzEaBliWJmHnqemNN0Uq56VYuOWJxG8szgsV+yoNEdEBpqpDOYe3d3lbLGPrQkG7VFHXs6yeJSCmtb+34TLvcRxSW32Cs0SwPlzA+IkaYcKxtZ2N9yeZo08BXH5E4RJmltaw3Y8PBlCixn4jxEQlnKHOqug5I1uWEixhlCRFVZ8lMx2m/Ncb6ks3RMonQdHBpVLJGZ+jcsZuoTCrTZ0iEyhIiOqg0tRbLscq2mplZtZsiZybJYvOqDK3kmG7CrskKEjFTN5SbHcpYksD4iCIKmsyOUJMVJGKCVNUORGKoKlweaTrXBHFkUsH5FnLkSdHlhfmIYg+QlQL90BImiCNTD35j84uqrSm2XZE0IkVTa3ZfHXoeAQDgoYGe2AAwoFoOLg1eftJloiJlq5jf/G1pwfbUFQLx/hgBERm1qdJ4jZ4vjluj8nehm2dU6SuDT11WV66WsA+j00THpJYbmDnL0kKf4VGTNiszL3aWNrFYs9SnB9GUb5EHfc8JV2YucCH6/QSv/r1WMpalvByrafGKXLV1Kp+aqrZvV1+4QTxGEiIVtJdpKH7j5d2jw5alycfc1R3YripKkN/jaLfM5JCrdNlqvtfuhPzzHcOSTUOR+6z1ePrLp5utnpSIrueFhauqf8vMWZ4W+gyv+duS7KUay98RdAXz5euqyEum3BjEON+9uk+lipBWbCxVR3aMnb5S8pf5HxrdlWveVzoTx3O6xXtUX3nKJteS9IySen/F1gViIuKMdaOe3dY+NKQbhREzNlS7SmISVIkudLNKna1OiGjN1WZIO6KsPpQQoTIKliVtVfJohGcgx3Q3g2KLmjg+ssSMIK/hhtpSdXZ80pgThTFupp2q0sPlJIpdk6lwbqranqvOilxI7GG0zJy1Kq/P1Evyq9xlq9YECYiILyIiY3mGPFqt4/sr1qjEY8hwRaPKWS07VZlbminldRdVB1Fk6oYxJZvTSxomxqkW+RERx7NzKLvtZkZEusKI8A0XqK3am69rsrZESSrStGo5305L6j5sYYhMkJNz6Oi/UyYHtJU/VlJKRBcOH9fHRLUdvOb4wW/IfWmwr91IrmwOi1TXM0GJGTKv4frze3emv5HpdTJtst0n5dmX16uYo10L9K0l8P0V61XiMaQ/lbN5ecjpK2rtmoAuFVSxOUyhruWL45JU/i7UfF2TlZsafKpyx5HMwI772v3zCAAAD5UHAAA9Vpc9R+jhveqUtc++yp3n4S2U5dY9ePDgwc09Ud7C55JPWyn3S8XaKUKPWZlXfuncdnP3fA/v+bu/YxXV744RenjPy75mtq35kOI5ocesLVfMTprwme0g63Jl3kKP5+KLm7u5rtMJ3javy+qFW5z35p4ob+H4dRWdxS9nSr2FUXv0FjWTffVeR4Hv9si9hR4xe262bzi1SujhPS+7rvsAuinArgp7J7VWtxczpd5Cj1Vtd+3mnoUe3kLFPw2dBX6pWOvfeaWnVgk9vIXSTVdtxtRR/6vMW4L929qpbw3p3g+Ge2Z7nF33gof3wt1tlW666UHvXrY87NUtUm+hR/wh8/Zy7949s0uelnDYrE7+lTbeWzj+nYoHXX22qvOJMClPe8FbOH7FcfODX9kU5OEtVB66111Ulqw1e8fuOOtB+FfaeO8X1v6r6xksG7zdsK9ukZq3hB8PKbyF8j9Z3Iuvcud5eAe9d9V+JGffecHDe972BuvXbu9JsV6gNy2hPO0FdvPW7/6T0ONPnY9tG1NT9F911PyKLmdKvYUef2m7r458CQAAQD9qbm5ubm4+3XOmHdETGwAG0lMCvhMZz2nLbnTpuPjv0mI9+UbIfZ06t/GnTvelqqMnmyxK6o8frSCaqYgzf9/Iky16hUvffFp8pQfhuCsS5vDsliqJtb58lEOch5udYBiPQ2RoMeuIScKQUGHnKyTXgBk+RM0tzY5fA5n3L2UtH2WL7ZOa6jZAHmlRtzyza2g6erSSnGQLwsxmcnaSzJhJhpLS8s5N0sRlPZzCqke3tW8NiTOaa/4BPdKFAAAgAElEQVTajv97AZHBYN5veuYbrLmgyvcX1hM3ZqHMvL1wOOaHCZgbalYnAZJAIkOLQ1ORmyagiowNMj+474KFE4mOlZR2HqJLVA6zd8fDoiwehKnSQGopPlnZ17CFwXOepfojJaZe1sbjJWUkXfBBVGDnvWgqL6uhZ18OEdqPhD9GQNRw6niN0dFe4vb1piWUHtKTMDLCvHm7TA4U0vnSo3rLo5umc4tUzDa/onGKOH+i0pJjdzs29cuXAAAADAb0xAaAgeQkfSdfcVWpjpUW8hhJyB8VcTFSr+FERHpdncE0mDOLvZNvi4HIpfPvOl01kTvjyeqnyP+9gKjm5s0ehOPYTEtBG8+kzjDf8FuuvR6qpoCCQwI2rFOnpEtVy57nk76qIGNPLQkTg7pbDIqcuvvQBmbp3p0LnjHfwrH/I4DVk9bpqol43p62L7Cu9ipRa0mssKTLR+arVPF4PZ1OqUe3tY8NydhUXqTK3nf8wvWOdNYyt+fxLMMw6htbiKT+zzt8OU6Od6Ntqv2qhWjCOFa7cBUIiC5811hP5GU9qj6wvON0QMkc6FLGTqrvSNjCkCBBTn5FmY58GeOxo1qamTnbNYhm0vKjx/VRUXz98aPn27th24vEK27z+n8vXJchF77PnTg1KlIZHS526WuF9LglmK66JitE1KV9CQ0tRGZPjqkpTvRhVZCLuzvReX39DSJb3wS9+RIAAIDBgGwZAHphGMeJiPT1eot/LJrjcdvSN97UVcer3qj9t6Z4p6Zgi7Joi0tkzqcbZ3J5wzlENDtD+06X9Xc5I1ysHHHwcMbwXRxKj9lcYrLVtXJF/oLg/LYjMXH5O7tdObl3OL8b7cLvVYhs940GIvfucm0eh0vkGr9fHd1lxekepuh90/uGZNAuD1Ue/IHrOz1qzVKRl+cEzqGFEXmDGPpDZSTHmWhMfOGeBQL2R5x+WAja96Ug93z1qTNNS10rjpymwIwgDnFmh0gpqfSoPiqktLScBHEvCh2KxImJyddG3qgqK9bs/u+dyZF568SrDu1VePU6t+xNSzDNqt3lFzQiIg7vqd5GAgAAjwhkywDQC4LJ0wV0pfLUmZaYuax/YTeVl9UQCacEmGW8ThyvgKjEgKjEWyXLg5KKsvcvnalw9/J0J21Dk4HPt5dNejK+ROW6OiMJzV/76L9rIBKMGUNExHkoXs4YyzJWFQxX7CmW8Xl852EcHp/7sM/bIxD4ElXfaGC/YevEjBtLdLrR8JQLv38r2YHbytarhlSuWnVQL0ws6Zw5rHak3dvC4btxiS6e/4LmdJnJqc9cvLy5VKG7oqM55p1+bzQ0ENHv3br8KtGvGKEnUdn3Bj6/p79JORb2ONlsN3V+6fHa0ZXHWqVbgjlExAmWBSYlHS3VOWsryU0RPq4HkXBcxbPjxbPjU6pVUWE5m/PPKDZ2+VnEQb1rCZ6MgE426Ftc7H5R8RlPHlXWXddZPk1N9fVExHd37WZXAAB4SGHcMgD0hq/ijUAnKtucduyWxfZ6TUrWeeLNTYhr/5el0aK7rmAMl2gk53dENE4251mq3p1bZrA4gkV5E35wSADRSXX+dbONhpLt+1ro2ZdN//J29xER0cXKqs4Ct65+ZWstooHCEfh58mvU0eHy4BlSyVSJ0EfE+AVHZ1UaHNh5aDDSwGeJjmgOmoVYf/FifedfnNmyIGotycrXWexobOl6o3rGgdtqccLeNiRjSwuRp5dn+wetDRcu2l+wZ3JQGJ9aCnaWmB/VcKOpjxdtdvCGoh2l5gev3r3zAtFsWdDA/sIyPGhuENEhVc51i81GB4ZcOxa2MDxUQBXa9JJSmimbPbz9pDOpXKs6cprcQ2W+DkZi0cY47gI+EZczrLcX3tuW4Bv2sjvV7M7VWrSvVqPhbpeifwgK51N9kfqYedEr6vzzREHtVQEAAI8UvFsGgF7hybbkV0XEFS6ZUjFxgXKRmE+kP787N/98E41T7E9pX5Hlel6YTNXsr1i2QDyG9OfVufmNLnNSw/hERMLEnISycFXs1KtzlilCn+FR09V9+wvLaviJR0ssey+7xLydUhy+IUsu+6qtpDYrU1NLwsSchLZ/eU+VxfA1Beo3oocnLPDh3awqzNfoOaOJBjNPNVQW7K5yjsndrxT9jojIUHuuojhnc1Ge4s2xF7fKHEqCfMUSOlC5O03Fl9HRffcX7V01eWBfmwsXLZXmJGmXy5RfJcjHDTfUlqq3N/DciarbS3BkG3ZoL8ZmySRlpvtoqD1TUlRceTNIVfW+w6kdI57Io+pDmcl+Rt9r6lPPf7gj0oHb2qEPDcnXT0wHStbGuTVHipybqrZv30+uXbr+dhWQsGnu8dgDSRJZ5Zql0jFtzZtidpeuD+hzPhuwalPk8diihKDv2qr0ikaVo23iz83d5Fg7MfEaP4FHNQczU/2Nwmq1duKHuZH2X2By5mTkngxVZoVLT5me3Lu6U8Wa4gr97JyKLd3fT8fCNnXGLjtJgZkdh2vrjH2MBHEvdbx37T4SOpYkWXKSMd3T5m9L8rdoaVxCzB/az9LzJ6WXLUGY8HGiNjhLKbkqW6YI8hpON69qivZqq10TjpfEW6xC5yRZkyE/Gq9ZImuIW6RoX0FKq+fLdmT05L4CAMBDA9kyAPQSb2rK8bOygixVwYHNS9RGIg7PRxyXkbdsrpDX8c9Wn/j9e2n5uh3pCWojEY+RxKnS1szkdnx66IQwKy2zIDv1oJGI5zJxUtSWD5Vznu1yMiZqv1ZUkJaZvT31oIGIw/WaGr8jNSHQrb2Ak2R9kcq4IqU4J7WcOO4BUYmaNzwPhIXlDFJtEFG56o2CJvmeVGl7T1oXfigzeWxLdYiqobHR9gw/FvivpK7XKtNP5iWf404MSuL9MuAzAPHm5p7mpK54uyRntZZ4TOCiDdrNnO0h8urOItzAzE+PSzKTVfvXJahNNzokqXBNlLgnCYAkUaW4kKAuSkvgMZKYYA45cls79KEh8aMyt15LeFOTl3yGeIx00Qcnlo4uDAs5bi9gbmBm6WnphhVpJesSNOTE5ftNX783Nca/X7IeTuCG0tMBHybn7m+7IldxZMbONXKmZ0PBAxK2Ki4u2a1Zt5Lr9YeoEAdD40m3HCmZkpmSpdmwRE3E4XpNCF6zN8mBS3MsbFNn7BtBc4M7D8gJls1erT3mGmTRa6DbSGZnHt+SlvRue9uYGJqy/+2ojkHLvXhSetsSyCtec1qoWpdZmL26xHTVE+dnnl4m69pnniNN0x6VZKXmFmUm5JuaojxtT5LcazCH+AMAQP/5zYMHD4Y6BgCAX4Oy1aLYA9ItlbnmK+IYDijFSVfj9mrX+A9lbAAAAACPIYPBQERVVVUOlLUgFovxbhkAoN8EKhJ8D6iWz5SfXBQV+gyPSH+luDD/pI4vz12GVBkAAADgUYN3ywAA/cb4TUl2RmHRuSq9gYg4PHHQIuUbcTMFGLIIAAAAMPj6+G4Z2TIAAAAAAAD8CvUxW8YKUgAAAAAAAABsyJYBAAAAAAAA2JAtAwAAAAAAALAhWwYAAAAAAABgQ7YMAAAAAAAAwIZsGQAAAAAAAIAN2TIAAAAAAAAAG7JlAAAAAAAAADZkywAAAAAAAABsyJYBAAAAAAAA2JAtAwAAAAAAALAhWwYAAAAAAABgQ7YMAA89XWGEn4iRppbdtVvUWJYiZXwmRBToBjCeu9pkqYjxixrQk1hVWxAl9BFJUrTG7sudTGJ8RGF57fH1oAIHnKFGk75AJpkkYnxEjI9ILI2KzdJU3xrqsAZMWZKICc+r7eejapf7DMRhLdTmyRkf0fKT/XU8XU64iPFJKuuv4w2EW1UFK6PEfm2Ns+2/JG3bpz188MuSBvx6y5JEjI88p7++iHR5Yf15xwEAfg2QLQPAw6Vstdk/T01uNdb/QnTLYCdFJCJquXmjhchocKSsY+rz5ey05Ef9zVtEv/TjSRxl+K7BSGRo6eGJe1CBA6lVVxAnFYenFtTzZyxK26pSbVWlLZJSdX5q2BRpbOGg//YAYM6gXS6LWnekwSsqZatKtVWl2rpa5m5eYAAefCtfLw8TK9/GAACPmd8OdQAAAOZ01VeJxlpu819VeV5pcOLyOHZ3d4nMrwi5RbzR9os6qO56DVGwxSa+fMe5YEMrlze8v07iqIlJ2ppFLTSa27PL60EFDhxd/n/J0q+Qb4Jm/1JhRyCzQ+VLk6rSF0blvy1fwtNulXGHMER4nNXuVR3Uc+eoPt0S2t4IdbrsDLMSA/DgW/l6eYhY+zYGAHjM4N0yADxUGr6qsbZ5uOOZHqcfU2UiXfU1qycZglS57cw9TZVNelCBA0JfmJZ+hfhzc/eYpcpteOI1O1VzeMZjq1YdNAxRfAOG7yIY6hDAIQ11NUQC77Hd/l7Tzw++ja+XoeLqxrf428a3MQDA4wTZMgD0gna5jygsv4FuVeUoZWKhiPGZII5MPdZoVsTYUJaXFCGZwPiIGKEkWJl3wSwRKksSMfPU9caaopVysVDE+IiWHDGWZwSL/ZQHieiA0jRisH3kbZdRmq0tFwraD+4zQRyZWnS9xfQJa7Bl24laWy7kKYMniRgfkVASlXykwTzQ+pN5yyMlQtMw2hBlTlXboeoLlZJJsqwaohpVsMUIRtYIzLbaMH5Tktx2nAnTLa/XMmBrQyIdiIe6DEiuzZMzwtSy1payLMV0PxHjIwq2PoTRsgJ1eWE+omQtGc7nxYZITDcoLKW0vtUyjJLN0aZPfSaII1MPfmPW/bS14ViGwlSfzCRZdEZJvZ2+qTW71ZVE4mUrpTyrn/OCFsUIqFW7fW9b/O0tpOFgSts4UuEMy6ogMn5Tkr7A1PxEzCRZrErbeQnmA1AnyWLzqgytXU56ozDCR8QsKNRbbtYXKhgf0ZISY2c9yNpvhzQqWaPrvLGs8eEdkZsNJR3zn26csUIvIjqzQewjmq5i5x/laVLGJzjLtNm8nZiemu5HdFs+gBb3qKN+2ipBGpGiqTWwdy9YGdU2htxPEqxUlTWSbS0XMuWMjzS6o89895Vs1kiEkqjkkoZ7Vo86GHeh/Qmt0SwPNzX4hGPmVaXLC/MRxR4gopqsEFsPprWh11bHObOG/tpow7a/Xrph1jwmyWLzqm7+wirQbUXZfayGC7z4Qu//JCKy/W0MAPB4QU9sAOil6sOpEdv1gljFpnDezSp19m7NkkjjjiOZgTwiY+W6IEXBXeGcRSmLnuE1f1uSv0UVsXDY8U8UXh37Xyn5y/wPje7KNe8rnYnjOZ0zxjNlk2tJekZJvb9i6wIxEXHGulk7s65gvnxdlZHvr1i/QDyG9Od35yYryP1k2mSrr09rSpLn5+oFsXFpcuemqu3b1UUJUfc4n26ZySUylr8dFL3P6Bsau17BON/VHdiuypq/kPOpJo4h9+nKd0Z7bk9QX3CTrUkKciei34ts1sY+ZVguiRYlbVHwblaps9WqiBg6XhzvRaa5x16O1bR4Ra7aOpVPTVXbt6sv3CAeIwmRsl48dhePda2VWf/18s3fhi3LjBpDxJ9gqxzb0XTZqbu88EUbXnEx1B5VZxUlhN3PrcyUctoCDootauL7K9arxGNIfypn8/KQ01fU2jUBRNRycGnw8pMuExUpW8X85m9LC7anrhCI98fYfomqv3jhGyKf6ZNdbRbxfTHIPUddffGqkZi223hl72vhuSSKXZOpcG6q2p6rzopcSEc1SxkiIqM2VRqv0f+WmbM8LfQZXvO3pfnZyhVPHd8fIyBdYUT4hgvEzFmWFvoMr/m6JmtLlKQiTauWW7w6c5UvCNpwoXTn7pqoRGHH1prd6kp6VrEslENkLM+QR6t1fH/FGpV4DBmuaFQ5q2WnKnNLM22k/V3wI9U1kURENFUe82xhToGmfFnKZKf2j1u1+wqbyD9lgbCjYZOXTLkxiHG+e3WfShUhrdhYqo60Wm+G4yvC9/DlCZvCec3XNVm5muUhDc2n1DGuRETGis1hCnUtXxyXpPJ3oebrmqzc1OBTlW1PKBHpNNExqeWGtlqiJm1WZl7sLG1isWapT9eTGatzFkbk6yYmafZEMWSaOq6bSm7V5fyXLOsKx0uWsDGIcb6rO5CtLLKabQ3KXSCi6kMJESqjYFnSViWPRngGmn9XPPvyehVzdHdC/nnBnNWrQl27e9I73dUmy5RFBiYySTXDhW5WqbN3V+mJ6/WH4Jn/2VGoKj1cbrUN9+jrhYiIWsqSXo490NT5vad+I7nKvIBjFdXdYyVec0ZjKuUrd/DbGADg1+4BAECPnU7wFnpMeaO4oXPTzT0LPbyFstw605/3mg33fjH7dPd8D+8X1pa3/XlqldDDWyjddJV94LpcmbfQY9VpK6ebk/uV6ciH3ui67717bf/zVe48D29hwmfmJ5qm/Gd9Z9Hv9kQ913m0B/cMzT8+MP9U7i0c/06F1VN3RJk9R+jhveqURW2sOvpDZ4mz617ovN6be6K8hePXVXR+fDlT6i2M2qNnX77deD5bZV7Jpov1iD/UzDqIZTH2VZgq+Y+5V+517KDf/Sehh/fC3TcfPHjw4EF52gvsGtbv/pPQ4097brZfznPJrHvULdMZY/bctFumPUjTjUs4bOgs8K+08Z1VcfW9WUKP5+KLza/8nqkV6HfHdPnoX2njvV9Y+68uJ726Reot9PjLoXsWJYXy3fqOehi/4rj5ka5sCvLwFipNe7DruSPyedkW29rc3D2/c19TyIfe6NhieoIU/zS75F8q1vpbtpw2pxO8hR7Pzcu+1rmp+Z/xHh3180vF2ilCD/9VR81Dv5xpdrH63TFCD2+LIzxoPqR4Tugxa8uVBw9Yj5Lp/82u1E4lt30bmNfCLxffDTR/aswM+F04neAt9PAOevdy13Pb2uXBAytfRxYP/s09Cz0sG9WVTUGdD5H9Nmzr68UGK/Vg2PeaWcx2K8qhkLq5fACAR1Jzc3Nzc/PpnjPtiJ7YANBbU+VzzF428OfKA4mqz1SYelRyeFyOk9mnbgKilmaLFYykicuE1GNNRUWlRJI4hcW+nO4G5Qa8Mtfstaer/JXpRDUV5W2BWg5EdBUIejHpNBFNlc0e3fnXZMl01vU6Dzd7DTaMxyEytFgbpNvjeARxy2SOv2Hr4Ds7yLez0lwm/38MkcHQQkRUXnpIT8LICPMadpkcKKTzpUf1RE8J+E5kPKctuzHQc2wHzA01G0QaIAnsqIoKTcE3xItSzDG/cg6HQ0T640criMKiLD6aKg2kluKTlewzCKPjAohKC4tumP42HiwsNDgFLZC7tNeDIDI2yPxIvgsWTiQ6VlLai4vny6NmO9GxPZr2XsdNRXtKiRe1IJRD1HT0aCU5yRaEmV2yk2TGTDKUlJZbPZxP8Gyzl8C8MPkcIsO5qloi+ndpsZ7cIxWzzUMfp4jzJyotOXa3vZZmKuLMXyPzZIte4dI3nxZfMdtoNFbnyIOzanwTNPvj23su2KnkpqNHK4kkkZFmPR2ceM62mung3IWZbySOc7y0g5w5zp1/cEYM63iI2tluwz1UXnpIT9zwSPN64I55ilXAkYrqt5AAAB4H6IkNAP1kOI9HRM0tzUR8Imo11h7JTd+tuXC5ycqQUSIiXq/my9HX1xO5iSbyHShrHYfHo7Z/1PKJiIy6kuzMwqJzVfp+nGLKPHvnB4cEbFinTkmXqpY9zyd9VUHGnloSJgZZ7zXdw3i4zv0y7dBvOyJuqv2qxTSAM4tdSGhoIeJL38lXXFWqY6WFPEYS8kdFXIzUq/sYuFweEf3Q3jasumswEJEz19lWAafOOjXeaDAQBfqJrRSr01WbBlse6PKRlZTAJSY+KquiMH9fTUyCkG5odpeS+1LlnOEd9TBhHOsuuQoERBe+a6wn8upyODuGyxa8knassL3Xcc2e/PPkvlQ+2YmI6mqvErWWxApLuuzm2IpFTp7eQqKaugYiZ12dgWiiDyt0F3d3ovP6+htEN3XVRO6MJ+tXJv7vBUQ1N292bjmYMOEgEQkTPlCaTc9mp5Lraq8S8Ty9HH1IB+Uu8Pp5njv+zKDJaRvy126e8YFyIp9uflG4rlBHwoTZ3QyGcOp1CKZ6kHh5dl+g5xXV+5AAAB4LyJYBYAC0j1p0D5At2iD19RT61m2WrC4d6rCsqM2TB2fVcNwk4YvSZnh7ivzq0qemHuvnk7jEZKtr5Yr8BcH5pg0cJi5/51Jr/6oelHi6Z0q/gzaeSZ3B/ojDe4qIiDd11fGqN2r/rSneqSnYoiza4hKZ8+nGmbYnE+ZPmPgslV8/XX4j3svG0OXqz0rriXynBvT+ZxCTkRxnojHxhXsWdBlHzbEWoWk4cW7uwUUqz307L5B4/Su96PLgqMmvRLkX5h08VJMoFJbvK6zvPB2PwyVyjd+vjnZn78RxtO9Aa//nhLMzji+oS4jOV0WniytTJW1b7VRypfFHIleHwx70u9A/XKO2qnVhC9TRQWrTBo6PYsfO+B7/huKQe8Y7RMRxHjEgRwcAAFuQLQNAP9HV1BHR793cifT70rKucOeoTnSuXPpDf/0bnu/uTlRx9YKefHuZV5lWbeG7uxLpC9dl1fBkKu37Hd0XDQPwqsVYlrGqYLhiT7GMz+M7D+Pw+DZWgRqkeLrH8WQEdLJB3+LC7/YtmVdAVGJAVOKtkuVBSUXZ+5fOVHRJ8zoIFygkOW9XZqu0kRlSK1dkKN1e0EBO0kXzHZqljOMq4BFduFxFcyXszxihJ1HZ9wY+38WRQxEJlyUE5aws3b1P41vQwJub0j6llouXN5cqdFd0NMe8B++Nhob2dm72Qt5hwug4/7x1RZpypXj3vhYKimo/HTNuLNHpRsNTLnwnewex6u7V89eJAhgvIj7jyaPKuus6IvOcs6m+vr3lcxlfonJdnZEsFvTSf9dAJBgzpnMLZ7RgctLOHU0vxxasWj7VNDee3UoWuPsQ1egbWsnX0WsZ3LvQL+5q0xMLeXHqQ2F8ngvvdxwufwBXaRN4eRFdaahvILIyB5tjFQUAAD2HccsA0Fs/6M27WFfv11QTzZYFcYiaWwxEfG/Pjld5LRcq6/rprC4hIRKiyny1+Uo8Rv2NFtu7GG6aL8NzRVNUQxQkmz2cqKXFQDTG07PjJZihqt8CNcMR+Hnya9TR4fLgGVLJVInQR8T4BUdnVbK7Wg9SPHb4hr3sTjW7c7UW4bUaDe3DsI3mXYN5gjFcopGc35k+umV9BCQ/KnXNONJrEqLzatgFDFXpCxMOGjiT12+Y4+DryD8EhfPJUKi2WJ/5VpPeSDQ8aG4Q0SFVznWLPYy2h2ZyQqNieHQhM7XAIIhRdCbzk4PC+NRQtKPU/CTVu3deaG/n5Mn4ElX/+2JnAWPNeTsr6LpERgeRoXB3aumxVm5MlKz9dJzZsiBqLcnKt5w52thisx+2wWD+ANaq1WVEk0OC+e31U1+kPmYe+hV1/vn2ls8PDgkgOqnON68lQ8n2fS307Mvh7PG93MCMnYnjmg4uXdhWq3YqmQmcKSAq2XfI7KlsvHi+u+WpBvku9AeOwNfHpTpfERYumz5VKpk0gfERCWcoss50813kCKPhlpVbPlkaRKQrOmD2vWeoOmt2mfYrCgAAeg7vlgGgt86kSsMrFymCvIYbrmhUOdomjjglUcYhIq9xE3hUmPVGKi9BOuau7oh6R/lwgUMvNxjxRB5VH8pM9jP6XlOfev7DHZHsl1f8V1IT98uy8uWS6/GJcpHzXd0Rde7BOuH6U4Ux1nv5apODZGcXKdrWucnV6jni9aZAnxVP5FFB9hvJvIQZLobaUvX2czx3i3VSRP4BdLBizzqVSziVFhkV+5O6vMy0y1BZsLvKOSZ3v1L0OyIiQ+25iuKczUV5ijfHXtwqM/t3rP14BoUw4eNEbXCWUnJVtkwR5DWcbl7VFO3VVrsmHC+J97qeFyZTNfsrlrUtY5Ob3+gyJzWMT1SbLw/OrKGpaZWstZqIiJi4vRrO0vh1WXLxf0vC/ySb8QyPyFB7pqSouLL+F5fAt3d2vdc2OUkS02RHlSXLp8rOJiV0rN9Dr6i1b0vmZOSeDFVmhUtPLVAuEvPpru5Usaa4Qj87p2KL1azBSbIsQVyQVkX+CxeYv4sNWLUp8nhsUULQd6aLbWvn/Lm5m0x3zS0sMmDzOm1qxGpjotS0mFaF0cV2j3SitrTw7dKCI6X0bHzkVLPtsg07tBdjs2SSsrbTmSrnZpCq6n1rcd8/tCJcH6kI8hpuqC1VZ5foaFzC+ldcTFe0JkN+NF6zRNYQt0jRvoKUVs+X7cgwhe4S83ZKcfiGLLnsq2WK9hWkNLUkTMxJ8LVSRczSnblfhSqzFEm+RzIDeZzuK9lX8UZgblLZ6pdjv0l4xYfX/G1p/o4GnhtRN0PxB/cu9J2horDgHC8mt3CZ3++IiG7VXagsycrU5MSleJ9XzXFoNgErXy8XMoIi1E1eCZrjSy0nMgxVxqlK8/Ojgg2rEk0L0e0opdFmPeHtVlRPOfBtDADwq4dsGQB6KyxzzyRtckZCtYGIxwQmfrglTtz2anBqwo7EhhXZmnUJGs5ocXiqRhuqe3Oc0oGDShJVigsJ6qK0BB4jiQm2mtswS/9ROTl/VfL2vGQtEYfrNSFqS84bc2yu5SvbUiA5mZy5pKaFnLhe0xO2ZsRPNM1f7SRJzE+oX5FblJZQxOFODE89VCqrSxXFdu7rEpOScip+c1lO6oXR4tmJPKPlBF6OKFe9UdAk35Mqbf+9wIUfykwe21IdompobCQynzfYbjyDxCtec1qoWpdZmL26xEjEcxVPnJ95epnMnYh84vfvpeXrdqQnqI1EPEYSp0pbM5NLRM48HoeI58a3/oaYI4zJ14bXaLIz1MXbU4sMRKYjL0z7W6zcd7TVfWzizczUlkrXrUorTksoIuK5igPXFL4TJeYQEU+65UjJlMyULPnLdjAAACAASURBVM2GJWpTCwleszcpxt/mreON5hNxY5ZFWSb5nMANpacDPkzO3d92sa7iyIyda+RM+wW6xGQXGpJSth/YsERDPKEsMe/T8O9SxCsbugvdSRIZIyjIaZi4INoyL+UGZn56XJKZrNq/LkFNxOH5iEOSCteYLqor6YZDoZWxq5KybhmJx0xWqDYmBbm393zmSNO0RyVZqblFmQn5RiKey0R52p4kuVfHvWGi9mtFBWmZ2dtTDxqIOFyvqfE7UhMCbf06w5NuUSfUhatiF3oe/0e8V/eVzJPtOMFJXpFSnJNa5sT1mh678WgmZ3dwWI2Ngw/+XeiryqyEwpuR6vUz2/NVvstsH4nn3avBWQ31Nywea9usfL3wBAIONdV+o7fsRU/kJFyjKXROStmu2bCkiMMTy97ZeWj25SRh52XaraiecuDbGADg1+43Dx48GOoYAOCRo13uozw4N1eXKR3qSOwoSxLFHpDtuJ4ZOIQxrBbFHpBuqcw172ZsOKAUJ12N26td4z90kUEbXU64LOtu/KFSa69VYZA8WndBmyxUFk3PrMo1X7+t5aBSsvyyYv+ZVRP7cOgLGcHb/Q5t7d0LYQAAsGQwGIioqqqqpzuKxWK8WwYAGHCBigTfA6rlM+UnF0WFPsMj0l8pLsw/qePLc5chVX4YnCncXkOT345+FJK0X69H7C5I45YLi7KSpOHaRQuCvIYTNV3dt29nWZ1LZI6yL6kyXc9LvyjfmIRUGQDgoYBsGQBggPnE7z/qlp1RWGTq8kocnjhoWW5u3EwB/kX8EGgqyC408KOWvYIxmUPo0bsLXvGFp91y1+3WbE8pMbQScbgTg5Q7chYGPtunx9qgd0vMl3n1bl50AADob+iJDQAAAAAAAL9CfeyJjRWkAAAAAAAAANiQLQMAAAAAAACwIVsGAAAAAAAAYEO2DAAAAAAAAMCGbBkAAAAAAACADdkyAAAAAAAAABuyZQAAAAAAAAA2ZMsAAAAAAAAAbMiWAQAAAAAAANiQLQMAAAAAAACwIVsGAAAAAAAAYEO2DAAAAAAAAMCGbBkAeslwPi82RML4iBg/5cFbQx3NkKotiBL6iCQpWmP/lexeWZKI8Ukq69tB2mmX+4gYH+m6im5LXdk83acfTzokdDnhIsanu/+Wn3wYIpTn6Kx+mBfmI2LC82oHIwarN7qbCjSVN5alSBmfCREFVi/AwfPnhfmImCRtHy4BAACgf/x2qAMAgEdTxYagBYV6V+nSDPm44fyJo4cylvp8+fRDwceL471sFtEmC5X3cq5umTkgARi+azASGVrsp8BdS9oPvlEdNqMk5KhmKdN/EVvRVJCRF2MzjKaCTHX9gJ5/MLjNTlR5/dj+143S9IySen/F1gXijhJ80VDFNkAGouUL5qxeFerK2sj3JSJquXmjhchoMPTx56D+V7ZaFNuaq8uUDnUgAADwKEG2DAC9UV56SE+CuL/lJo4b6lCI6q7XEAV3V0JXU91KngMWwMQkbc2iFhrN5fS8pP3gr9VUE4X0V6y28Li8GtW6QvmeKJeuHxpPZmZVEDkRtQ50HAOK4yUN6vw5QKfLziByl8wO/fVmUAPS8rne04NmW//txiUyvyLkFvFG230UBpmu+irR2KGOAgAAHjXoiQ0AvWFsaSHiOg8f6jiIiHTV1+wV+Z+66gEOguNAqmytpP3ga7+q61NkDnILCw+g8vczy+52+ai1JiujxCBMSAwbjECgPw18y++C8/ClykTU8FXNUIcAAACPIGTLANBDurwwH1HsASKqyQoxH7JI1NpyoSApQiphfESMzwSxTJmlbWDtmKwlg1YVPWMC4yNiQtpHYN6qKlgZJfazOYjU+E1J+gKZWChifERCSVRySYOpo2d9oVIySZZVQ1SjCjbtxR7uWJk+QyJUlhDRQaXpsGaDQm9VFayMkkwSMT4ixk8SrFSVNVq54vK3JYxPcBbrX9utleumipggVTURnUxifERheZ1jNeuPbI42DeoWSoIXbD74TXvHVLOS9oNvLIyVSoKzaqxUdVu9NBxMaas34QxlTlWLxe7mtTpJFptXZejuzTA/JknhbihZl83OKvT7MvO/cYlZHe/bZR9b94W6v92mdiKZ0NZOIlOLrreQtWpsH6HdecvKkkTMPHW9saZopdx03iVH/l/BfBEjVBTcsAzuRmG0UMQsLelhn2BjfcnmaJlE6CNifERiaVSyRmfo/FS7vOvIYcuwrUVoJCIydN4OoSRqeUH3t6Pv0dpv+Q63jR6ozZObP7m1eXJGmFrW2nIhTxlsetAmyZOPNFjs01ja3oomiCNTD/7PPfZBzRuMUBKszLtgNlGCzQpvV54RLPZTHiSiA0rTF0tnG+v+K4t1XcLUstaWsizFdD8R4yMKzrE8iI3wurvvPb8u+99F3T+VAADQQ+iJDQA99OzL61XM0d0J+ec7hi+ahizqiuIWJp9p8ZIpNwYxzqQ/lbM5Jy64LLHkUHxnr83yLfKg7znhyswFLkS/n+BFRHe1yTJlkYGJTFLNcKGbVers3VV64nr9IXjmfxIRGbWp0niNni+OW6Pyd6GbZ1TpK4NPXVZXrpa4T1e+M9pze4L6gptsTVKQOxH9njXwVBSZumFMyeb0koaJcapFfvT/s3f3YU3eeaL/PxZtLDahWOJihVojMJvQnkbtbnDcjdZtALdBuoNDt3jwJx69oCPX4JQfVD0w1tGjLQ5d05UtrKzxJytesjLjA3NqZdaHnHGVa0bLmRG5RpHVgqNrqJZEqalSfn8EIYTnJ1F5vy7+MN/7vr/3577vkPDx+ySimO4ecllbujgx+5RDszB1w4IXVdJgy80pWPaGLf1A6cqwDlXMfjshuLigaG9F+geG9tITpUV2mZm9uHMO6difMjfTptYnrbfoJzXVfrZrx/sZU2aUJAR33K334AONqWvUIV3carfKTbFxolu2NifJr6Fye741N36ptA1vri1eFLvxrLReXeOF0tytCYbTG2zWOHV3T/bljA8TDy0uzMpb5DFG2lH2/oYKmZ+THiFnf9Fh9x6eS0+PW2qL3olbV+lSz0pav0Q/SexnduWvTpLgoxtmdxeYl3NlP3rnE1dwytqPU/xEMX3uC8HNpnVnygv3Viemadv2qtq781Rz0PJ3zf1p6HSd2hy32FqrnpW01qKfJI5zpZa8NeZjFfnlOUZV36vxjlAhzdWb4hIK6zVRqza89aLqRmVxYc6PN2nKP5wzmGbYnqPt4Z3f//fGYDQf2fTmiUb/mNQNcZOaavdvt5Skxd1V2LbOV4iIXCiIibVUjdUsXLVhwYuqxi/Ltq0s7TiNmfsNI60fLE3n91osi4ynPyy3xreNne58wz2Ex2V9FFjmOUZd8b0p7pr78pHlcSEVuT9888bYmNSchEki6hma3sPr6bkP5LpCXurls6gvv5UAgH5oAYD+O5ahnRb6g22X2ktu7F46LVRr9ixqcRxI1k4LNf38fEtLS0vLpXxzqHbanycfaOxQ1Y3dS6eF/uVPf9Necu4j07TQpbtutLS0tLTcP/3T72unvZFz7r7HIbvemRb6zq5r7lcn0kK10xbmX+w+2ov5P5gWqk37d88y+65E7bTQH2z7o0dZ46GkP9dOe2PrOe8K7Lv+Xjvtz3984E5byd0DP/Io+feMaaFac/6l9ppfzTp237uWTnv2KfjOt/pB4V+n/W9He9FvNrwaqn31Z6fbY/C61b/Z8GrH+9xFDO47kHyo7bj/+Nlft539WIZ2WmjGMfeGXp9LN4/77qEfTwvVGj8636Hwbpc3p4vLP5ah7Xx4S8v5n7/R8QHdP/3TWdppf7/7Rpf3tMUjwowT7SWnNvxlqPbVnxzxDPncR6ZpodqUQ3e971WbjmF3HeGpDa+Gas076noIxx3TtoXaaaE9/rSdvfdou3/n9/TecMfw4EF3EZ73u9GT1xndL83bzt9t2+Pa7rhQ7bRE96Pp6tfwixyjx3Nxf7Ak/dLjrX7/9E9naV9d536rd/eW8Aq807Puy0dWp+vy/NXoU3jdP/eBXlePn0W9f1oCwKjT2NjY2Nh4ov/cB9ITG8CQaDh8uELEuCLJs01GuTAxQSX1Bw+1dxwMTkpb2EUjnZ/Cr/2FYsLTIg6Hu1vxb8sP2CV8UVy4T/sO6jlzw6Xy8NGGgcdrP3L4tMj8pOWezcgq84q3lXLlVwfOee0dEL/YJM3lu0ofnPF66a5yUb2dsLCLkdsBwYEiTRXHTjQMcwfIiLcWKD1eGea1zbbtvrqYhA63eo5xnjgPHK3oqUqVee0qrbjn9BKR2oJNRQ3qxMwupuPu23Pp9LgbSkrKRQzLk7SepYr+tbAa01O1HUu0S5IMng/I9VlxkUOiFvevsdQ9d138MpNnyOFLls4U+bysvD9Ps1OEk9TBInXHyqs6DwvvgmblHlvFyU4/ezrMWD7AaAf83mjXNi7Aa/mo7mijF2jbn3BgxOthIo3OxrZgIuLiO/waqjxCazh8uEJ8zEtiPN7qPobX54ujrPxUe1Hnt0Sv+vqR5SFoeaq546dXb+F1+9wHfF09fhYN06clAIxi9MQGMCQu1ZwXmTJ9ulf2OFkdLFLVYBdp/ZtP5eedGKnnm2Zv2Fj40y2v/0PKTLXc+H3xuuJa0aa5J921115yiFTlmjW53qcMdzpEupjAuW/x1laJBGume0WjnhwkUn3jhvfuigUJiR+UF+3aXZWYFi5StXfnWQla+XbXnRvnZVmXn08pTDEWqTSzo2NWLFs6TzP88x75eJziUm2Ve5Tm/k679bbMVcjyzMRdSUXZW+IPp1zKsVT5GLemdXGZfXwunR63va5OZIpu5qC6/KpUnf6TQv12SuLHFQ8eUEPJ7nKZmpzar17Y0lBz0Sky42Wv/xoIDAoSOXvtap1I90uU9RahJvkfPvhi8YYtMfpPVHpD4tspS8x6dbfRKcb7B6g73yLneI8jBhrtIN4bbRezcs/OJS92CLgf3dRFpC2Xu1RbJaIKnd792+FSzXmR5rJl2rJOmzxXqeriLdGbvn5keeg8r2Fv4XX73Ad+XT18Fg3XpyUAjGJkywBGWmDCp9bamCXWxSaru0ARlrRjZ2szmspXISJRm20/67TKj2LCQ/zjz8cQnxhUlPerA+fSwrUVJUX1MitrSXetWSrD2rIv0msrSn5pLdljWVZiUcfll2/uz8DXQXpW4ScyKbl495Ig700KZdeHtPExpGcYizKt23Jc549KeHpmV30BHpnn0qb1ARVsK0v5dPruwjNdDykfQSEJ+RVxDWePlpbsKS1ck5D3gX5tafHysD4cObQG8954sF/XyfwAfOtyiAT3lGurFEqRwOR91sXB3pv6maIPi97D6+a5D+K6uv8seuR+KwHg8Ue2DGBITA/RiZy+dKlJwj0bQ67Z60SCA3r8y7rJtim9WLXceihGrQpQjVco1ar2JjRFyPRgsdU3ONTqrhd4HWi8mnCRU7WXXKL1bOGzX6sXCZo0qYsjwt9eOjNvY8m+itTX+tTLV6ExJKYbElc5D2a8sarUUpJqXD5lKK+gJxrtdJHj/+VQqwfyJ7Lqrcx0qy3XWiwq847Erm/7QJ+LOjhY5PT5s3YJ73z7xg6qBT58xY+j8jM/311c8r3iOpV5fVx/rz0gJFQpp2vP1cpCz1XEr9fXi8jkKe6sZrxPt8f3ThEwc0HyzAXJ66sti2ILNlltyzcPeKnnPkXbhcG9N4ZYUFC4SNX1+q4act00L39P5MRVx8QA9WDufBcG8ZHV3/C6eO6GwVxXd59Fw/VpCQCjGOOWAQyJgOhog4htu9Vz+R/nwaJihwQtjOlxSKEiKDwsoKowKSbWPHeO0fDaDE2YTvt6Uu5Jp4jIy+aFU6VqV/5xR4eDXI7BDQpWR0ZHiBy1Fl7wKHSUbd/rlKlvxr7c1SGBcUtM4thb/P5n5aJKWLKg+9SuyelqWyTGRxmk9hNRKZ4eVLz942t6yyRyyJJ3oUOxy9HHvraalWuS1D6K2ZmZ87rr4DrA5+J+n1QUWj3Hhbrs153y4L8wqn77RXuVruozvS6m3cbXvORtpZzZsnqvMzgxqdvIuzfbFKOW+pId5Z7XVLVr51mRKLNJISKiCdGKVH9x1iPEqj/0ZUFsl8PjziimBKkftAQOWB+i7cpg3xtDSmOcN1Xks9KDHtdQ98UXde2vFFFmkzSX5RZ2WFdMXM5BfgAM6iOrH+F199wHd13dfRYN06clAIxitC0DGBrqhOz1++PWWeIiL6Usf7AcS8kFCU/PT+/xL0/H6eKi36kS84tTXxkvInLr0tmKstyc0rzlWaFnLAt9tel5acdjLcvmnF+YmrTgRZU0nN+7r/h4tTr9cNlKjYjoZkXIwdO711kCYqW8xJW0L9N7nG3IqzNUUn0wJ3uWS1tltc38JD8+MCDxg6wDsRtz48wXW6u15eaU1og2PS+tmx68ioUJCT8tL/68XIJXxs3utkWoNu8H5twm/fIVSbPcC2JZ69VvZcV23VjVe/DheoPsr9i1waI2y+G9367Yk9H9qT1C3Zx/dEFKbqzx2JKUFXq1NNUeO1B64LQ9Ku/01u4zqXYRGRXVGT3u0etz6Zr67ez0febcwjjDheT0OJ1fU+1n1vyDl7TrjxUnTomJj9iyzpa9aI0r3ahu/LK8aPtpV0AfuweLiMxOSZtZvPFss3752/2d80lERCIyPoo/sqwkzXQtKXXJgzWZbA3qt/I/ah0CHRS7yLDpnG11fLYrzeheHuyUS91rl2DXZ5n6NFuIOWW5SePXVLt/u+W4jza9m3HvQxdtl+/8Qb83hpJ2xUpjXqZtlTnlYlrcy76OmnLr9npVsEjVgz0U5o07bF8syzUbjrdeZs3JspIDFTdMlsqP+xyuRj9TJVWHcla/4gr/o/XYf/tkR3zAgD+yPPUcnnT/3Ad3Xd19Fg3wtxIA0B2yZQBDRZO4xxZevGHT9h2ry5wiClWYYWVhVrqx0/DIDipy04pvxFvXz3+wmzogKswwvel8ZG593XURjUhY8qFfa3M35BRtyz7oElEFzHwtYesnKQunug8ISMzKOpa85Xhe9ll/fVS6yiXi/bdmRNqnSV+8u6t03XvKkL9IiHZv1iTss+mKNuRs25590CGiUIbMSd6RnTavh/7Sc+ISpxbnXek5GdOs3FMsa7K256QVukRUmtlJlg8zuxu03Hvw6rez19tSNh0tWP075UxTpuq+xyRJPVAZt35W9v2crNzSje9aRRTKkBmRa/dkJs4aunSol+fSDR/Nyn+rmF2YsXp7wWqbO7CErXk/XhgoIgGJ24odmVnb9298t1RUWnN6wa9ir2Xp36vva0gqldpHVG+nJQb2YecuKOZtLD8R8cnq/H2b0qwuEVWgPn7zzrVxmrbHp074ZJ8zY/X20nVppaLSLkwrKI+tf9+Q2XOIigU5J5o3/iTnwa+G3rx+T3biYAct9x5t1+/8h/De6DPVW/knFNk/+aAsb41NVJp5Kzbatii2R8dVte+inJfzqyOGnNWWfevSrCIKVZg+OrN4bYK+P+Ea0i1JZ9OsJRvSVBpDYmTrR8CAPrK89BheT899cNfV3WfRwH4rAQDdGNPS0jLSMQAYzWyrtSklc3Mq8z2XZnEeTDGs+kPSvpMZM0cyNjxmagriInOdKw8c6XvbIAAAeII5HA4Rqays7O+Ber2etmUAI864fJW2JDfTGGtbscQU4ivScH7v3p3HLwXE56WQKqMfmiuKtldLRPdzlQMAAPQH2TKAERaSXHxiSv66XaXbs8oczSIK5UxTyo68pfOmjkC/UDy+7MWWIkdA4o8ShmRtIwAAAHpiAwAAAACeQIPsic0KUgAAAAAAeCNbBgAAAADAG9kyAAAAAADeyJYBAAAAAPBGtgwAAAAAgDeyZQAAAAAAvJEtAwAAAADgjWwZAAAAAABvZMsAAAAAAHgjWwYAAAAAwBvZMgAAAAAA3siWAQAAAADwRrYMYABq82J1mrDM44Op42imJkwXU1DbtxMWL3pFpzFmH28azCm70mRbbdRpXkko6lsgj4d+3dv+ejh3bPieeG9qihK0YTpDls31sM8MAAAeLWTLAB4Ht67W3Re55Rj6BOaO/cYtkfuOYaj6SVBXGKeJLajxLBqGO9bFWYbviffGca3eJeJwtp+5i/AAAMAoMHakAwCAPpiVUXEmxeGjVCmGumZ13I7fRTqalSrfoa75iXDpQrVIZIeiYbhjXZxl+J54b2Zm2qpXOMVf2XbmLsIDAACjANkygMeEr1I1TDUrhq3mx15t1R+7Kh7iO9bNWYbvifdG4a/0eNVNeAAA4ElHT2wAQ8JVV7ZlsdmgDdNpwnR6Y8Lq0lpHxz0clcWr4g3aMJ1Ga4hMKTjb0FUN0QZNmK7DT2sPWNuq9n+L1BbEhOlW28RxpmCZ+xCtISarvK7Zo75blUXvJehf0XlVuOqo13m9xmDbVoXpYgrrXVfKVrujDZsxN6XgrNfFiMj14kVhOs2SYnvHYntxkiZM926Zqw+3peNFuXUccnw8U6f5gbXOVV3yXpxeq9OE6d79rIu+yb3d24534zXzsoJKh8e9qvvswZ3XGiKXbDl4xSUidcUphtfMudUi1ZZI993LtA30jrnqjha0Rhim00en5FU6W0/d7Vk635zeb2afHpxnbQ/eb/rolFxbfedH0HV4fXr0AADgsUfbMoDBc53aHLfYWquelbTWop8kjnOllrw15mMV+eU5RnfzoONopimlzB6oX56dNCtAblRa382q9KyipjAhMqdabUz+ME3n11T7mTX/4AWXwl8/O0Yf3M1ZD28yH2tSxa7Y+HaAo+awNbckLebb/Ioco8I9E5U5pcShic+0vB4gNyqt23ZV2kUZ8heR81/q/Xqq9qbE5ItuRebWJNWNSus2q2VRohw5kBziuVNg3BLTxrPlO3dVJ6Rr20qrd1krZGpS6gJFX25Ln5wr+9E7n7iCU9Z+nOIniulzvbsm93pvpbZ4UezGs6JZmLphwYuqxguluVsTDKc32KxxahHH/pS5mTa1Pmm9RT+pqfazXTvez5gyoyQheG7Kz/ynb0+znp1iXptpChaRyboB3THXqQ9Mi/e6whcsW5+k8Wuq3b/dkvvOUsWvSpdrpM9n6dPN7NODExFxHc8yLStpUISZ0zebQnwdNeXWbcmZk35dnDilw35dhxdo6O3RAwCAJ0ILAPTbpW0LtdNCM465X53a8Jeh2ld/cqTRY49zH5mmhWpTDt1taWlpuX/6p9/XTpuVcdhjj8Z9ydNCteb8Sy0tLS0tp386Szvt73ffaNt851BSqPbVn51+8PpEWqh22sL8i63nzzeHaqf9Xf65u20H2Hf9vXZa6NJdN1paWlpu7F46LfQvf/obr3hat/Z0Le4TfT/j8M32Pf5j3V9OC/3Ln57qdOj5rcZQ7bQfHWqP4jcbXg3Vxu2y9+m2eF2U279neNyWlmMZ2mmhWuNH5zvH3ar3e2vflaid9ufJBzzj+M2GV1vvj31Xonbaq1nH7ndZe1cRDuCO3XU03vGo4NruuB4ebpeFfbyZ/XpwyYc8a7t798Fj7PgIug6v50cPAAAeDY2NjY2NjSf6z30gPbEBDNap8kN2CYpfZvJsLw1fsnSmyOdl5S4R+W35AbuoYuOiPPZQ+XdqXvVTtRcpFKqO8xJ3Fh5lCm9vxguY/VcaEYfD2V6dwq99Z8WEpztu7dEcc5R/+6vZhrkizsbOSxlpFy+PECkvLrnufu06WFzs8DEtiQvo023pK2N6qrbbjb3eW/uRw6dFYhIWesYxxzhPnAeOVogEBAeKNFUcO9EwqA7EPd8xRccpwQKDgnp7uF76ejP79uBO7SuuE2XiUrNnbQpFf9qEe3z0AADgyUC2DGCQGmouOkU0L2s6FgcGBYnItat1IvbaSw6R8OnTu6/EEB0bIEdzVpXW2h0u163ag1mWg6JcGG3oRyBj27Md9XzTbJ/6wp9uOXXF6Wpy1p0uWFdcK9rIKE2PNXSn2zQqIDE5QSWVhXurRUSul+4ql+CUlIW+fbotfabqYfbp3u/tpdoqEdmf0nH8dsrBB/nqvCzr8jB7UYpR+5p5cVbB8dqhGHbb6Y65astyUxIMr7WfvT8GejO7fnAu+1WnyIxZ/61/QXTUw6MHAABPCMYtAxh2d5scIqLwVfawz+y1xesvxqxbY/58jYiI+ATMy9750fyBDgENTPjUWhuzxLrYZHUXKMKSduzsPH510ObEJU4tzsvPP7jCMn3vzrOiX/929+3Aw6D3e/uswk9kUnLx7iVB3psUShERlWFt2RfptRUlv7SW7LEsK7Go4/LLN/dnZHVvagriInOrFVMMsSs2vB46XffKpU1zsj8fuvpHxkg/egAAMNzIlgEMUkBIqFJO156rlYUvexRfr68XkclTgkUUmuki1fVXr4p027ZbY01b93vjhwdSwhXqSUqFaqJS4TOIoJpsm9KLVcuth2LUqgDVeIVSPVzr9mpT00x575Xv2lsaXlSveisrPtBd3vttEZHxg7lGEREJ7vXearTTRY7/l0Ot7qmTsEJjSEw3JK5yHsx4Y1WppSTVuHxKD7v3h714XW61ymyxfdzWj9rRz4fRp5vZZwr1FKXIF2d+Lwsj+ndkR909egAA8ISgJzaAwZptilFLfcmOcs/Feqp27TwrEmU2KUQkwhjlIzX7S6vaVy1ynq245FnJJO2MEFf56ti4mGijYY5Bq9VptIaY90prPBeF6jtFUHhYQFVhUkysee4co+G1GZownfb1pNyTfRy43J9TLUhIVMnZnOwiR1BikrEtD+z9togmRCtS/YXHKkeuqj9ckn7p9d76mt4yiRyy5F3ocJyrbdxwk9PVdqyPMkjtJ6JSPN2/KHridDpEJk2f3tZY7ais6OdF9uVm9rc2Z9HOMs/aHNf7PXK7u0fvutWfMdkAYoK58QAAIABJREFUAOBRRdsygEGLyPgo/siykjTTtaTUJQ9W97E1qN/K/8isEBHxNacmffJ5oXVRrGPtSuMksZ/ZtfPzZmV7k2Bz7YHCI40RWftyIoNFRO7W/aHiWLElryz7f0zVnUjrdwdXx+niot+pEvOLU18ZLyJy69LZirLcnNK85VmhZyxDPLjUx5Capi/aUCmzli7xjLTX2yJBsYsMm87ZVsdnu9KM7tWbTrnU/esC3eu9FcXCzflHF6TkxhqPLUlZoVdLU+2xA6UHTtuj8k5vNV3N+4E5t0m/fEXr6lPbrPXqt7Ji1e5jdbMi5ODp3essAbFSXuJK2pfZn5HkblP1M1VStO3Hq1Vprwc4asqt23+nCu7QcN2Hs/R+M/sjIu2jt44s259pMFc8uGn5hWckcVf5+ojOtXUfXlePvqYwLjKnWuZsqLDGqfsdGQAAeISQLQMYPMW8jeUnIj5Znb9vU5rVJaIK1Mdv3rk2TtOW+IVnlu7zy1i9vXRdWqnCXx+bvePI/MpVszLrRUTEvnfDupPT159MmPkgvVDPD5o5X10XlnLwql2kv9lyRW5a8Y146/r5D0bqqgOiwgzTm85H5tbXXe+hP/gAqfzVIsrE1ISO2VHvt0Wd8Mk+Z+ttEZV2YVpBeWz9+4bW29JHPd9bERGVcetnZd/Pycot3fiuVUShDJkRuXZPZuIshYhm5Z5iWZO1PSet0CWi0sxOsnyY2TZoOSAxK+tY8pbjedln/fVR6SpXD1OedcfHkF6YVveT/JINaSUK5czY7EPl5kvZumXte/TlLL3fzP5QzsspP2Hc+JMNZevSSsVHqX5l7vo92Ymzury4nsLr/Oj9VCqFiGpKP//XAwAAPHrGtLS0jHQMAEa7usK4uTnO5b84stZzVOq5LXN/YA3aaNsd399VeWyrtSklc3Mq8z2XCHIeTDGs+kPSvpMZM4cq7la1ebHm3KbkQ+Vp4UNcMx5xPHoAAB5pDodDRCorK/t7oF6vp20ZwCMhOD5toTWl8J3IqoSlS/RqEUfNydJdpZUOfca/DGQBW+PyVdqS3ExjrG3FElOIr0jD+b17dx6/FBCflzLUqbLIyeLt1TL7g8XkS6MOjx4AgCcabcsAHg23KotyLUXllTW3XCKi0hjiV2SmvqVVDXDWaFddWf66XaVn/9DgaBZRKGealqWmLZ03dchnxm4oese47suE3bas2YOe4BqPFR49AACPukG2LZMtAwAAAACeQIPMlllBCgAAAAAAb2TLAAAAAAB4I1sGAAAAAMAb2TIAAAAAAN7IlgEAAAAA8Ea2DAAAAACAN7JlAAAAAAC8kS0DAAAAAOCNbBkAAAAAAG9kywAAAAAAeCNbBgAAAADAG9kyAAAAAADeyJYBAAAAAPBGtgwAAAAAgDeyZQAAAAAAvJEtAwAAAADgjWwZAAAAAABvZMsAAAAAAHgjWwYAAAAAwBvZMgAAAAAA3siWAQAAAADwRrYMAAAAAIA3smUAAAAAALyNHekAADyKbt6723jPdbv53t3m5vst34nI2DFPjffxedZnnN84xcRx40c6QAAAAGB4kS0DaNfc0vKnu7evu5rcGbKn+y3f3b7/3e379667msaOeSpQ4fvC+Gd9xowZoUgBAACA4UW2DKDVDVfTlW+cnfPkzu63fFd/9/Z1V9PUZ5STFL4PJToAAADgoSJbBiAi8p9NjdddTf065H7Ld5eaGu8035vm6zdscQEAAAAjg1m+AMjFO1/3N1Vuc93VdPHO10MdEQAAADDCaFsGRrv/bGps+PabzuW/bvjy/9y6duUbx53790RkwthxU59R/bX/5DcCXvTas+Hbb8aOGUMLMwAAAJ4kZMvAqHbD1dS5VflXNy7/27WLY5966ut7rrbC2/fvVTm/unr39r9e/eMPJ4e+Oeklz0Ouu5om+IxjDDMAAACeGGTLwOjV3NJy5RunV+E//Gfl75322833pLmLQ9z5877rFy/c+fon0/Sem65843z+6WeYJRsAAABPBsYtA6PXn+7e9poB++e1Z6tuf+W8f6/nA53371Xd/urntWc9C++3fPenu7eHJ1IAAADgYSNbBkYvrz7Yv274sur2V569r3vw9T1X1e2vft3wZQ8Vemt2VpVuWWw26rU6TZhOozUY4lNyS6sdXTViDwXXwZU6TZhucUlD502fp83QhEXmVnc+qnLTHJ0mLOXgAGc9AwAAwBOCbBkYpW7eu+vVsPyvV//YuVV5jv/k1JdeTX3p1Tn+k702Oe/f+9erf/Qsud/y3c17d7s+34XiZa8bYtYU10+cu2Kj5VOL5dONy173OZ+3Jk7/ekrRhaG5qI4UUSajiJw6etr7PwCayvcfcYnUHzzSKV0+XVZiF4kwzmYINgAAwOjGuGVglGrs2Ib864Yvn+o45HiCz7i8l+eZPGbALm/4cuW543ea2zPqp8aM+XXDl56zZDfec00cN977ZLXWmNgtVaJNP1C8UqtoK46KS15buWXxO9Z1cWl+Jy0LVUN5gSKiiDTPy7QdP1H+eZN5oUf26zpS9nmziEjd/rKqNG24xyFVNptDZHZ0pHqIYwEAAMBjhrZlYJS63dyhGfnEzauO+996lnilyiJiCngx7+V5niWO+9+euHm1h2pFRKSh6IMtVc0BC/N2eqbKbip9xu6PzSpX+arMMsdgrqdLvqa35os0lx897Vnq+vywTVQJ6cuD5Gr5gXOem6oPl9eLGKJNAUMeCwAAAB4vZMvAKHW3ucNw4bqOE3TN8Z9s6rSusjth9uqS7XWgV7UiItW7C0+LzEr5n/OVXUaiWpCUOFXkqLWo1l1gWxWmiymsd10pWx1v0IbpNGEz5qYUnO2QTLvqyrYsjjZownSasBn6+OyDV7ocbq2YbTSIyHFbRXuZvXTvUVGZTSv/1hQs9SW/9NhUazt+RWSWKdrdsuyqP16Qucgwwz3KOrIthpMb9WE6w4YKr5Od2mDsZiw0AAAAHj9ky8Ao5TVo+U7HEcsz/CZ1d6DXJq8DvaoVEfsXlXUiIX8V0X3fZm20KUik+szv2zPeqr0pMXH5d/8mc6vFsj5Je/eoZVFiQU3rRtfxLNPc96w1/ovWWyyfWjKim8pWRZs2ne6iarXJNFvEUVZ+qi2e8vJTooyNNsjL5oVTxXHAY9PJE1UiM/82Ui0irop1pshl2y8FLcv61GL5cFWEnLAsWmqtEZE5cYlTxV5c3GEmsKayXcUNMv/HK7TdXicAAAAeI2TLAIZXo9MhImr/ngYlK/yUImL/L49O3U269PKyrclxUQtMiWuKtyYopXpHkTsfPr3l/ZKG4OWlFXsyEheYohYkfFhWvl7fUGgptneuWh0ZHSHiOHS4NZduOHyoQlQx0REioo02B3XYVF4pon19ToCIiMKwtqyiuqLUHUN8smX3Wr2cyy86LSLa1DSTNJfnbm9vR7aXFn/erExMNA/14GsAAACMDLJlYJQaO6bDr/+EseM8X37ReKO7A702eR3oVe3AzTFH+be/mm2YK+JsbBIROVV+yC7a+EWebbgBs+dp5Uz54S7S5YBok17EedxWLSJy/ciBMxIcHzdbRETCI98MFueBwxUiIvYjh0+LaCOjNK1HKlRKhU97ReopQW0xKBYkJKqlrqj0VGvH8+pduyplakL8nKG5egAAAIw4smVglBrv4+P5Mnj8s54vT966Vt5xLWW38oYvT9661sOBXtWKiJ9SJSL2Wz3N4eVqdIqIStl9u2z77GANNRedItW50TpNWPtPZG61iMPh7OJQtck8U6Su/EiViL287KwERf3tg0xbG7lwqjjKyk81i+uk7ZRI8HxjSNuRza6aMsuy+AcLRKeUtVfqY0hN0YujeNdnLhGRk6VFVyQqLSW809kBAADwmCJbBkapZ306tAnPnThFNfZpz5KV5457JczuFaQ8S1Rjn547cUoP1YqIeoY+WKTmN6e7aPdt5Z6JWvv9iL7MRK308xUR04cnbRXePzuXT+3qiMCI17UiV2zHa2tL9lXKFFPsy23b2jpjOz8vt4kELYx8kEg31+b9cEbkezsvjZ+7YqNlR8mRis2mDtcVlxDlI59b8qvEdbC42KFKWLLAe8ZvAAAAPL5YbxkYpfzGKa672mepeiPgxX+9+kfPHe4031v6f8vn+E92T+v1ReMNr1ZlEfmupeWNjlNn+43rlDFqFy+PKFh3Oj/XFvehsYt80vGZteiKyPykRE3njZ0ppmuC5Gi93Rmg7tP+IqKJ+lttbnX1f+wudlRL8EqzZwtweExceJ6l6EBO41GRKaboB8myfe+G3HPKhZZfb13wYCrvmx2D9zWnpnzyeV5xSYmqqlzC0xNmezerAwAA4DFG2zIwSk0cN95rjPF/n/I95VjvluGTt65tu/x/t13+v51TZeXYcf99yvc8S8aOeWriuPGdThWQ+EFGuE9DycqkvGrvdZ4clVsWv1fmUBg+/KCv82OFx7wZLNW78m0d+nY3uxxN3R4SYjQGi5wqKq7ybD1205iitSL7Sw82S/CC9kS60ekQUYdOb1v1ynm24pJ3JG8vnSnOonVbzvqYVvQt1wcAAMDjgmwZGL0CFb6eL98IeDH82eef69w43JXnxinCn33eq2HZq8J2mqR9v8ia51+ZGxsxd0l2Xmn555+Vf15asHpJpCHeWqU2ri+1xgf2OW5t2r+ka+37UwzmTHdVRbkpMYYZ+vi2JaY6HxK50N1Je+qb0d4rPGkeDGP2GM8sEvLyDJXU5v44u+iz8s9LC1aZ33j3Cwn2OjQwIT1BKc2iejthYTeXDgAAgMcUPbGB0euF8c9edzV5rpD8/2pm/sN/Vv7eaXd2XEXZi3LsuPBnn//JNL1n4dgxT73QccYvTwptwo5jMVX78zdZD23PKnU0i/go1a/MWL7ZsuItraqffZhDkktPaC3rcoq3rSlziagC9TPfyTmRavbOZttpo01BeYX1webIzhNxhZgiw3Orq1TG11/2KJ2TtiO9/ifbStellSr89bHZpbYFte+/nOJ1rMrfT2R6eoqhfxcAAACAR96YlpaWkY4BwIi54Wq61NToVfirG5f/7drFsU899fU9747Tz41T3P/uux9ODn1z0ktem6b7+k3qrm35SdVkW2VMOWjIqc4zM8EXAADAo8bhcIhIZWVlfw/U6/W0LQOj3SSF753me57TfYnIm5NeenPSS79u+PL/3Lp25RvHnfv33OsqT31G9df+k716X7sFKnxHXaosYi/NP+gISEwkVQYAAHgCkS0Do900X7/7LS0N337jVf5GwItdJsadBTz9zDRfv+GJ7hHWXLHNUikRWakRIx0JAAAAhgE9sQGIiPxnU6NXC3MfBSp8R2OqDAAAgEcePbEBDIFpvn4TfMZd+cbpOelXz8aOeWrqM8pR2AEbAAAAowHZMoBWkxS+zz/9zJ/u3vaaKLuzsWOeClT4vjD+WZ8xYx5igAAAAMDDQ7YMoJ3PmDHBzyiDn1HevHe38Z7rdvO9u83N7sx57Jinxvv4POszzm+cYuK48SMdKQAAADC8yJYBdGHiuPGkxAAAABjNnhrpAAAAAAAAeOSQLQMAAAAA4I1sGQAAAAAAb2TLAAAAAAB4I1sGAAAAAMAb2TIAAAAAAN7IlgEAAAAA8MZ6ywC6dv369a+++srpdLpcLhFRKBRKpfL5558PDAwc6dAAAACAYUe2DMDb9evXL1++PHbsWH9//z/7sz9TqVQi4nA4Ghsb6+rqLl++/NJLL5EzAwAA4MlGtgygg4sXL167dm3atGlBQUFjxoxpKw8ICAgICNBoNHV1dRcuXHA6naGhoSMaKQAAADCMGLcMoN3Fixdv3bo1a9as4OBgz1S5zZgxY1588cVZs2bdunXr4sWLIxEjAAAA8DDQtgyg1fXr169du/YXf/EXzzzzTM97Tpgw4ZVXXvntb3+rVCr70iW7piAuMrfao0ChmqKd9/cp6UuNwYrBBz44RzM1KWXh6WWHkjUepbV5seYOIXeyMP/81vldlNcUJcRsqFTF59s2Gkf84gAAADBgZMsAWl2+fFmj0fSaKrs988wz06ZNu3z5ct8HMM9cblnxioiINNUe27e7JDfl4C+Tdv8iY7bvYKIeJlOi0i0hdx68ul6+aXNZ3aykT5fo2/ZQ67o+0nGt3iXicLoeSpwAAAAYLmTLAMTdsKxQKIKCgvp+SHBwcENDw/Xr1/uYMAe9Zop60BgbFZecmBMZU2jdVBTXsVH3EaEIMZpC2l7V1m7bLBJsiFpg7PXImZm26hVO8VfSsAwAAPBYY9wyABGRr776asqUKf096oUXXvjqq68Gdsbwt+JCRKou1Q/s8EeZglQZAADg8Ue2DEBExOl09rEPtqdnnnnG6XQOXRSuurIti80GbZhOE6bTGxNWl9Y62jYezdSE6WIKaj0POJ6p04TF5bWW2VaF6WIK611XylbHuyuZMTel4KyjwzkclcWr3Fu1hsiUgrMNA4y1piBOo80+3uw8nps09xWdJkwX6Y7DK87agpgw3WqbtEflPq+j5+oBAAAwwuiJDUBExOVyDSxbdrkGOEC3an9pjcjs19qG/7pObY5bbK1Vz0paa9FPEse5UkveGvOxivzyHKOq79XuTYnJF92KzK1JqhuV1m1Wy6JEOXIg2d2t2nE005RSZg/UL89OmhUgNyqt72ZVDix+EZHmitwfvnljbExqTsIkEfWMbruUn9qWFGl3RS3buDXJUVNu3VZmWbRUjvxbcojPwE8OAACAYUW2DKDVd999199DWlpa+n0al9N+/dKx7VnrSuoV+oz1cQGt5ae3rLLWqsyW8o9N7tw4akFcdE5kTGHK+8YvPjX3uWtzky69PCfKX0REFphCXIbFxTuKTievjxBprsjNLrOrzJ+W5USpWneIDUvRr7H1+ypa1VdNyqnMN/eazNfd1+07kDFT1XpdM/2Ni4ss204kdzmrNgAAAB4F9MQGICKiUChu377d36OcTqdC0dc89mCKThOm07xiMJgSVh9WRGUXV+xJamtcPVV+yC5B8ctMnpln+JKlM0U+LyvvR/v1HHNrqiwiIrMNc0WcjU0iIvLb8gN2UcXGRXmcQ+Xf93brzoKWp/aeKotIeFTcTI/9Zv9dTLDI8ZMVgzg1AAAAhhfZMgAREaVSOYBs+fbt20qlso87R222VZw8si/bpBaRFyNTE/Sq9n7IDTUXnSKal736MgcGBYnItat1/Y2sjUcub6+95BAJnz59wJV1ovQb2PJXvioVq0wBAAA82siWAYiIPP/883/605/61Rn7u+++u3bt2vPPP9/H/RX+AWp10MxEy9bEADlnWbzpYbes3m1yiIjCt6/pPQAAAEYzsmUAIiLuNZOvXLnS90MuX77cdmC/zF67M/1lsRdlrDraNp92QEioUqT2XG3HXa/X14vI5CnBIjJ2sKsyBWumi0j91auDrGcIXL5UJRIcoB7pOAAAANAtsmUArV566aUvv/zyzp07fdn5zp07dXV1L7300kDO5KNZudOyUNVwcOXSvAutZbNNMWqpL9lR7rmyUtWunWdFoswmhYhM14SLVP32i/YdXNVn/tif80YYo3ykZn9pVXNbkfNsxaWBXEI/OW44PHpdOw+WlIkELYzRPoRTAwAAYGCYExtAq8DAQKfTWVVVFR4ePmHChB72vH37dlVV1QsvvDCAhuVWKtPPcsynUspyVxdEuRdSisj4KP7IspI007Wk1CUPVpCyNajfyv/IPSH2lJj4iC3rbNmL1rjSjerGL8uLtp92BfSnW7WvOTXpk88LrYtiHWtXGieJ/cyunZ83K4MHeA39UFecZDyfkLpEP0nsx/K2lFwQdXxWKskyAADAI4y2ZQDtQkND/f39z5w58+WXX3a5OlRLS8uVK1fOnj07ceLE0NDQwZxLNT9nd7pWzlkWr7E5REQU8zaWn/g4KcS5b1Na2rtp2UUXguI3l3ksthyQuK04fb7mxv6N76albfrfEl/wq32pEf06aXhm6b50Y/D10nVpaas+KHMs3nFkZ5Ju+Bc9Dk+1fvTa+cLMtHfTNh6wa+M/PmLbaBxsz3IAAAAMpzEDWS4VwBPt+vXrly9f9vHxmThxop+fn0qlamlpcTqdjY2NN2/ebG5ufumllwbeqjza1BbERFskvexQsqYPewMAAGDIOBwOEamsrOzvgXq9np7YALoQGBgYGBh4/fr1r776ym63u1wu94LMSqUyODiYPBkAAACjAdkygK65c+aRjgIAAAAYGfTEBgAAAAA8gQbZE5tZvgAAAAAA8Ea2DAAAAACAN7JlAAAAAAC8kS0DAAAAAOCNbBkAAAAAAG9kywAAAAAAeCNbBgAAAADAG9kyAAAAAADeyJYBAAAAAPBGtgwAAAAAgDeyZQAAAAAAvJEtAwAAAADgjWwZAAAAAABvZMsAAAAAAHgbO9IBAHgs1RTEReZWe5aoAvUzYxPWp5qDFSMXFgAAADBEyJYBDNzM5ZYVr7j/aT93oLiwIHPuL0o/LLLGa0Y6MgAAAGBwyJYBDFzQa6ao+a3/jlqQsKI0Rb/Gtjq3LDbPTAMzAAAAHmuMWwYwZFRvxS0UkaMVp0Y6EgAAAGCQyJYBDB0fhYhIs6v15a3qks1Jka/pNGE6zSuGRVnldc3t+9Z9tmVxtEETptNoDZFLthy88uCo5vrP2456zbx4c1mdq/0o15WyTUvMeq1OE6bTGhJWl9W3b6wtiAnTrbaJ40zBsgc1x3Q8qefhHj9xebWt2+vKHkQVNkMfn90elUhNQZxGm3282Xk8N2nuKzpNmC7SfViPAQMAAOAxRU9sAEPGdbTsuIhE6MNF5Hrxotc3VgUaEtMs6QFyo9K6zZq2qDnfttmoEHHsT5mbaVPrk9Zb9JOaaj/bteP9jCkzShKCxXlwZeSqowEzk7I+1asbvywv2p79kyD9vsQgEXHZso3JpXa1fvlay6wAuXHSsum9yGN/sFasMbTFcHiT+ViTKnbFxrcDHDWHrbklaTHf5lfkGBUiUmtd9OaWKrVx5ca0l30dNeXWbWW1LoVy5hzzzEARcR3PMi0raVDPSlpv0U8S+7G8LauiT5yz2tZGPKi9uSL3h2/eGBuTmpMwSUQ9QyM9BgwAAIDHF9kygMFzOez2GlvB6qwyh482PStBLSKBCbv/I0b8la0DmBeYQlyGxcXWkveMieqGA7+wiW/cR3sy5vmIiETFJbfWZD+096go4jbuW2MUERFT/IMt0lyxaU2pPSjp0OGMcJ/WOqO/l2DYYClKKk4MbN3L4Rtz6EByuEJEJGrBXNUN47r91pIMY6JaTu3Or2rWry/Jd+8ctcAc3DRj1e9i0vOTZovI6S3vlzQELy89kal1VxW1IDL8HeM6S/GKiAR1a/X1VZNyKvPNqrZL7yFgAAAAPM7oiQ1g4A6m6Fo7Lc+JXLSm9EZY3NbDxSvDWrcq2lJlERFRTw4ScTicIhIQHCjSVHHsRIN3n+WJQWofcf3Odvx6p97Mvy0/YJfwRXGtqbK7zjlzw6Xy8NGGtpLwKFN4+1kDZv+V5sFJ3VR+7ZmuQuEr4nC4z3Sq/JBdtPGLtB6nDJg9Tytnyg/b20qClqd6pMo9BwwAAIDHGW3LAAYuarPtZ8bWfytUASqvibBdDadKLNv2Hjl7wfkglWzNRedlWZefTylMMRapNLOjY1YsWzpPoxAR8TH+rDDpfIp1mbFYpTFE/13S8kRjiK+IiL32kkOkKtesyfUOI9zpEAnoOsSx7THNNsWoi4r/V0ap7oPI4AlSdzQn9zNRvWWeLSLSUHPRKVKdG63rVL3W4RRpbVxW+vl23Nh9wAAAAHiskS0DGDiFf4Ba3c02h23VgpSDN5XhcxPWrtSFTJ+hOLR0UcGDrSrD2rIv0msrSn5pLdljWVZiUcfll282qkRUczKOVP645relB3aWFm1NKdkaEJ/3qw/nK1W+Cq/8vD2MCd2kyl4isvZlX4rckB1Znu0uUBuzdm8wKqQtDTZ9eDL79U7Vqyb2VGt3AfcpJAAAADyqyJYBDItTloyDdm16WWlbx+yaZ73XYFZoDInphsRVzoMZb6wqtZSkGpdPERERH0VIREJ6REL6rbJVpsySbftWzk8KDpkeLLb6BodarRlgTLXWH22qnLexNPUVxaQAlWJCgKq9EVgxXRMkR+vtzoCBVN9lwAOMEgAAAI8Exi0DGBYup1Nkesj0B6+b689+Ud++ucnpalvYyUcZpPYTUSmeFhFxOTwGAKuCJilFnlWMF5GXzQunStWu/OOOjidy9HnAcIBu5lTX51lxMbFmwxyjXq/ThOn0sZklF0REwmPeDJbqXfm2DtU3uxxNvV1pdwEDAADgcUbbMoBhEf6KXvaX/XT5lMZ4nV9D5fbt+ySwbVGl2rwfmHOb9MtXJM1qXVyqXv1WVqxa5EJBjNnSOCspdYl+ktjPWPMLrwYszI5Ri4ho0/PSjsdals05vzA1acGLKmk4v3df8fFqdfrhspV9aBCuKcs/7DSsL9kSPUVE5O7V86dOFOfml61eOSW8PC1cm/Yv6bbI3BTDeXNqkinEV26cLy3ZY6sKTDtSlhzSXaU9BQwAAIDHGNkygGGhTsj59I9p75cWrD4pKo1xxT/8eqV/cUz0ERER0azcUyxrsrbnpBW6RFSa2UmWDzONKhEJS963R1at27EpzeoSUWkMyy0b1raNAQ5LPvRrbe6GnKJt2QddIqqAma8lbP0kZeHUPgRkL173QUXIB7ZE/YNBzmpjsN446apu2f6r7kmvQ5JLT2gt63KKt60pc4moAvUz38k5kWruqU91zwEDAADgsTWmpaVlpGMAgOF31Rrz+haHx3LKIiLN1Zui4wqDNlRY42gNBgAAeMI4HA4Rqays7O+Ber2etmUAo8aURelvWZcVJsw9l7D8Hf0kkcYvbSW7S8/e0q/NI1UGAACAN9qWAYyoYsJvAAAgAElEQVQazc6zxTm5bes/qzSz45LWpsSF+490YAAAABgGg2xbJlsGAAAAADyBBpkts4IUAAAAAADeyJYBAAAAAPBGtgwAAAAAgDfmxAYwBG5+7Wh03mn65u69+/eZDAEAMGBjxsi4sWN9nxnvp5ww8TnVSIcDYFQjWwYwKDe/dly78dW39+6PdCAAgCdBS4t8e+/+t/duf+24fe3GV5MnPU/ODGCkkC0DGLj6a3b7za9FZILv+InPqZQTfJ8eN3bMmDEjHRcA4HHV0tLy7b37zjtNN7923Gm6e+XqfzV94wqarB7puACMRmTLAAaoLVUOfmFSgL/fSIcDAHgSjBkzRvH0OMXTfgH+fg23Guv+dMP9XUPCDODhY5YvAANx82uH+8+X6VOnkCoDAIZDgL/f9KlTRMR+8+ubXztGOhwAow7ZMoCBuHbjK3ersupZ35GOBQDwxFI96xv8wqS27x0AeJjIlgH0282vHd/euz/BdzytygCA4Rbg7zfBd/y39+7TvAzgISNbBtBvjc47IsIkpQCAh8P9jeP+9gGAh4ZsGUC/NX1zV0SUE+iDDQB4GNzfOO5vHwB4aMiWAfTbvfv3ReTpcUyqDwB4GNzfOO5vHwB4aMiWAfRbS4u4F/kY6UAAAKOC+xvH/e0DAA8N2TIAAAAAAN7IlgEAAAAA8Ea2DAAAAACAN7JlAAAAAAC8kS0DAAAAAOCNbBkAAAAAAG9kywAAAAAAeCNbBgAAAADA29iRDgDAKNPsrNqfv8l6qOpSg6NZxEepfmVG/NtpK97SqnxGOjYAAADgAdqWATxEF4qXvW6IWVNcP3Huio2WTy2WTzcue93nfN6aOP3rKUUXRjo8AMBAfffdd5evfNnzPv95+cp33333sCICgMEiWwbwsNRaY2I3Hrdr0w+cPrFrw8o4U9QCU1Rc8od7bJUlSeF227q4tIOOkQ4SADAgO4uKf5jw/+Tlb+9uh7z87fGLl/7rnpKHGxcADBzZMoCHo6Hogy1VzQEL83au1Cq8tqn0Gbs/Nqtc5asyy8iXAeBxFGX6m4kT/XcWFW/f8f913vrP/7JzZ1HxxIn+b8yfOxLRAcBAkC0DeCiqdxeeFpmV8j/nK7vcrlqQlDhV5Ki1qNZdYFsVposprHddKVsdb9CG6TRhM+amFJztkEy76sq2LI42aMJ0mrAZ+vjsg1dcD+ViAADeprwwufDTf/R/7jl3Yuy5yZ1C+z/3XOGn//jC5MkjFyMA9A/ZMoCHwf5FZZ1IyF9FqLvdRRttChKpPvP79oy3am9KTFz+3b/J3GqxrE/S3j1qWZRYUNO60XU8yzT3PWuN/6L1FsunlozoprJV0aZNpx/C1QAAuhAcNOWf/8miUinz8rfv2bvPXbhn7768/O0qlfKf/8kSHDRlpGMEgH5gTmwAD0Oj0yEian9VD/so/JQiYv+vqyKa1qImXXp5TpS/iIgsMIW4DIuLdxSdTl4fIXJ6y/slDcHLS09kat37Ri2IDH/HuM5SvCIiofucHAAwjF6a+mLBtq3Jqas+/iRv3NPjROTjT/JUKmXBtq0vTX1xpKMDgP6hbRnAI2yOuTVVFhGR2Ya5Is7GJhGRU+WH7KKNX6T12Dtg9jytnCk/bB+BSAEAbiHTNf9kyVU+++xHP9/60c+3Kp99Nv8ft4ZM1/ThUAB4tNC2DOBh8FOqRMR+yyES0N0+rkaniKiU3bc/t88O1lBz0SlSnRuty/XeSetwitC4DAAj53thoXmWnyenrhKRPMvPQ0NIlQE8lsiWATwM6hn6YKmo+c1p+0pNN5ls9eHyehHt9yO6Tac9KP18RcT04cns1703KVQThyBgAMBgaP/8e3uLrDJmzOTAPxvpWABggOiJDeCh0C5eHiFyJj/X1vW01Y7PrEVXROYnJfapBUIxXRMkUm93BqjVXj9Khc9QBw8A6L/JkwNJlQE81siWATwcAYkfZIT7NJSsTMqr9k6YHZVbFr9X5lAYPvzA3NM8YB7CY94Mlupd+bYOS0o1uxxNQxgzAAAARi96YgN4WDRJ+36heDd5Y25sREmEOT7WGOIr0lR77EDpgdP1rkDj+sL8+MA+16ZN+5d0W2RuiuG8OTXJFOIrN86XluyxVQWmHSlLDhnWCwEAAMAoQLYM4OFRaBN2HIup2p+/yXpoe1apo1nER6l+ZcbyzZYVb2lV/exBHZJcekJrWZdTvG1NmUtEFaif+U7OiVRz8HCFDwAAgFFkTEtLy0jHAOAx80XVRRGZER460oEAAEYLvnoADIDD4RCRysrK/h6o1+sZtwwAAAAAQBfIlgEAAAAA8Ea2DAAAAACAN7JlAAAAAAC8kS0DAAAAAOCNbBlAv40ZIyLCjPoAgIfD/Y3j/vYBgIeGbBlAv40bO1ZEvr13f6QDAQCMCu5vHPe3DwA8NGTLAPrN95nxIuK80zTSgQAARgX3N4772wcAHhqyZQD95qecICI3v3aMdCAAgFHB/Y3j/vYBgIeGbBlAv018TvX0uLF3mu423Goc6VgAAE+4hluNd5ruPj1u7MTnVCMdC4DRhWwZwEBMnvS8iNT96YbjNv2xAQDDxXG7qe5PN9q+dwDgYSJbBjAQE59TqSc+JyKXrlylhRkAMBwabjVeunJVRNQTn6NhGcDDx9SCAAYoaLJaROw3v677042bXzsmPqdSTvB9etzYMSzxAQAYqJaWlm/v3Xfeabr5teNO0113quz+xgGAh4xsGcDABU1W+z6juHbjqztNd91/0wAAMFSeHjd28qTnaVUGMFLIlgEMysTnVBOfU9382tHovNP0zd179++3tIx0TACAx9aYMTJu7FjfZ8b7KSeQJwMYWWTLAIaAO2ce6SgAAACAIcMsXwAAAAAAeCNbBgAAAADAG9kyAAAAAADeyJYBAAAAAPBGtgwAAAAAgDeyZQAAAAAAvJEtAwAAAADgjWwZAAAAAABvY0c6AACPo9q8WHNutVehQhWmj45JWrnUGKwYobh65zqeZVpW4pyZXbovUTPEdR/N1KSUdbklPL3sUPJQnw4AAADDiWwZwIAFLVyTsSCw7aX93IHiwtyUkm36lUUF6XrliMYmIiJXrTGvl0UfLl3Znqg6b1x3irgcDtdwnXRW0qdL9F5liu9NGa7TAQAAYHiQLQMYMGXoXFOUR4tp1IKE1CulqxKy895ZOv5A6cqwkQxOROSP1VUi0R2KAuILT0ffEpX/sDV/BxuiFhiHq3IAAAA8LIxbBjCUFFPjPi1ICm6uzs0oqBnpYGouXuqqWDGMqTIAAACeFGTLAIbayz9Ony9SvaPodFuRq65sy+JogyZMpwmboY/PPnilvSN0TUGcRpt9XFx1ZdmLDDM0YTrNa+ZlBZUOjyod1aWblpj1Wp0mTKc1JKz+rL59W21BTJhutU0cNsvi12downSa6IKaq8XLjIbI3GqR6txonSZMpwnLPN52ujDdqqOtRx/P1Gl+YK1z1R/MStC/otOE6bSvp+RVOj1O7hm8x09sv/874MG5qkvei3Nfy7uftd4H15WyTUvM7gA0rxkXZZXWeFx/6y1y1R/MitNrdRqtIWZzhUPEVV26KtagCdNptIaYrPK65gcHNNlWG3UaY/bxpn6GCAAAgAfoiQ1gyClmvKaVo9WnztRKhObBxFoN6llJ6y36SWI/lrdlVfSJc1bb2ogHRzRXbFsSY79nWv5Bzoqm2s+s+QdzExZL68xY9qIEw4bq4IiE9I/TJon9jDW/MC1BJpR/aGxvIj61Nc70X4rYlJwlASKTZ4QE3k1dow7ZlVZ4pm1wtTq8u3jP7fkfsfmiW7Y2J8mvoXJ7vjU3fqk8GO1cU5gQmVOtNiZ/mKbzc8d2waXw18+O0QcP4N6cK/vRO5+4glPWfpziJ4rp/z979x8U1Z3v+f/NF7QV00dR2mCEmGmQuYDeajFTjddvtSZzG2SDmh0crGkXV1z9Sq7W4IQKo14o48WNCQ65dkZGGBlx5dop2fSUMdzrD+4a7FpH+WZUdiPhOwZZDRiJjSLdkbFVwvePBmxaUH5J++P5KP7oPudzPufdbZWHF5/z+Zx5KhFxnd6+MK2kTqNblWWeHSytF6z5hTnxn1ftOZw3X+n+ik782nhsvCHjgw8112zmzSVpvw5c01hs1azK2pUudUdK8ssylrQX2rYZVCJyy95gF5HGBodI4CCqBAAAAGkZwGMQpg0Xqa273CiildPbf13WHLbKeiIryr03ITE+5heGzWbL6jiTpvOIRtcMy2dZOnc2THhTN96QVrqjsHJV3nx/0ZhKqheLonRm44T4cJc+rbTYmmnoPlwaajU7qgoXKfdriE0MdXwuxWe8J1f35nZ0xr/vSHQvS2ZM0Lp0aZbd+6vW5uhFqkoLa2V2dnlx57kSEqc6dFlnkzL2rNIP6rupdcTd/ypERNqr3sssqRuXtKs8L8Fdf6Ix5afb5/2sZOVGQ21BUtefBFxzsv59R5JaRCRxllwybC4ois2x7UkNFpGExHnKNcNmq+VojmFRoIgmeX91vKNdrRCVAQAABos7sQE8XqcqPrNLVMoSj3wowXPmR8mZiiP27i1RC5bo7kddf33K4lBpP/H5F+63qu6oLCLir5k8VaTV2erRY1hahmdUHqC4NxM9VvCO088XcTg9Fs0er9zvW6VSvPZ6OZjudc/2wqJ6j92GzHVRPdp/UfGpXcJS0hI865+Rtmq2SEX50fu3UodOj+4uMjh2VqiI9jV9cPeWsDARsTc0dddJVAYAABgSxpYBDL+G+osiEjEtVKS57mune/JwvnerKIdTRNN7D6rxapHG1q6s6GqqKttZWFpRXdfSFVN7Rk5l/PAt3OXv2ZV+weLg0tK89dbofzJOVdqvHM0zHxL1ogV9Dywn5lZlz+vxWcYFe7xTvEKsvf6iQyQ20mv4OzgsTOSMvaFJpLeBcdV4tfBfOAAAwOPEr1oAhp3r3J9rRdRzZmtFXOMDRcT4/smc17ybqZSJ/erOcTzLmF5uV6Lm/+KdzOjw8FdVn6aZCh5H4b2Zs8my5euFmzcmHd0oIiL+wfNz9n7wet/hXKXRaIL73AsAAICnBGkZwHA7/1H+cZFpppQ4EVGFa0PleKPdGax5xOThHhov1oqETp4sIlX5WeX2qIxjf1wT4e/eWT/G/3HV/qC6kozN/9vw/qfpMSrNZLVKmahWDevZNdpwRaouXqjvOVze3NAgIpqwkOE8FwAAAPqPecsAhpPrsvWtNSUN/lGZBRnuNahjFr4RJrX7Cm2eT4SSdpejx8ONnNdaPGYCO8r3fSYy7Y3FM0TE1eoQCddGdGfUK+fOXBmBj9JpctSsCFfFhsXJCxcY9HP1Ue4HOL1trWvvx8H98RPjYo00lJUc9fyCzpcUnxExJiUMeu6xy+ng8VEAAABDwNgygEFzfn2i4uhfut611X/+qfXT040ulW7tx0VrI7u2R2X8IdMWn5+u/yppXZoxIlCufWUt+9hWE5JxrHxNRGejxtIVxhpT+mqdRppt+XnWOglOyUmPERGJnj1bDpXnLpvmWB6pXKsu2WmVsKn9qi9Gp5eDVftyzZokOXLgzuqP35kz0GHh9vpPi4+1xmV/khcfJiJyu+HLqs8t5oLynP8yLfpERtSje3gkf/2mbclH1ljfSmpctTqt6wlSNrsmac+2pEHOxrZblxlyTol+y+clqYxOAwAADAppGcCgNR7alnHo/luVEqlbnJm9doUhrGfIi1hjPRFl3pxn2bmx3CWihOhif5F3Yl2Sx/OKozL3Ztw2b11f0ugSlaJL3rE9e9E0dy/Bqb8x1/xDdllBzil/dcS8lbsq1ihlyfH/9uj6NEtzttjS3ztetOHP6lhjlnJPZIBp2X4gd/PJ8C0nTbFdq5FpXg+NfV3TEJl+6Irde6mxwVIZcm1H9Pk5hWV5GcUuESU4Njl3f1ZyxKBX+R6nCdPIKVHGD0t9AAAAzyW/jo4OX9cA4LlWV5Qcny+ZR6xrBzKxeWQ0FCfPy3Ou+uOxTTM8tp7fPu9nJaFbbftTWM0LAADgyeVwOESkurp6oAfqdDrGlgHgYcJSMhaVpBf/Ir7GtGK5TiPiqDtp3Wetduje+UMyURkAAOBZRloGgL4phh3lltn55tKD298qcYmIotWnbLWuezNKGcF1uQEAADDyuBMbAAAAAPAMGuKd2DxBCgAAAAAAb6RlAAAAAAC8kZYBAAAAAPDGKl8AhsGNm45W5622v96+e+8eiyEAAAbNz09GBQQEjh0zXj1u4oRBP3ceAIYBaRnAkNy46bh67fqdu/d8XQgA4FnQ0SF37t67c/f7m47vr167PmXyJDIzAF8hLQMYvMardvuNmyIyLnDMxAmKelzg6FEBfn5+vq4LAPC06ujouHP3nvNW242bjlttty9f+a7tr67QKRpf1wXgeURaBjBI3VE57KXJwUHjfV0OAOBZ4Ofnpxo9SjV6fHDQ+OaW1oZvr7mvNQRmACOPVb4ADMaNmw73ry/h06YSlQEAj0Nw0PjwaVNFxH7j5o2bDl+XA+C5Q1oGMBhXr113jyorLwT6uhYAwDNLeSEw7KXJ3dcdABhJpGUAA3bjpuPO3XvjAscwqgwAeNyCg8aPCxxz5+49hpcBjDDSMoABa3XeEhEWKQUAjAz3Fcd99QGAEUNaBjBgbX+9LSLqcdyDDQAYCe4rjvvqAwAjhrQMYMDu3rsnIqNHsag+AGAkuK847qsPAIwY0jKAAevoEPdDPnxdCADgueC+4rivPgAwYkjLAAAAAAB4Iy0DAAAAAOCNtAwAAAAAgDfSMgAAAAAA3kjLAAAAAAB4Iy0DAAAAAOCNtAwAAAAAgDfSMgAAAAAA3kjLAEZebb4xWhsZPc9c6+tKvNUVJWsjo9cf93UdAAAA8DXSMoARd9JaellEpKH8WI2vawEADIsffvjh0uVvHt7m/1y6/MMPP4xURQAwVKRlACPMdchicYg+NTVKLlvKTvq6HADAcNhbavm56T8XFO7uq0FB4e6UZSv+5eOyka0LAAaPtAxgZDVZ91WIxBnXrU6OFWeppdzl64oAAEOXYPzpxIlBe0stu/f8twf3/v4Pe/eWWiZODPr71+f5ojoAGAzSMoARVXNg71mRhJRkTUjycqNIhaWs6YFGLdWlb5t0M6O1kdHamfol2dY6R9cuV2NlUdYS/SxtZLQ2Sh+fXnS2e5fY1kdGLyxulJbqgvQkXVS0NnKWLiXn6JWu/ceztJHRC4vqPU9VmRWtjUwu6LGtB9fl8veWu3uL1r6atNJsa2jv2tfuPFuatcSg10ZGayNn6ZLS822NQ/6GAOCpNPWlKcW7fhs0YYI7GHvuckfooAkTinf99qUpU3xXIwAMDGkZwAhqryorbRTFtDxRJaJKSDSKVBcf6LnWV71licG0+XBjhCl7l9m8K2uJ2HKW5VW5RMRVtdkYv3L3xdCV2bvM5vfXx8kJ85IVJXUeR9f8W86SBdlfz0r74EPzlrQo1ZfWt1KyKh0PVNI/LluOYUFW8TmZvz53l9n8/uroxuL0X1nckbi+bNUbS3IrHK+ufN9s3mV+Z4FUFayK90rjAPD8CAud+vvfmRVFXVC4++MDn7g3fnzgk4LC3Yqi/v3vzGGhU31dIwAMQICvCwDwPDlhLXWIkmqc4y8ioko0pb5bUVpqPbUu271FxHUof+tZV+iqPx7bNMO9xZhg+qVLVCoRUek3lVdtGqdWdTY2vhZo0ucWlp5O2xLXdYrvlOV/LFnk/n0s0bhgWpr+3fL8j9Pnr9EOvNzanblWuxh2nCxcpHSeMWVFrkulEhG7JXfDyeaYjPLP1nb2nJC48O/S9evz0/MNxzKjhvQ9AcBT6pVpLxft3LFm3foPPyoYNXqUiHz4UYGiqIt27nhl2su+rg4ABoaxZQAjxnXIWi4SmrpE37nBX5+SGioOy77DXZOX7dYDFSJxK1bP8DjOX9UVj0WldEdlERHN1FARZ2ubR+O5yYs8hi40bybPF6k5edo+iHpPW0svi2JK64rK7gpUKhGR5iNHqkQMq9M8Q7h6UapJkcZDnz1xT8YCgBETEa79nTlf/cILH/xmxwe/2aF+4YXC3+6ICB/EnywBwMdIywBGint9r9krlnuMu8bEvxEmcnS/tTPNfnelUSRsxixNX520u+rKzStTDJ0TidPLH3HSQEURkVZn68DrdTU1OkRiZ+p623mx7iuRqeHhgT03T9GEiTQ0DyabA8Az48eR0wvMvxk7dszYsWMKzL+ZHkFUBvBU4k5sACPEvb6XnNmqj9zqve/M3n21pkffvdxeX/DzpPzzqrC4pNVbDTHhUTEXt+s3Vjy2kgEAgxT1Nz8+UFoifn5TQl70dS0AMEikZQAjwr2+l3/SDlvWnJ57bn+ePS/bVnqgKvNdvbw4NVTk1Plzdol6cHjZfiA3/7x6kfnfdySqOzfdUD3ivPW1F0VkytQwEQl4VOOeVCGhisjZL6vlTf0DO8MjokVOX7zYJjGew8tX7Q0iYcF9Do0DwPNjypQQX5cAAEPCndgARoLrsKXUIcrS5EWaYE3Pn7DktFRFHAcsh9pENPEL4kRO79193vPgZnuLiEir0yGimR7eFZXFebbqoveZbtgd7fff1XxirRFJSDKqRCRcGyNS88W5+ytku2rP/KXvon9iXKwRh6XkkOeS2i3NdpeIBC9YoBex7S7xXAHbeajU4pDQRQtZ4wsAAOCpx9gygJFQtr9CJDR16YODtJ1rfZUWVBw42LzIFJyanVG22Fz8c0NdesbSSKX1m4rineV1M7KrPjZFzJiliCX/lzlKhmFyW/3hkj2nAkPDvHo7mWNYXLU6zRgR6DhvNRfYmlW67MwklYjI1IUpcds323KWbHRlGjSt31SU7j7tClb3UlJXYZm5SUfSy9fPTfpTVsZrwXKtumTnvmpZWmJ7V68x5Ww5mLzZnBx/MX2VUTte7J8XbC+7IDGZhSyIDQAA8AwgLQMYCcVnROJ6rO/lKWbpijmFW099dsxuMmki13z2J33BxuzdhTmV7aIK0saa8v7wdpJGROZm7Mls/NVO6+YMqypItzjHakus//WM9B59Lczb/6ptw7aMGoeIop2f+dGOVbquNa2DU3daHFnZuw9ufcsqSlRSZtG/Lr6arXu7sa+yldfzbBWGze/kfpqbUSaihOjmb7L8k0mnEhHRpn5si7Hkvrd7z4Zyp4hKidSvLc7ONIQO5xcHAAAAH/Hr6OjwdQ0AnjLnar4WkVkx031diBfb+sj0Q28W1ucZfF0JAGCYPamXHgBPNIfDISLV1dUDPVCn0zFvGQAAAACAXpCWAQAAAADwxrxlAM8Mw44LX+3wdREAAAB4NjC2DAAAAACAN9IyAAAAAADeSMsABszPT0SEFfUBACPDfcVxX30AYMSQlgEM2KiAABG5c/eerwsBADwX3Fcc99UHAEYMaRnAgAWOHSMizlttvi4EAPBccF9x3FcfABgxpGUAAzZePU5Ebtx0+LoQAMBzwX3FcV99AGDEkJYBDNjECcroUQG32m43t7T6uhYAwDOuuaX1Vtvt0aMCJk5QfF0LgOcLaRnAYEyZPElEGr695vie+7EBAI+L4/u2hm+vdV93AGAkkZYBDMbECYpm4gQRuXj5CiPMAIDHobml9eLlKyKimTiBgWUAI4+lBQEMUugUjYjYb9xs+PbajZuOiRMU9bjA0aMC/HjEBwBgsDo6Ou7cvee81XbjpuNW2213VHZfcQBghJGWAQxe6BRN4FjV1WvXb7Xddv9OAwDAcBk9KmDK5EmMKgPwFdIygCGZOEGZOEG5cdPR6rzV9tfbd+/d6+jwdU0AgKeWn5+MCggIHDtmvHocORmAb5GWAQwDd2b2dRUAAADAsGGVLwAAAAAAvJGWAQAAAADwRloGAAAAAMAbaRkAAAAAAG+kZQAAAAAAvJGWAQAAAADwRloGAAAAAMAbaRkAAAAAAG+kZQBDVJtvjNZGRs8z1w5DZ/WWJTOjtYacyrZ+NG6zbTBEa2eaSuuH4cwPllKwOFobmVX5OPoGAADAE4+0DGBoTlpLL4uINJQfqxl6by1XGu6JtDhc/Wl8y36tReSeo3+tAQAAgAEI8HUBAJ5qrkMWi0P0qamO0lJL2cmMLXOH1t/sd6rOpDv81YqqH401yXv+HO9oVyuBQzspAAAA8ADGlgEMQZN1X4VInHHd6uRYcZZayodhlDewf1HZTUVUBgAAwGNBWgYweDUH9p4VSUhJ1oQkLzeKVFjKmno0qCtK1kblVLY7K/PT5s2M1kZGxxfUi4jUFy2MjN5gE4fNvOy1WdrIaO2CojoREdv6yGjt4qI6ETm5VdfbdOhTuQZtZHx+bS9TiyuzorU/K2lwNR7KNulmRmsjo6NeSy+odt4/uN15tjRriX6WNjK6x0+W7ZEftvuznC1Kj381WhsZrX01ecPhxvst6i1LZkZHpVjqBv+NAgAA4EnBndgABqu9qqy0URTT8kSViCQkGqWiovhAbWpGlFez/J+/cS1g4bo802QRzSxt955TO5KN36kWp+ctDxaZMivCq/+5yanTLAWl1lPrsuf4d/dmO2BpltnZy6Okd+c//i+LCyV65aa8tPHN1bsLS/JTVsgR61qtiLgqs99YaXVGpLyza65Gmqt37y452ySKVr/AENq/j3zsvTdOtAYtXJebPLmt/uBuc1lG8m2VbcfrKnFPunaJ60q9vV0i/B/dGQAAAJ5kpGUAg3XCWuoQJdXojrKqRFPquxWlXuFWRKSxZnJedWGS8kAHDbWaHVWFix7c0Slq+XJdQa5l3+F35iR13pztOmw91C4Jy5I1fZZ1Ozrj33ckqkVExJigdenSLLv3V63N0YvdutvarJhKjr2r79w7S+b9rCR0+fb3k4L795mdqoV7bWuj3NUkzFUvMWw9tNf6j6+bNO5J19XpDn+1QlQGAAB4+nEnNoDBcVsP9b4AACAASURBVB2ylouEpi7Rd27w16ekhorDsu+w1+Tl0FXreonKIhKWltF3VBYR0SSbEvzl6H6rvXNDc9n+iu7R7D7EvdkZld3v9PNFHM77JY0P9DjlaEUl4nA6HlZED1ELEqPunzsk7rVIkVZna/eWAU26BgAAwBOMtAxgUNzre81e4XlHdEz8G2HiGW7d1OP7WIhLGf+oZBmYtHypWs7s3eeevFy7v/iMhKUmz+n/4K2/xyk08QvipKEk+73TjY42l+NyVcG2/XUStcCofVgPj+h/8IcCAADgScad2AAGw72+l5zZqo/c6r3vzN59tabMvuYVD9CcpaYwS9Ghz2ozo6JOHbA0iG7L0kF3HZy6s6QuOa14eXyxe4NKu6p479ohhGUAAAA8q0jLAAbOvb6Xf9IOW9acnntuf549L9tWeqAq8119X0cPTNSyVbOLNpdZT6Xr9h1witGUEjLovlyV294pDUzb/2mSRtGMH61SNGrumwYAAECvuBMbwIC5DltKHaIsTV6kCdb0/AlLTktVxHHAcqhtuM4WnLLMKA7LvpyKo+3qVFPSEPKtKnRmuKa2ZNni5PjXDPq5+qjIaO3M+GX5Vf2fuPwIbU7HMDxyGgAAAL5HWgYwUM1l+ytEQlOX9jZ67F7rq73iwMHm4TqfKtGUqsjRwxUyzZQydwgdOapK91WPTy08cdJWddJWdbJ8vzk7ZZr9VFHar8uHI+Oe2a7X6XWvbz3VPgydAQAAwLdIywAGqHZ/8RmRuBV9PfE4ZumKOf5y6rNj9t73D5w7gYvELl8WM4RuTpl/WdqcvCXHENY5Eq6dk2h6/6P0GJHGK1eGoc6gqWEqUQWpH7rONwAAAJ4Ofh0dHb6uAQBGQuXG6JUHDV5PeHYcTNdlfbXqY9um2b6sDQAAAMPO4XCISHV19UAP1Ol0rPIF4DkyPy0j5qB5/evJx1ebEl9WROznP7UUH6/XJBeuIyoDAACgJ8aWATxHXJfLd26zlP252u4QEZWiM65O/+Wq10NZGRsAAODZM8SxZdIyAAAAAOAZNMS0zCpfAAAAAAB4Iy0DAAAAAOCNtAwAAAAAgDfWxAYwDG7cdLQ6b7X99fbde/dYDAEAMGh+fjIqICBw7Jjx6nETJ/AAewC+RFoGMCQ3bjquXrt+5+49XxcCAHgWdHTInbv37tz9/qbj+6vXrk+ZPInMDMBXSMsABq/xqt1+46aIjAscM3GCoh4XOHpUgJ+fn6/rAgA8rTo6Ou7cvee81XbjpuNW2+3LV75r+6srdIrG13UBeB6RlgEMUndUDntpcnDQeF+XAwB4Fvj5+alGj1KNHh8cNL65pbXh22vuaw2BGcDIY5UvAINx46bD/etL+LSpRGUAwOMQHDQ+fNpUEbHfuHnjpsPX5QB47pCWAQzG1WvX3aPKyguBvq4FAPDMUl4IDHtpcvd1BwBGEmkZwIDduOm4c/feuMAxjCoDAB634KDx4wLH3Ll7j+FlACOMtAxgwFqdt0SERUoBACPDfcVxX30AYMSQlgEMWNtfb4uIehz3YAMARoL7iuO++gDAiCEtAxiwu/fuicjoUSyqDwAYCe4rjvvqAwAjhrQMYMA6OsT9kA9fFwIAeC64rzjuqw8AjBjSMgAAAAAA3kjLAAAAAAB4Iy0DAAAAAOCNtAwAAAAAgDfSMgAAAAAA3kjLAAAAAAB4Iy0DAAAAAOCNtAwAAAAAgDfSMoCRV5tvjNZGRs8z1/q6Em91RcnayOj1x31dBwAAAHyNtAxgxJ20ll4WEWkoP1bj61oAAMPihx9+uHT5m4e3+T+XLv/www8jVREADBVpGcAIcx2yWByiT02NksuWspO+LgcAMBz2llp+bvrPBYW7+2pQULg7ZdmKf/m4bGTrAoDBIy0DGFlN1n0VInHGdauTY8VZail3+boiAMDQJRh/OnFi0N5Sy+49/+3Bvb//w969pZaJE4P+/vV5vqgOAAaDtAxgRNUc2HtWJCElWROSvNwoUmEpa3qgUUt16dsm3cxobWS0dqZ+Sba1ztG1y9VYWZS1RD9LGxmtjdLHpxed7d4ltvWR0QuLG6WluiA9SRcVrY2cpUvJOXqla//xLG1k9MKies9TVWZFayOTC3ps68F1ufy95e7eorWvJq002xrau/a1O8+WZi0x6LWR0drIWbqk9Hxb45C/IQB4Kk19aUrxrt8GTZjgDsaeu9wROmjChOJdv31pyhTf1QgAA0NaBjCC2qvKShtFMS1PVImoEhKNItXFB3qu9VVvWWIwbT7cGGHK3mU278paIracZXlVLhFxVW02xq/cfTF0ZfYus/n99XFywrxkRUmdx9E1/5azZEH217PSPvjQvCUtSvWl9a2UrErHA5X0j8uWY1iQVXxO5q/P3WU2v786urE4/VcWdySuL1v1xpLcCserK983m3eZ31kgVQWr4r3SOAA8P8JCp/7+d2ZFURcU7v74wCfujR8f+KSgcLeiqH//O3NY6FRf1wgAAxDg6wIAPE9OWEsdoqQa5/iLiKgSTanvVpSWWk+ty3ZvEXEdyt961hW66o/HNs1wbzEmmH7pEpVKRFT6TeVVm8apVZ2Nja8FmvS5haWn07bEdZ3iO2X5H0sWuX8fSzQumJamf7c8/+P0+Wu0Ay+3dmeu1S6GHScLFymdZ0xZketSqUTEbsndcLI5JqP8s7WdPSckLvy7dP36/PR8w7HMqCF9TwDwlHpl2stFO3esWbf+w48KRo0eJSIfflSgKOqinTtemfayr6sDgIFhbBnAiHEdspaLhKYu0Xdu8NenpIaKw7LvcNfkZbv1QIVI3IrVMzyO81d1xWNRKd1RWUREMzVUxNna5tF4bvIij6ELzZvJ80VqTp62D6Le09bSy6KY0rqisrsClUpEpPnIkSoRw+o0zxCuXpRqUqTx0GdP3JOxAGDERIRrf2fOV7/wwge/2fHBb3aoX3ih8Lc7IsIH8SdLAPAx0jKAkeJe32v2iuUe464x8W+EiRzdb+1Ms99daRQJmzFL01cn7a66cvPKFEPnROL08kecNFBRRKTV2Trwel1NjQ6R2Jm63nZerPtKZGp4eGDPzVM0YSINzYPJ5gDwzPhx5PQC82/Gjh0zduyYAvNvpkcQlQE8lbgTG8AIca/vJWe26iO3eu87s3dfrenRdy+31xf8PCn/vCosLmn1VkNMeFTMxe36jRWPrWQAwCBF/c2PD5SWiJ/flJAXfV0LAAwSaRnAiHCv7+WftMOWNafnntufZ8/LtpUeqMp8Vy8vTg0VOXX+nF2iHhxeth/IzT+vXmT+9x2J6s5NN1SPOG997UURmTI1TEQCHtW4J1VIqCJy9stqeVP/wM7wiGiR0xcvtkmM5/DyVXuDSFhwn0PjAPD8mDIlxNclAMCQcCc2gJHgOmwpdYiyNHmRJljT8ycsOS1VEccBy6E2EU38gjiR03t3n/c8uNneIiLS6nSIaKaHd0VlcZ6tuuh9pht2R/v9dzWfWGtEEpKMKhEJ18aI1Hxx7v4K2a7aM3/pu+ifGBdrxGEpOeS5pHZLs90lIsELFuhFbLtLPFfAdh4qtTgkdNFC1vgCAAB46jG2DGAklO2vEAlNXfrgIG3nWl+lBRUHDjYvMgWnZmeULTYX/9xQl56xNFJp/aaieGd53Yzsqo9NETNmKWLJ/2WOkmGY3FZ/uGTPqcDQMK/eTuYYFletTjNGBDrOW80FtmaVLjszSSUiMnVhStz2zbacJRtdmQZN6zcVpbtPu4LVvZTUVVhmbtKR9PL1c5P+lJXxWrBcqy7Zua9alpbY3tVrTDlbDiZvNifHX0xfZdSOF/vnBdvLLkhMZiELYgMAADwDSMsARkLxGZG4Hut7eYpZumJO4dZTnx2zm0yayDWf/UlfsDF7d2FOZbuogrSxprw/vJ2kEZG5GXsyG3+107o5w6oK0i3OsdoS6389I71HXwvz9r9q27Ato8YhomjnZ360Y5Wua03r4NSdFkdW9u6DW9+yihKVlFn0r4uvZuvebuyrbOX1PFuFYfM7uZ/mZpSJKCG6+Zss/2TSqUREtKkf22Isue/t3rOh3CmiUiL1a4uzMw2hw/nFAQAAwEf8Ojo6fF0DgKfMuZqvRWRWzHRfF+LFtj4y/dCbhfV5Bl9XAgAYZk/qpQfAE83hcIhIdXX1QA/U6XTMWwYAAAAAoBekZQAAAAAAvDFvGcAzw7Djwlc7fF0EAAAAng2MLQMAAAAA4I20DAAAAACAN9IygAHz8xMRYUV9AMDIcF9x3FcfABgxpGUAAzYqIEBE7ty95+tCAADPBfcVx331AYARQ1oGMGCBY8eIiPNWm68LAQA8F9xXHPfVBwBGDGkZwICNV48TkRs3Hb4uBADwXHBfcdxXHwAYMaRlAAM2cYIyelTArbbbzS2tvq4FAPCMa25pvdV2e/SogIkTFF/XAuD5QloGMBhTJk8SkYZvrzm+535sAMDj4vi+reHba93XHQAYSaRlAIMxcYKimThBRC5evsIIMwDgcWhuab14+YqIaCZOYGAZwMhjaUEAgxQ6RSMi9hs3G769duOmY+IERT0ucPSoAD8e8QEAGKyOjo47d+85b7XduOm41XbbHZXdVxwAGGGkZQCDFzpFEzhWdfXa9Vttt92/0wAAMFxGjwqYMnkSo8oAfIW0DGBIJk5QJk5Qbtx0tDpvtf319t179zo6fF0TAOCp5ecnowICAseOGa8eR04G4FukZQDDwJ2ZfV0FAAAAMGxY5QsAAAAAAG+kZQAAAAAAvJGWAQAAAADwRloGAAAAAMAbaRkAAAAAAG+kZQAAAAAAvJGWAQAAAADwRloGAAAAAMAbaRkAAAAAAG+kZQAAAAAAvJGWAQAAAADwRloGAAAAAMAbaRkAAAAAAG+kZQAAAAAAvJGWAQAAAADwRloGAAAAAMAbaRkAAAAAAG+kZQAAAAAAvJGWAQAAAADwFuDrAgA8oVpaWpxOZ1tb27179zo6OnxdDgAA3vz8/AICAgIDA9VqdVBQkK/LAfCsIS0D8NbS0vLdd9/dvXvX14UAAPAwHR0dd+/ebW1tbW1t/e6771588UUyM4BhRFoG0MO33357/fp1EQkMDAwKClKpVCqVKiCA/ysAAE+ce/fuuVyu27dv37x5s62trbGx8a9//etLL73k67oAPCP4DRjAfe6o7Ofn9+KLL2o0Gl+XAwDAwwQEBAQEBIwbN27SpEl2u/27775z/8GXwAxgWLDKF4BOLS0t7l8ywsPDicoAgKeLRqMJDw8XkevXr7e0tPi6HADPAtIygE7fffediLz44otjx471dS0AAAzY2LFjX3zxxe4rGgAMEWkZgLgHlu/evTt27NjJkyf7uhYAAAZp8uTJY8aMuXv3LsPLAIaOtAxARMTpdIrIpEmTfF0IAABD4r6Wua9rADAUpGUAIiJtbW0iolKpfF0IAABD4r6Wua9rADAUpGUA4n4IB2kZAPAMcF/L3Nc1ABgK0jIAEZGOjg4R8ff393UhAAAMSUBAQPd1DQCGgrQMAAAAAIA30jIAAAAAAN5IywAAAAAAeCMtAwAAAADgjbQMAAAAAIA30jIAAAAAAN5IywAAAAAAeCMtAwAAAADgjbQMAAAAAIA30jIAAAAAAN5IywAAAAAAeCMtAwAAAADgjbQMAAAAAIA30jIAAAAAAN5IywAAAAAAeAvwdQEA8BRwXS7fubvKLkrMf0xPna32dTkAAAB47EjLAPAoTZaVC7aeahcRkbLP6vbZtsT5uqSBqCnLKf3f7pfBCzIy5mt8XRAAAMDTgLQMwKfaXfYvbWWHK/50srrxloiIKkwXGxUe+5px8U+0Kn9fl+f2VXVnVBYRaT77v+olTuvTgtxc9mpb2WHbmXNVF+0iIpof62NnGRYsNsSGqDzb2f9sLTvofhkVtpK0DAAA0C+kZQA+46guWv9Lc2VTz61XGutOS1mJeYN/8Pz07R9k6H0f7qJ1c/zLuwJz8JxXfR6VXQ3lW//hXWuNo8fWhiuNZ49bi/NFM3vNB7/LmB/ks/oAAACeAaRlAL7hOJ5lTC+3P6RFe3PlBbsygiX1KcS054jiMW/Zp8W0Nx5627T+cPNDmtjPFK38u4rU4o+3zGWKNQAAwCCRlgH4QntVfpZHVFai5i8wvDY3enJb/Zlz585WVJ1tcYmoU01Jqod2M2JU05Iytyb5ugoRcVZu9I7KSog25tVZYdJ49mR1XYurc2t7/ZGSY6vmJof5pk4AAICnHmkZgC+cLC/tvos4KuPYH9dEdE1RTkgW2SquetvOPY0L5vZ2bFv9qcMVn59rdIiIKGFzjSnzdJpAr0auOpvt4i0RERkXPt+gVbmazx63HjnZqHo9Y/nkc2cbOttp/tYYO7WXU1SeuNiZO8NmJcxQ3+9NNLGJugduDnfZq6uO/I+Kmhb3GUMfNu+6X/X3znHwnZUH70dlzdyMHdtWzPGYpey6XL55TVZZvWiMeZ98lPToqOxy1p07feqkrbNyUcJmGRIS9RG91+NyXKg+8rntbEPnP57mx4bZM2fNmRns/Unbms+ePvb58drOP4iMC43V6WLn6iKUJ+SvHwAAAI9GWgbgA3W1X3W/Vs3SRTyQKlVaQ+bWBw5rbzy6OX19Wb3Lc2NZSb5/8Pz1H+1YpVPu93PlaH5Gfq2IiERl7Lnx1a83VtjbRURiwtIyVVW/zrB0Bj5jXm2B9wi23Zq9MrdaRETUqSVVCVJ/vzdJ2pOom+/R2HGmaP2vvGdfl5WYNyhRqz7cu8ngcS/0AOrvTXtV/nZb9zvNm+aKbUavQ1TTkt7/1+hYi31Bqv4RN7G3VJfm5uYfrnW099xeVpK/URWRZv4ky+DZuavW8tY/bK+84urZ2ioiogpN+dD6vlEtItLurMxbsX6fd7dlIiKi6N75pCwt4uGFAQAAPBn+L18XAOB5FPbi/dFZV4Wl7LLroc1FRKS9vuDn8W95Rc3OXc2V+SbjRpujt+PkgnllVmdU7jQ3OXVa1+sKS5nXMmPttbv3VXe+np2xrtfx7S51xSb9Lx5YqMzNUVu86o31x51Drb/bFxWfdt+87m/4x2zvqNy1S5vyyKgsIl+V55c/EJU7uepK0nvUU1+y5GdbH4jKXe5NjZnp/qOAqzL7jZUlfXUrqpnRRGUAAPC0IC0D8AFVnCG2+429YoNxls5gWplvqaxudPSeyFyV2Svyz3e9CzGs3Wbev69kV05abEhXNwfTlxXX93JoL8ktavlyXdfr6uIDtT3OdLiw+HLn64RlyQ9bkfv01mV51ffrVaLmpySnpCTNmdo9Vt18aG32UdfQ6u9Sd+b0/fi60LRoiAugzU3PnC0iopqqX5SW8b7Z/H5m2vzI+6Ps9oNbd3d9MZWF22u6vsaIxIz3zYWflJXsMpu3rDHEKKIsTU91f4r6vfnWrhvFNbpVOeZd+yyfFJp3bctIiQtViW7dav3QigYAABg53IkNwBdCTO9nWuPz78dUR1N1ZVF1ZZGIiKLVp6zOWJ2k03Rnt9rCzd0xbEbGsf/eNc85Tp9gSi74WZK7p5pCy6m07Dm9jLgGz8ncvmOFvrtDTbIp4b3qo+0iIg2l1lPruo9qLttf0dlIMS1PfMg82+ZSs6V7rLfnfdGumgLTQnN92Ovp/7xtTaxq6PWLiDRevp+lY8JD+y6sn4JT/zFXXPGps7vvFTemrEk/+vbfv1XuHg9vPHq8PjNKK1Jf85euJtPW/LN5TYz7tU4k0Zi63uW61/UtXbpY09UwYWPJJo873BOS12xpc6n6Nz0bAADgScDYMgDfiFhjrS5e0z2y6slRX1W80aR/1ZRf3Xkbc53N1rUslyxat6bHPGd/7dqMrtWqHZ8d+aKXDmMy9u5fcz8qi4gEJi1f2pUSHZZ9h7tGiGv3F5/pfBmWmtxXcBURufJZWVdLUUw7ekwhVsWsLTpRcfpE4ZrYoGGo/0GaFx9cmmzgZiR7RGU3dULKwu5B67rLjSIioijjuzZd3vurt4uOVjfau+8B8Fepur/YQKX72KN5ae+VVtXZna6uQWlVIEt8AQCApwljywB8RjFkfGJLt1fbyg5bPz987myTs8duV3XBL345+fOS1BBpvHh/FPpQevShPrt01tU3S1xwz41Ri9/UPth0zlJTmKXIHWKPlle4kpJUIqcOWLpirW7V0qiHVf+X2u5xVHnd8ECuDg6bdv/N0Orv4nGKxitXRHr5UAPT7qw5uGf3pxXnGu60Nvd1D7yIBC9YoN98ukpERFx15ea3ys0iIv5qTXj0awvT1q4whLmD8E+MizWWUveAe1N1cW5aca6IiCooNGbWGykZK1OieP4zAAB4ajC2DMC3VBqdce3Gwk9sVfVfVh3bl70qLvT+EGR7VfG+2oce7s3hfHCprPCIXgdio5atmt31+rilrEmkrXzfga7EbjSl9Dbu/bj1Vn+nmJn3J/3W/c/T9r7a9fdMtg2v6RduLDp0ur7hykOisoiIxvTRJ2t13kPD7U77haqy/PR5r6eVXhAREX/9lrK8hAe+N1dL49njRRsW6+Nzqx6xkhkAAMATg7FlAE8MlToizrQpzpRaYpq3rXNV6oZmu0iUSq0W6cyxsavMq2f22Yfmb/s/4hqcssy4+Yx7lnJ18YHaBRMtRztvG1anmrwfK+UtUFFEOrOfw+ESeUj7Yalf87ox9t2qs+43Z8z/9fDCHYl9DNW29xiI7k1zWUZ692LgEYY1qcnRk91vmire21be4N1eHZthqV3tfoqy7dTJ+jrPsWh71eZt1gUlyRoRmZq0y2Z0P5b5TydPnLtkb/C4ZaCu9J2d/8G2abZ37wAAAE8g0jIA36gpM1/Upy+a1kvGDAsJFan23BI7K05KOxffqmuSOVlG7wWhH50Pe6FKNKW+W1HqEBFpKM1eGdQ1jj3NlPLQB0eJiPytbo5/V7o+XlJ8IWltpMdeR/l77zoW5Jjc85aHp/6Q5HVvmlcedIdP56G3V0yesneTzjswOw7nGLO+Wl5mWRv1kPz+1Z9Odr2cnb2/2HR/6e8L9fl9HRQYHPu6KfZ1k/udq8n2Xmp6qXv98JNVNZLc9RhqlRKpT4nUp6x5R0Sk3VW3Lz1+m/tG7uZTf66X2UO+hxwAAODx405sAL7QZtudV7TeOEu3OKvgcHXD/WFKl+OC9a2t5d0NY2dGd8barjznKM8wZljONnUd0tZ8qihdrzcVXxh4Gf76lNSuxaUdtTVdD46KXb4s5pHHBiYtN3VPMK7NTza9d7ze1S4iLnu15a2krOLyrUv+zrBkW0VD+3DVr5qfnTO/O1S31xanGOalm8tO19vtzXZ7c91py3u/MOgyrHZXbf7PkjefdD68u64CnK333zgri/fXPdimybLstfT84/WeN2yrNKGTu9e49u9M5qdy4xdmW+9/OhHxV00O0dz/64D/6H5VBQAA4GuMLQPwAbu18JBDRMRRW56fUd7nYKYmeV1ysIiIvz4zN+lIerl7sq798NYlh7d6tX0vLSvicN78AT6FOGbpitiCrWc9N/kblyf3sc5WT3Myt6YcSS9z1+SqLk5PKvZq0d58ttY+xl9Ehql+JWnHx7XLflHS9fRjV8Pxog3Hi3pp2V5/5NNzmXMNffQXOj1KxD2UXmteltK4fKkhou2rAwf2Vl7oZQbzqd2Fp640n0q3FYgoIaHj/UVEPBcGU5YmzReRJstOS2NNe86SshxRqcOCx4uItLd63IytS0ka+rOvAAAARgJjywBGnuuaKJpH3nis0W8pyZ3fNXqpvJ5XUWyKeMhR/i5H/wZTewhJXm7ssUFZalrUz8cCBxreLy9MfchtxVrT/p2dNzkPV/2K7p1P/pg9/xErkKki0gortvUVlUVEu3ZjWvc/gb3amr8x463cosoLLtEEa7zauir2WZq73zmaGhuuNPZYGExr2vW2XkTqrJZT7d1HOd3NPKJy8Jx3t6b6Yu00AACAQSAtAxh5qpjUwqrqY3syk+doe1unStHOX1t44nhJamTPzYbsY2fKd6TpI7xSoBK1KLPwRIV50WAeQqxaZDJ59BeaulT/sOZeggxb/rXqs21pc6b2nCSsRC3KsVT/a/Ycj66Hq35VlGnP5+eOfZjWy7fnr46IS9tRcfrYRoPy8L9HxL1jO5LX85FOqrDXMz45vHWO9/mMu/5kfX+NITbE+3SqIJ3nx4xYaz1RmJESp1W8Zkx3VlWx38SMZQAA8NTw6+jo8HUNAHzvyy+/FJGZM/terPnxaXc5bjjv3/6rUmu8w1Zv2pz2Wy4RUY0LVvo5FPy4uZx2R79LGq76u04qIiIqRaPux3fXaw8qZaJa9eiV0lwOe+c/lkoJftg/VNcHlAC1JmjARQHAUPjyogbgSeJwOESkurq6H2170Ol0zFsG8ATwVymagaepQLUmsI/nJ/mKSq3R9Luk4ap/QCcdhh76/Y/1BP4DAQAADAR3YgMAAAAA4I20DAAAAACAN9IyAAAAAADeSMsAAAAAAHgjLQMAAAAA4I20DAAAAACAN9IyAAAAAADeSMsAAAAAAHgjLQMAAAAA4I20DAAAAACAN9IyAAAAAADeSMsAAAAAAHgjLQMAAAAA4I20DAAAAACAN9IyAAAAAADeSMsAAAAAAHgjLQMAAAAA4I20DAAAAACAN9IyAAAAAADeAnxdAACIiDQ1NV2/ft3pdLpcLhFRqVRqtXrSpEkhISG+Lg0AAADPI9IyAB9ramq6dOlSQEBAUFDQiy++qCiKiDgcjtbW1oaGhkuXLr3yyitkZgAAAIww0jIAX/r666+vXr36ox/9KDQ01M/Pr3t7cHBwcHCwVqttaGi4cOGC0+mcPn26TysFAADA84V5ywB85uuvv25paZk9e3ZYWJhnVO7m5+f38ssvz549u6Wl5euvv/ZFjQAAAHhOMbYMwDeampquXr36k5/8ZOzYsQ9vOW7cuJkzZ37xxRdqtbofBGNqUAAAIABJREFUt2TXFyxOyq/tdVfSngt58wddMQAAAJ4npGUAvnHp0iWtVvvIqOw2duzYH/3oR5cuXer3BObQRRvfSfRuq4kZRKEAAAB4LpGWAfhAU1OTSqUKDQ3t/yFhYWHNzc1NTU39C8zq6fOMCdqh1AgAAIDnGvOWAfjA9evXp06dOtCjXnrppevXrz+eigAAAIAeSMsAfMDpdPbzHmxPY8eOdTqdw1NBS3Xp2ybdzGhtZLR2pn5JtrXO0b3P1VC+fVmSPioyWhsZrTOYNljr7+8U2/rI6IXFja7L5RtS3G1mzUsvOuvo0b3rcvl7y5M6+3/V0LN/qcyK1v6spK6luiA9PioyWjszfqWlXkQcNvOy12Zp3VuKqt1HnHpXr400bD7ds/72qs1zo7VGc83wfB0AAADwRloG4AMul2twadnlcg3D6estSwymzYcbI0zZu8zmXVlLxJazLK/KJSLiOrUted7bJXXqJZvM5l3m3NTIxrKNScYsm2ccrjmQvjC58PZPs3aYzVvSom4fNy9JLarr/nSnty9ckFV8SUnJMu8ym99PjW6w5sQnZlV6dlFbsmzxL89Erdlhzl376u3Kd9M3F+QY11aErczbZc5eFXW7Mt+0rLheROYsNYVJc2lpuecndx22lNpl/tqVzMQGAAB4TJi3DMA3fvjhh4Ee0tHR0e+2tfkLovM9N0RlHPt0TYSIiOtQ/tazrtBVfzy2aYZ7nzHB9EuXqFQicnr7+pJ6Jclc8aFRERGRhMTkBXnxC4vTf204tytJ1dlbW3RmRV5CkIiIJBojXPpllj2lp9dsiRNpr3ovs6RuXNKu8rwEpbNByk+3z/tZycqNhtqCri7aNSlFlswolYgkxIc69Gml5tbUkqotc0VEEuLDXfq00v3WmlXvxESlZxqL1ld8tLM2KTPKfXBz2f4KUUyrF6oH+h0CAACgnxhbBuADKpXq+++/H+hRTqdTpVL1o6GIaNd+bKs66fGzd0WEe4/deqBCJG7F6hkezf1VKn8RkVMVn9klNGVlZ1R2i1m+IlbkaHnF/dHduUmdUVlERObo54k4W9tEROSLik/tEpaSluDZxYy0VbNFKsqPtnVvCp8d1fVZ/HWzXxWReX8X112PZvJUkSt2u4iIalGqSSONpQeqOvfW7i8+I2GpyXP8+/dlAAAAYOBIywB8QK1WDyItf//992p1P0dTVWOCgjUaj5+grmj63ZVGkbAZszS9HNVc97VTRDvDazHtkNBQEbl6paHPs91/aa+/6BAJj/TqIjgsTETsDU29H68oIiKqvtJvXPq62eI4YDnUJiJy6oClwd+YuTqqr3IAAAAwdKRlAD4wadKkb7/9dkA3Y//www9Xr16dNGnS46zriRWcsswo7RX5u2ulrXzfAaey1LQo0NdFAQAAPNNIywB8wP3M5MuXL/f/kEuXLnUfOCQvTg0VaTh/zt7LvuCI6WqR+vP1PTc3NTaKyJSpYf3oXqMNV0QuXvDqormhQUQ0YYMtX5WUvnaaNJRayw5YjrZHrV6uH2RHAAAA6B/SMgDfeOWVV7755ptbt271p/GtW7caGhpeeeWVYTixJn5BnMjpvbvPe2x0NdtbRETmGBdqpLFsT0WPFbD37T0rkpBk7Nec6Z8YF2ukoazkqGcX50uKz4gYkxIGPyActXy5ThyWDXnVYkxbpe3HEQAAABgC1sQG4BshISFOp7OmpiYmJmbcuHEPafn999/X1NS89NJLAxlYdn59ouLoX7w2amITdRoJTs3OKFtsLv65oS49Y2mk0vpNRfHO8roZ2VUfmzRx73yQcmxlWYbxatq65brJ4jhvNRfYmjVvFn6Q1L8Fxvz1m7YlH1ljfSupcdXqtNnB0nrBml9os2uS9mzrZxe905gyUs1ppQ51qmlI/QAAAKA/SMsAfGb69Olff/31mTNnXnnllbCwMD8/P68GHR0d33zzzeXLl6dMmTJ9+vSB9N14aFvGIe+NSXsSdfNFJHLNZ3/SF2zM3l2YU9kuqiBtrCnvD28naUREVPO3VpyI+2hD4SfvZZS4RJQQXcq2vZuStUqv5+mNypBrO6LPzyksy8sodokowbHJufuzkiP630Wv/BUlSGR6xrq5Q+sHAAAA/eA3kOeXAnhmffnllyIyc+bMkT91U1PTpUuX/P39J06cOH78eEVROjo6nE5na2vrjRs32tvbX3nllWGYrvz0cx3P0qeXz/nQ47HPAIDe+PCiBuCJ4nA4RKS6unqgB+p0OsaWAfheSEhISEhIU1PT9evX7Xa7y+VyP5BZrVaHhYWRk7s0l+0ud2hMyxOJygAAACOBtAzgieDOzL6u4gl2sjD/jMx5N31OX89kBgAAwLAiLQPA02BudvWFbF8XAQAA8BzhCVIAAAAAAHgjLQMAAAAA4I20DAAAAACAN9IyAAAAAADeSMsAAAAAAHgjLQMAAAAA4I20DAAAAACAN9IyAAAAAADeSMsAAAAAAHgjLQMAAAAA4I20DAAAAACAtwBfFwAAIiL7v/3LJ1frLtxqab17R0TGjxodOS5oyZSIZS/92NelAQAA4HlEWgbgY/9y5f/bdvHPInLzrqt74827rv/3ZtOFWy3/te6LTeGv/qepf+PTGgEAAPDcIS0D8KX/58v/cbLlqmdO9uTevu3in203rvx+5k9HvDoAAAA8v5i3DMBn/uH856dvNvUVlbvdvOs6fbPpH85/PlJ1AQAAAKRlAD5S/E3NiRtXrt+53Z/G1+/cPnHjSvE3Nf1oW1+wOFob2etPVqWIiKsy26CNnLWktH7IHwIAAADPLO7EBuAbH1461/rAqPLcoCmzxk8WkXOt1062XPXcdfOu658vnVv1ckz/ug9dtPGdxBCvjZoYERHntSaniMvheMSY9sNVboxe2V5Yn2cYSicAAAB4YpGWAfjA/m//EuDn57llnP+oghnzjcEvd2+paP5m7fnKW+13u7f4+/nt//Yv/VslWz19njFB2+uu4JTi0wtaRAlSDeET1Nd8JcJy3QAAAM8u7sQG4AMHmy563YPtFZVFxBj8csGM+Z5brt+5fbDp4nCcXzW0qCwijV/XDkchAAAAeFKRlgH4wFff3/B8OzdoildUdjMGvzw3aMpDDhycuqJkbWT0+uMeb6NyKtudlflp82ZGayOj4wvqRUTaG49uS4t/NVobGa19NWnZtvIGl4jIqW3xupnph0TkYLp7RvTCIqZAAwAAPGu4ExuAD7TeveP51j1XuVezxk/2nMDsdeCwaa/K//kb1wIWrsszTRbRzNKKOA+tjV9/PDg2LXuXTtP6TUXp7pxfheo+SQ2NSc7+IKT8vW3lDbPTdi3XiYjqx1MfS1UAAADwHdIyAIhIY83kvOrCJKV7g/2zA8dFlbz1k43udbyMKWs69yiRhoSA2p3bRML0CYms8gUAAPBsIi0D8IHxo0Z7Pmb5XOu1vlp67Ro/anT/zlCbvyA6v8eWpD0X8ub32T501TqPqCwiE0M1/uL6s62yST8/ZIiTnAEAAPD0IS0D8IHoFyb+yeP+6pMtVyuav3lw6nJF8zdez5GKfmFi/86gXfvx3uU9+lMpfbcWUY8P7LnB3/BPxWlfpZesNFgUrX7Bf0xblWqICOzrcAAAADxrWOULgA+8GRI+afQYzy1rz1dWNH/jucX9BCnPLZNGj3kzJLx/Z1CNCQrWaDx/1AMdIFbmvnOs+tyxfdmprziO7EiPn23YcNw5wD4AAADwtGJsGYAPLHvpx+/VfeG55Vb73RX/q2Ju0BT3il/nWq95jSqLyL2Ojv49bHn4+Ksi4kyZcabMlvL1xqyynZ+sfT0tbEQrAAAAgG+QlgH4xq9emfXPl855zl5235L9YEh2mzBK9atXZo1UdSIiLodLpXQNSCuhk9UiL6jGPOIgAAAAPCNIywB8Y9XLMWcd1/5ny7fX79x+ZONJo8f830EvrXo5ZkRKExGRC0ULk8yts9PWLddNFvuZksLiK8GLchZq3Hu1ulhFaj7L2zDTFfOXks//9qM9KcEjVxsAAAD+//buPSyqet/j+JeDMCoOiICgIulsFEaixmAH2pHahRqksrd6KFGPWuZlm6F5d1tu07xGRWleS8zUDqFFmZTiDZ9M2vLI3rMNSZutgAkOoM6ANShy/hhBHLxwk+Xl/Xrmj2bN77fWd7Gep/V8/P1+a915rFsGoJgPH/5TaGuv1g63WVDc2kEV2trrw4f/1FR1iYhI17FJW2IDzEkLY2PHxy5INP1hdPzm955WV/4cMiV+VICTIXF+bNxhVQAPzQYAALjv2FVUVChdAwDl6fV6EQkMDGz6Q396+tjCXw7bidjMyrbmZBGZ5Rs8rL1/0xcGALhHKXhTA3BXMZlMIpKZmVnXjjqdjpnYAJQ3rIP/sA7+m37NTjpz4ufScxculVnfq9zVyXVwO9+mfqwXAAAAIEJaBnC3GNrej2AMAACAuwfrlgEAAAAAsEVaBgAAAADAFmkZAAAAAABbpGUAAAAAAGyRlgEAAAAAsEVaBgAAAADAFmkZAAAAAABbpGUAAAAAAGyRlgEAAAAAsEVaBgAAAADAFmkZAAAAAABbzZQuAABERPLz84uKisxms8ViERGVSqVWq93c3Ly8vJQuDQAAAA8i0jIAheXn5588ebJZs2aurq6enp7Ozs4iYjKZLly4kJube/LkyU6dOpGZAQAA0MRIywCUdPz48TNnznTu3Nnb29vOzq5qu7u7u7u7u0ajyc3N/fnnn81mc5cuXRStFAAAAA8W1i0DUMzx48fPnz8fFBTUsWPH6lG5ip2dnY+PT1BQ0Llz544fP65EjQAAAHhAkZYBKCM/P7+wsPDRRx91cnK6dUsnJyedTmc0GvPz82uxY8OKqG6artd9tCF9Br+2et8pS+OUbtg8OLCbJuz1fRcbZ38AAAC4CzETG4AyTp48GRAQ4OjoWJvGjo6OAQEBWVlZtV7A7D1g1rSIq21NJ77f+snW+BdTdk5J3jqha0OqFhGRc6dzL4ucMzVS+AYAAMDdiLQMQAH5+fkODg7WB3rVkouLi4ODQ35+fu0Cs7rLk737aq5+6RsxaPgT08Nit8e9s330qn6q+pZ9VdC09IxxJnu1c0N3BAAAgLsXM7EBKKCoqMjT07OuvTw8PIqKiup3ROc+vZ8SkTOnc+vX30ZLojIAAMB9jrQMQAFms/m2y5VratWqldlsruch9ZlHRJy763ytX/dM13Tt1n+1oXqTfdO7aboOWlG5zZS5eVJ0iLZrN03X7rro6Rszqg6dNqlrN03U6hPWb4bV/bt2m5kmpozVLz4bounaTaMN6T9nV2559X1bcrcvG2r9tWt3XfTrX1VfRF2e992iUX2Cu2m6dtME9xu6aHtu1Y+mzI2vxegCrauvYyZtzDRdt1sAAADcKczEBqAAi8XSqlWruvZq1aqVxVLXxcIWk9F8Vr9p7uvrz3Yd9fFrIbXt9+9l/aPX52p6T1nUz7elMWNLwsJXl/rumd/jJkPK3y7st/eic9TLC553N534dn1cYmz/slXpS8NUIiKWfXN6v5hY6BE0al68rq0Y965YNunZ/f9enzY7VETMX03oM2mP+2Oj5qzUeVzI2bVx7euTvXVJw72lPGvhoJh1eZq+k+b/2cf5bObmdUtfXajZtfgJxrUBAADuONIyAGVUVFTcyd1nxT3bLa7ad1Vo7Kb4sY/VeqH0D18k5Yp29kfxozuIiPSNiJl9y/amlv2/Th4boLI2ftL5bNjcL9cnTgsb7iFyaNmMxMKOo7fun661Nu4b0SdgSNjc+M0vh8Z4GL/+vz2iGrQgaVaYiIj0jh5budN/bE08JQGzVq0c5S0iEtF7+Kw6/hkAAABQX8zEBqAAlUpVUlJS115ms1mlquWwqmbClrT0762f7ZsWxT51Nn5wSNjQzYZa9BUR8WjrLZK3d2eWpXYznwP69g64Vpp7j//WiJhMZhGRH3Z9bRRt9GBttebuPZ7SSsaub40ibbw97MVyOG1ffo1h87YeHUVy9+46yquqAAAAmhxpGYAC1Gp1PdJySUmJWq2uXVtVc1d3Dw/rR9Nj0NiV32wd/VDhD3+fv9FYq/6+o5fNC1P9sGiQVhcyeFx8YmZh3aaAN6uKzoUnjputY93VXwHdJy7rapy2D3tz3Sjf/M0vhnXXPTtq5uq0E1XZWDP23b+Hqf6xrL+uuy56XNzWTCMvrQIAAGgqpGUACnBzc/v111+vXLlS+y5Xrlw5c+aMm5tbPQ9pr43q7S2SnqGvZXvN8HVpWWmbV77SR5WdMDM6TBe9/kR9nrCldmkpIr0Xf1811l31SRj9kIiI8xPTdmYe2fnJnOGdTN++N65PUNjMPVefKOYbsyo9My0pftyzzQ3rZsWEBMes+7keNQAAAKDOSMsAFGB9Z/KpU6dq3+XkyZNVHevHeC5PRJpbH9fQrFYzulVeur5j52/ae+jrCVpL5rJ139fjsKo/aLxF8ozmqrHuqo9aZV/Zyl7lGxozZdXWzINLBzgVJi5PuvamK5X7YxFjF3+yMzN5bIAlc+H6tHoUAQAAgLoiLQNQRqdOnXJyckpLS2vTuLS0NDc3t1OnTvU/nmnXl7tE7Hv3DBYRkT9oAkSO/uOIqaqBJSsju1p7i9l0bdqzqqO3h4ha5VifIwf0f66jZH2yKs1UfWu5xVQ549pS7Uji7N1WLdJK1dz6S/UiOnh7iDi35IHYAAAATYFnYgNQhpeXl9lsPnr0aEBAwK3fvVxSUnL06NH27dvXZWDZfHz/ru8q0++FnF3rlm8/YXEfsGrBgJYiItKhf3Tosrlprw+eZZkSZn1v0yGLe9WiaMt300PG79EMeGVUhI/zhZzt695Lk4djh/+xXqeqjf1oSlqfuHEhP/V7ZVRv35Zy9qetiVvSjnrF7tw+1vfn1f37xV8IGvXK/+raijFj/ap1p90HvN7fQ8SSMl0Xm+bbb9zo3hqXi4Yv18bvs9dOeb7WL8ECAABAA5CWASimS5cux48fz8jI6NSpU8eOHe3s7GwaVFRU5OTknDp1ql27dl26dKnLvvO+WhT7VdU3ldq3+6j35r864KGqgVn34cs3m6bPWfvlgvFbxVnbb8rqb6LOzNG9lmft0HfpzvfmT39r7etfmURU6sci5iT9PcbX/sYHuy3fsVv3a+PnLt28fNZ2i4izl+6xIUv3v9Kvo4h0HZu0RSbN/Xhh7HqLiLMmZHT8/NlPq0VEFbF0f/mCyUs/nrndLKJy1vWbt+X14V3rWQMAAADqxO4Ov/IUwL1Br9eLSGBgYNMfOj8//+TJk/b29m3atHFxcXF2dq6oqDCbzRcuXCguLi4vL+/UqVNDlisDAB40Ct7UANxVTCaTiGRmZta1o06nY2wZgPK8vLy8vLzy8/OLioqMRqPFYrG+kFmtVnfs2JGcDAAAAEWQlgHcFayZWekqAAAAgKt4JjYAAAAAALZIywAAAAAA2CItAwAAAABgi7QMAAAAAIAt0jIAAAAAALZIywAAAAAA2CItAwAAAABgi7QMAAAAAIAt0jIAAAAAALZIywAAAAAA2CItAwAAAABgi7QMAAAAAIAt0jIAAAAAALZIywAAAAAA2CItAwAAAABgi7QMAAAAAIAt0jIAAAAAALZIywAAAAAA2CItAwAAAABgi7QMQETEzs5ORC5fvqx0IQAANIj1Xma9rwFAQ5CWAYiINGvWTER+++03pQsBAKBBrPcy630NABqCtAxARKRly5Yi8vvvvytdCAAADWJNy9b7GgA0BGkZgIiIWq0WkeLi4oqKCqVrAQCgnq5cuVJcXFx1XwOAhiAtAxARcXV1dXBwKCsrKygoULoWAADqqaCg4NKlSw4ODq6urkrXAuCeR1oGcJWnp6eIGI3GixcvKl0LAAB1dvHixcLCwqo7GgA0EGkZwFWurq5ubm4iYjAYjEaj0uUAAFAHRqPRYDCIiJubGwPLABoFTwsEcE379u1FpKioKD8/32Qyubq6qlSq5s2b29vbK10aAAC2Ll++bLFYfv/99/Pnz1snRrm5uVnvZQDQcKRlANdp3759ixYtCgoKLl68yJRsAMC9wsHBwdPTk1FlAI2ItAzAlqurq6ur67lz58xm88WLFy9fvsyDsgEAdyE7O7tmzZq1bNlSrVaTkwE0OtIygBuzZmalqwAAAACUwVO+AAAAAACwRVoGAAAAAMAWaRkAAAAAAFukZQAAAAAAbJGWAQAAAACwRVoGAAAAAMAWaRkAAAAAAFukZQAAAAAAbJGWAQAAAACwRVoGAAAAAMAWaRkAAAAAAFukZQAAAAAAbJGWAQAAAACwRVoGAAAAAMAWaRkAAAAAAFukZQAAAAAAbJGWAQAAAACwRVoGAAAAAMAWaRkAAAAAAFt2FRUVStcA4J6XnLJn38HDR7NPnC0sKi+/onQ5uAF7+/9q6+4W4Of7VM/gqIinlS4HAADgjjOZTA3pTloG0CDJKXtWrP/sTIFR6UJQB+08PSaMeoHMDAAA7m+kZQCKWRS/dvO2HUpXgXqKGRg5K/ZlpasAAAC4UxqYllm3DKCeiMr3us3bdiyKX6t0FQAAAHcp0jKA+khO2UNUvg9s3rYjOWWP0lUAAADcjUjLAOpjxfrPlC4BjYNLCQAAcEOkZQB1lpyyh8d63TfOFBgZXgYAAKiJtAygzvYdPKx0CWhMXFAAAICaSMsA6uxo9gmlS0Bj4oICAADURFoGUGdnC4uULgGNiQsKAABQE2kZQJ2Vl19RugQ0Ji4oAABATaRlAAAAAABskZYBAAAAALBFWgYAAAAAwBZpGQAAAAAAW6RlAAAAAABskZYBAAAAALBFWgYAAAAAwFYzpQsA8ODwjhw3cmzfRzRtHEREyi4V5v/rm4SEt3fnKVLNiLhPpwZL+ophoxNr0XraB/p+3jf8xXw4oeeUZJGodV+NDHHJ2/bkxLkiEjwmcUGE1vH8gVWj/lqL/detGAAAANx5pGUATWTEovlTe7aWkrz0fYaiMkc3jb/ON2jEa47G3W9sULq22irO3nG4wGbbBYPhBi1dXJ0dRewdHFs02sGHLP10tr/h7QH3zp8LAADgXkZaBtAkgicP6dlaijPm/mXBtsptmmcGD2yXdy9lv5LcGW+tqFXL3UuezQsKVxekHm60g/u3c2q0fQEAAOB2SMsAmkSYpoOI2aDfVm2bYXfS2wqWdKdlZ6Q25u6iOrg05u4AAABwa6RlAE3ifKlFRN0laIRP8oacGzfRPDNy6sgnH+/QWmUvUl56+kjq+/EJO6oa+0XMGxMZ9oi3u6OIiPm0fsvKNz44cPXHeRu/GOiSsXDascfn/Dncx0lEDCkzoxZni4h24OR5MUFaDycRkfLS0z+lrVm6ZlvVbu3DpsbFDOzuqbYXKS/N2pkwc3HqjaZW19X1y5hFxCds6vj/eS74av3X5KQGDq8cr75JMUMWrZoS4qmyF5HAqfu/mFqtV/jLcyZGXl0KbinO+/G7z99eldYY9QMAADzoSMsAmkTqMcMQP61L4NQ16587sv+brakbDl//cK/oOR+NC3KXUsORQ8eKyxzb+fUKjlryjmfzwUu2iUjgyMRlUVrHUsORQz8Wlzm28QsJDhwzbY7pwIJrE7ld/CcuC5ISferOc2VS+lNqtoiEvBa3IkqjKi81HD50rLjMsY0mpHvExPG522aliIiIU7dhr+jKcn/cnWZ2dH00OFAbMeHd8oKoZfrGPv/A2W++MqSzg/lExg5DqbTyfry7xr2FSMn5rONVf4ebFpP+/aHdJf6P9/Fz/y3vwAGDWUTOZouI5sXFi4f5qUoK0vdlF5U5de7+SK9BUXnfpy1s9PIBAAAePKRlAE0iJ2Hmx54fjgjt0KK1tmeUtmfU1At56Qd2xC1LyRIRCX83OsjdvmDHnHEzKoeLNa/GJQ8KfeFV723v54k+Ye6bx5zzDqVXjgkPXLR+Xs+g5ybIhmvriJ0cTydFj99UbWR18MQ+GpUU7Jh7bbfip9FmV2tyPHH4pKQs639HzNk7M0gTEhkp+h2Ne/rPRPbu7CAnUoa9tObqsV9cfHiEn/nI+ug3025fzPaEGdsnJPfxcy87l/7Wu1X/QDAw1E8lpQfWjPtrcuOWCwAAAN63DKCpGLYseXbMG28nZvwz/7ylXMTFO6TfmI0JE8JF5JkgnYdIjn71gWrt3zcYRLQPh1u/Zh28FpVFZFtxiYioWlY/QsHujzZdNwl5Qo9HW4hkH5pRbbeSbci69qX0p4NJ176m6H8pEXF08rjZOfiE6/d/Uf1zMC6q9n8BS1nptfJ+KysTUbVwrfZ7HYsRMZpLRZy0TwwN8al9FQAAAKgVxpYBNKEc/YYV+g0rRHwCR7w0ZuJT3qrOT44csSK1VVt3EfEJT94fbtulReWDoH0CRwwfOiRY08H6uuYbuPT79Q+gDnFzEpHTeRl1qLD8lr+ePjQj4YfqG8qKa7dGeHdG5vjQ8G4Rn04oTkjPs/gEjRjkr5bS9PRbDgrfuhiRDfGf65YNDQ8ZvC44qtBoyExNXbM2Nes2nQAAAFArpGUASsjRb5g70Xll4phuDuq2IkWXLCJl+uQFX9UInyV5IiI+UeuWjwxxEYvRkL4vz5B3LNM7aslTnk1ddnnJjp1ptWhXU+rkeO/EmVGPRo95N9q6q9Ks5DULExtWT07y5OeTtRFDR4Y/9niAX/gwv/DI0LdjF9zsOWoAAACoPdIyAMWYLpaJOEi5yL8KCsWvg4vTsZ03fp5z5Jg/h7iIIWVJ1OJDVzdNi1xyu/2nF5WKSAfvIBHFH3sVOPulSG159pa1h0+bzxp/K/3PzozGGgTOStk0I2WTiGbM8jcnBgYNHCwb3mmkXQMAADzAWLcMoCmET4vbu2ZMZPXltT5Rvbo4SbkhPUnkcOo/T4v49Jg9xLt6L23PIK2IiHi0cBApNZ6qjMoSOlFTfcXvTXytzyqK5EBEAAADh0lEQVQT8Qtd0uvaNs0z4QP9GuWc6uTc6bxSi4vfkJeHTn1t8pK/zUnc/4V+T+Le5WNqTD2vC7+gXtfOxWAoKhERi6Ux6gUAAHjgMbYMoAmE9w7u6O6lWZIQNvaI/lhxWeUrlC4Ztn++MEdE9DNWpvq/ER4y7p29f/rXj6dKxdG1c4C/1sPB+trkA6cKpgZrQoZ98KHGYHZ09Q8O7FBWevtUmJOwZmfQ4n7ekfM+7Zye8Z8SUT/0yON+reWE9y8vJTTJiVfqFflc99Zl2alxSfoLIiJtu/3R//GeQdrAiKl/+yH1rdoMfesNxnCNh//I5TN00llnf+il8T+MmDNnYIdSwxH9satv1fKUC/pvvr7zpwMAAPAAIC0DaAKpM543ZE4b+ZcQjaZ7qMZepPySudiwY82KGdsqZ14fWBH1ZsG7I5/r5RsU6WdtkHtgS/Lbq7JFxPD+52seGjmiu3evPt5Sdj5r35rhGzWLN95+XDZ12cThv0yeN7yHtmeYVkTKzhsOJq9emfBPEd0dP+trpg6P0LYwbBizYkvllh07RaLfPDgh0LmNpnYTxdM+2NpDOyK0Q2BoeNl5w8ESlWTPXbCm+fToZyr/pIU5GVvWsGgZAACgcdhVVFQoXQOAe0zgk39RuoR7zOyEL4Z0vu5t0iIS/saqd59pk7UlOnqVkrVZ6fd/oXQJAAAAjcxkMjWkO2PLAHDHffadvt+4wMh5n/pbJ6KLU4dH/B/1crL8J3XNXRCVAQAAUBNpGQDuOMOWN16yTP7b84/4W2dNi1iK89K3b4pblsLrkQEAAJrMiBEjbvbThg0bbLYwExtAnTET+/7DTGwAAHD/ueFM7BsG5ppRmTdIAQAAAAAeIDWD8Q2jMmkZAAAAAPBgqR6PbxaVScsAAAAAgAeONSTfIiqTlgHUh709/+u4r3BBAQDAA+jWUZm0DKA+2rq7KV0CGhMXFAAAoCbSMoA6C/DzVboENCYuKAAAQE2kZQB19lTPYKVLQGPiggIAANREWgZQZ1ERT7fz9FC6CjSOdp4eURFPK10FAADAXYe0DKA+Jox6QekS0Di4lAAAADdEWgZQH1ERT8cMjFS6CjRUzMBIBpYBAABuiLQMoJ5mxb5MYL6nxQyMnBX7stJVAAAA3KXsKioqlK4BwD0sOWXPivWfnSkwKl0I6qCdp8eEUS8wqgwAAO5vJpOpId3/H+ie83LDmq0iAAAAAElFTkSuQmCC' />  </system-out>
  <testcase classname="com.reservation.tests.FlightReservationTest" name="flightSearchTest" time="3.599">
    <error message="element click intercepted: Element is not clickable at point (350, 681)
  (Session info: chrome=131.0.6778.140)
Build info: version: &#039;4.23.0&#039;, revision: &#039;4df0a231af&#039;
System info: os.name: &#039;Windows 10&#039;, os.arch: &#039;amd64&#039;, os.version: &#039;10.0&#039;, java.version: &#039;15.0.1&#039;
Driver info: org.openqa.selenium.chrome.ChromeDriver
Command: [1733253a292f7658c11fa3a4a6bb2d0f, clickElement {id=f.E74445BD06D6D8DAD87BB4B0487550E9.d.DE160ED2EAFDD85D072AA03CEFAA49B4.e.68}]
Capabilities {acceptInsecureCerts: false, browserName: chrome, browserVersion: 131.0.6778.140, chrome: {chromedriverVersion: 131.0.6778.108 (3b014839fbc..., userDataDir: C:\Users\Qadir\AppData\Loca...}, fedcm:accounts: true, goog:chromeOptions: {debuggerAddress: localhost:51215}, networkConnectionEnabled: false, pageLoadStrategy: normal, platformName: windows, proxy: Proxy(), se:cdp: ws://localhost:51215/devtoo..., se:cdpVersion: 131.0.6778.140, setWindowRect: true, strictFileInteractability: false, timeouts: {implicit: 0, pageLoad: 300000, script: 30000}, unhandledPromptBehavior: dismiss and notify, webauthn:extension:credBlob: true, webauthn:extension:largeBlob: true, webauthn:extension:minPinLength: true, webauthn:extension:prf: true, webauthn:virtualAuthenticators: true}
Element: [[ChromeDriver: chrome on windows (1733253a292f7658c11fa3a4a6bb2d0f)] -&gt; id: search-flights]
Session ID: 1733253a292f7658c11fa3a4a6bb2d0f" type="org.openqa.selenium.ElementClickInterceptedException">
      <![CDATA[org.openqa.selenium.ElementClickInterceptedException: element click intercepted: Element is not clickable at point (350, 681)
  (Session info: chrome=131.0.6778.140)
Build info: version: '4.23.0', revision: '4df0a231af'
System info: os.name: 'Windows 10', os.arch: 'amd64', os.version: '10.0', java.version: '15.0.1'
Driver info: org.openqa.selenium.chrome.ChromeDriver
Command: [1733253a292f7658c11fa3a4a6bb2d0f, clickElement {id=f.E74445BD06D6D8DAD87BB4B0487550E9.d.DE160ED2EAFDD85D072AA03CEFAA49B4.e.68}]
Capabilities {acceptInsecureCerts: false, browserName: chrome, browserVersion: 131.0.6778.140, chrome: {chromedriverVersion: 131.0.6778.108 (3b014839fbc..., userDataDir: C:\Users\Qadir\AppData\Loca...}, fedcm:accounts: true, goog:chromeOptions: {debuggerAddress: localhost:51215}, networkConnectionEnabled: false, pageLoadStrategy: normal, platformName: windows, proxy: Proxy(), se:cdp: ws://localhost:51215/devtoo..., se:cdpVersion: 131.0.6778.140, setWindowRect: true, strictFileInteractability: false, timeouts: {implicit: 0, pageLoad: 300000, script: 30000}, unhandledPromptBehavior: dismiss and notify, webauthn:extension:credBlob: true, webauthn:extension:largeBlob: true, webauthn:extension:minPinLength: true, webauthn:extension:prf: true, webauthn:virtualAuthenticators: true}
Element: [[ChromeDriver: chrome on windows (1733253a292f7658c11fa3a4a6bb2d0f)] -> id: search-flights]
Session ID: 1733253a292f7658c11fa3a4a6bb2d0f
at java.base/jdk.internal.reflect.NativeConstructorAccessorImpl.newInstance0(Native Method)
at java.base/jdk.internal.reflect.NativeConstructorAccessorImpl.newInstance(NativeConstructorAccessorImpl.java:64)
at java.base/jdk.internal.reflect.DelegatingConstructorAccessorImpl.newInstance(DelegatingConstructorAccessorImpl.java:45)
at java.base/java.lang.reflect.Constructor.newInstanceWithCaller(Constructor.java:500)
at java.base/java.lang.reflect.Constructor.newInstance(Constructor.java:481)
at org.openqa.selenium.remote.ErrorCodec.decode(ErrorCodec.java:167)
at org.openqa.selenium.remote.codec.w3c.W3CHttpResponseCodec.decode(W3CHttpResponseCodec.java:138)
at org.openqa.selenium.remote.codec.w3c.W3CHttpResponseCodec.decode(W3CHttpResponseCodec.java:50)
at org.openqa.selenium.remote.HttpCommandExecutor.execute(HttpCommandExecutor.java:190)
at org.openqa.selenium.remote.service.DriverCommandExecutor.invokeExecute(DriverCommandExecutor.java:216)
at org.openqa.selenium.remote.service.DriverCommandExecutor.execute(DriverCommandExecutor.java:174)
at org.openqa.selenium.remote.RemoteWebDriver.execute(RemoteWebDriver.java:527)
at org.openqa.selenium.remote.RemoteWebElement.execute(RemoteWebElement.java:223)
at org.openqa.selenium.remote.RemoteWebElement.click(RemoteWebElement.java:76)
at java.base/jdk.internal.reflect.NativeMethodAccessorImpl.invoke0(Native Method)
at java.base/jdk.internal.reflect.NativeMethodAccessorImpl.invoke(NativeMethodAccessorImpl.java:64)
at java.base/jdk.internal.reflect.DelegatingMethodAccessorImpl.invoke(DelegatingMethodAccessorImpl.java:43)
at java.base/java.lang.reflect.Method.invoke(Method.java:564)
at org.openqa.selenium.support.pagefactory.internal.LocatingElementHandler.invoke(LocatingElementHandler.java:51)
at com.sun.proxy.$Proxy19.click(Unknown Source)
at com.reservation.pages.FlightSearchPage.searchFlight(FlightSearchPage.java:39)
at com.reservation.tests.FlightReservationTest.flightSearchTest(FlightReservationTest.java:65)
at java.base/jdk.internal.reflect.NativeMethodAccessorImpl.invoke0(Native Method)
at java.base/jdk.internal.reflect.NativeMethodAccessorImpl.invoke(NativeMethodAccessorImpl.java:64)
at java.base/jdk.internal.reflect.DelegatingMethodAccessorImpl.invoke(DelegatingMethodAccessorImpl.java:43)
at java.base/java.lang.reflect.Method.invoke(Method.java:564)
at org.testng.internal.MethodInvocationHelper.invokeMethod(MethodInvocationHelper.java:132)
at org.testng.internal.TestInvoker.invokeMethod(TestInvoker.java:599)
at org.testng.internal.TestInvoker.invokeTestMethod(TestInvoker.java:174)
at org.testng.internal.MethodRunner.runInSequence(MethodRunner.java:46)
at org.testng.internal.TestInvoker$MethodInvocationAgent.invoke(TestInvoker.java:822)
at org.testng.internal.TestInvoker.invokeTestMethods(TestInvoker.java:147)
at org.testng.internal.TestMethodWorker.invokeTestMethods(TestMethodWorker.java:146)
at org.testng.internal.TestMethodWorker.run(TestMethodWorker.java:128)
at java.base/java.util.ArrayList.forEach(ArrayList.java:1511)
at org.testng.TestRunner.privateRun(TestRunner.java:764)
at org.testng.TestRunner.run(TestRunner.java:585)
at org.testng.SuiteRunner.runTest(SuiteRunner.java:384)
at org.testng.SuiteRunner.access$000(SuiteRunner.java:28)
at org.testng.SuiteRunner$SuiteWorker.run(SuiteRunner.java:425)
at org.testng.internal.thread.ThreadUtil.lambda$execute$0(ThreadUtil.java:66)
at java.base/java.util.concurrent.FutureTask.run(FutureTask.java:264)
at java.base/java.util.concurrent.ThreadPoolExecutor.runWorker(ThreadPoolExecutor.java:1130)
at java.base/java.util.concurrent.ThreadPoolExecutor$Worker.run(ThreadPoolExecutor.java:630)
at java.base/java.lang.Thread.run(Thread.java:832)
]]>
    </error>
  </testcase> <!-- flightSearchTest -->
  <system-out>
<img width=700px src='data:image/png;base64,iVBORw0KGgoAAAANSUhEUgAABQ8AAAM4CAIAAADtdIPXAAAAAXNSR0IArs4c6QAAIABJREFUeJzs3XtYU2e6N/57XqZmqiZoN7HMRWg3i4NNkBrFaVB/RrSC0AZxDJuOMFhDUeJoi8pI0YLWYkGxtKaFEZQalRG3jOmIUk9YxXQUeMcDVpFqId0t8NYadpVgrbHl8vdHOCSLhISz1u/n6h9l5Vlr3etZz8rlnfUcfjNOOpcAAB4PPsyzGvUW8y3l5y4tTnx76CICAAAAgIFy5tCuvuz+f/ovEgCAh50zj2v+56Xqa5s++njowgEAAACAh9dvhzoAAIDB8++qK37T/zjUUQAAAADAIwDvlgEAAAAAAADYkC0DAAAAAAAAsCFbBgAAAAAAAGBDtgwAAAAAAADAhmwZAAAAAAAAgA3ZMgAAAAAAAAAbsmUAAAAAAAB47Lz66qvdF0C2DAAAAAAAAI8XU6rcfcKMbBkAAAAAAAAeI+ZJcjcJM7JlAAAAAAAAeFx0TY9tJczIlgEAAAAAAOCxYCsxtrr9twMfDwAAAAAAAMDQ27Vrl+OF8W4ZAAAAAAAAgA3ZMgAAAAAAAAAbsmUAAAAAAAAANmTLAAAAAAAAAGzIlgEAAAAAAADYkC0DAAAAAAAAsCFbBgAAAAAAAGBDtgwAAAAAAADAhmwZAAAAAAAAgA3ZMgAAAAAAAAAbsmUAAAAAAAAANmTLAAAAAAAAAGy/efDgwVDHAAAAAAAAANDPDAZDX3bHu2UAAAAAAAAANmTLAAAAAAAAAGzIlgEAAAAAAADYkC0DAAAAAAAAsCFbBgAAAAAAAGBDtgwAAAAAAADAhmwZAAAAAAAAgA3ZMgAAAAAAAAAbsmUAAAAAAAAANmTLAAAAAAAAAGzIlgEAAAAAAADYkC0DAAAAAAAAsCFbBgAAAAAAAGBDtgwAAAAAAADAhmwZAAAAAAAAgA3ZMgAAAAAAAAAbsmUAAAAAAAAANmTLAAAAAAAAAGzIlgEAAAAAAADYkC0DAAAAAAAAsCFbBgAAAAAAAGBDtgwAAAAAAADAhmwZAAAAAAAAgA3ZMgAAAAAAAAAbsmUAAAAAAAAAtt8OdQAAAPCr9HPjZ+p1BeVX9T9yRrq/ELkwZa4f12mogwIAAABw2G8ePHgw1DEAAMCj5eeWH340Wmx5gvvUCI7Z37q/J4Zv15mXcAl+8+BbAdyBC+r+j013frbYMmyEy8gnBu6EMGR++rHpJ4t7zXlyFPfJoYsHAAAeVgaDoS+7490yAAD01PkNf9x02GJLwN9Ovzmt46/WirwdOtY+Tcf/8clrAa+6DlhQ57JnrK6w2BL85uW3AgbsfDBkdJrk8O0N5luEiz4q+rNg6CICAIBfJ2TLAACPj9uf71Cf+N/e7Ttm1mvR055yrGxjw9etXbfeN97v3al/jVp/1n1x+NND5SeqGxpvWLyo5/JH8QXPTZs0OWj25PF8vBsHAAAYMsiWAQAeH3dqzmg/qe3dvgK3VxzOlp8ZKx5JNXcsNzo9LeD37tS/Lq23L+3NfnPX+UYbvx206G+36Ct0Fyt2bf+ARgrmLVvx12AGQ74BAAAGH7JlAADod36vvxVQurqiqXPLE+OXLnzp0RpZ+u3+yJg9NeZb+t61+8759CUb9n7rePmGTzYmfnJq6dnMWQM45BsAAACsQbYMAAD9jzvlzaOFFbsOlNf97/3fPfn0+D/Onec1aqiDGmqtl99buGGvvsf7zZo9HakyAADA4EO2DAAAA4LjFrB4KSbZ6lSZvWmXzVT5Ca7rCNLfbuk63nvkrD8FYvQyAADAEEC2DADwWBs/f8XC5xwpOILBqOO++En738U/sjfy/RavXLhwEsMd1rHp55ZGXVXF6V0HTlR++zMRuclDJRi0DAAAMBSQLQMAPNbcnpfOmtL/hzV+e/5znUVyyGEmT3vG9jvS1p+brp0vPVP+pa6hUvcDPfn0eF/G8w/T50nGujxp9YAjGIk/4+BA6J8aKssqPr/yZdW5uiYaKfBlnmP8bc44rb92ovp7IqKbdewlGr/74kSZ2dxcTzLTJAIOOcT4+YkTrPfGTwX8beeb00ayCj7BdRs7TT52mnyx8duKbdmHebMY+wf/9vKn2vJL392sO1fXROTCPO/JMLOmBrww9mmOI5n2/R8bay9XXvji0ne3Gqu/bPiJ6Mmnx/s+LWD8X5joL/YY0e013r5U9oXFK/Mxz88SjaK2e1r+yanzdV/pLg176ePMUDcbZ9dVl584e7mxoaFS9wO13SC/aVMn2zu1FUb9tf+rLT9R/WVV9fdGeoqZJBAys16e/RyDlbcBAKDnkC0DAED/a9TuXMFeEZeZZnVF3Nbblw7krc2t0FnMEX278etrVHLkI3qCkS37W4LUyD6g4PUC/8XP2IvjzrW972dnfdZgtkTT7cYbDZWfaXdt/4DjIX3n3WUvuVnmUV8dWLGuouuRiIguH1lx+Ujnn17RxZII+7ksERE13rzF2uI2e26XVNkC55mA1zO778r+c+Nn6je3Hrlk2cG78Yb20lntJ3/fScNGTXt15ab5fjam1P656erpndv2/PfF20b2R7cbv75GpN1GRCMF81amrHnxaRuJ65eF6z6wWHw7+M3LIv/Gz7L/slHbeU+9fuxyCqJm3SfbPnjvSINl//OOG5Rj79SWbmjf26Dedfm2xaFKdJ+TdtuH5CKJ3vJWxHhnRw4EAADQ5v8MdQAAAPDIEXh69NOR7px/77XFf/6QlSqb+1lX8kHIazmVzT0/uO5wXExyukWqbMH4tfbNmNfTz3XpID0oDHfvOFDKtjvXtiUqQt5hp8oW7t/+fPvaKa9sOnyjy0c/nE9fGD1jSc4uK6ky60QNn7yjDEk8orOyhrb1HT7fuDjkHa3te0pE1Hh804w/Jq4rabAyVNvy1FOX7Lxkr6oM57aFR31gmSpbaKrc8+eFa/d+bT96AACADni3DAAAPdcvI2nvVLwZs+nwDw6U/PZEuuOrLnWovVxpt0zr93uT1rrtzHrV7mvq/tZSsj19qucaSa+mCr9TsW7hpk8cnF5bX/FmTKJ+W9ar5r9xOA+j5p8dP2HTuW2vbRx98K0A+7Nzf5bzFzt59c81u5Ijd+gcPLXxavGfV44s3hrB2G51jRcv2z/QD5fTV34gKFwx7dFayQwAAPqsqqqqp7uIxWK8WwYAgAHB446wV6Rh10rHUuWB1qp7b5vWzvvVPmN8n2Pnma3f701STFq44SPNZV1PEldqbdi20lqqPGyEm+soN9dRbs5dxuje1723MqfSPIl18nt9iV9ProCajr+/4awDcdp7Bd1UnOp4qtzm2p7Xsh3Ih+36Qfvu3h6eGgAAHmN4twwAAP3PhT+6+wItx7e9d63LVqcnhKHRiRHTPZ2JiIw3vvh0/z+22e5K7SCul//8l6TC/yD66Wbp/qLDtV1Svs8Pf/KDdP5TREQ0admpf8YTETUeeG1ZsUVqFbj0VMIks2hHuDgexITwhV4nPqplbzZ+fX7bh+e3fUg0ctT455+XTJr18qznmK7prpmmkuyPWFXn9PS8t1LWBAo65vQyfqtNf+uDT8xfyP9wYt2u0KOxneOsuS9Gv7ozeVcjcVzH/ikyet4Mxu2ptlm1jM26/6vZuXbX5SaL0/x8uOjEqimhPbjqkaMY7+fEbsPuOY1qG3usP5Ks6nrjn2BejPxrzCyhMxGR4csTeduKDn9tcZtaLn5RQ35CO+d7wm3C5Hmz/Zknif73y/8uOlF5g32vGzVHKmOXShy/BAAAeIwhWwYAeKxd0nyw7oy9QsLw9TIHZ7NyUMPefV1eFT7lv2lrykuu5luki9dK50fsfG1ZcY2jg2YtOT09P2OjeW/nWaER8X9PDN/OesF4reoLmh9IRETDRriY0uY7I9mTSw0b6fJUrzpOExEJFqdEn3htj80LuXP70lntpbPabR8SjXxa8lLoorkvSdy6pM2t57dts8w2nZjXP85abDmSnPOMdP3HApclidvM8vPGvxcenp/yUkc/ZKex8a+FtlB412m0OM7MtNh3DjKbZq+raDH/4OIXVa2hsxzph/+U3+trV746YRTryJWFeypZNeDEvJr9zl9FnZ0RXKZEbJoSGpW79s97dUTEcfVfnLJssZ+9mn/Kb83m1PleHTUmnSWP/vzd+L8ctxyXfufypa9J0l8D7wEA4FcN2TIAwGOt8Zz2E7uF7k/u52z5RsUJ9lvWp1/daJkqt+OKFn6crJvybm864koSNnYdGMz8OXVNhSLd8nhfNzQQWZuyux95RBR9POIvq7Z9bne88Z3vK4t2VhbttDKTc+WJvZZTXrlFLl5sNfcbxry+ZNbexBOd6W7r+dMX6SWzBcO4Ly5ebzsKbmD0Qq8Ky/fhX+u+JbKbajr5rd/5zryuE1C3nv/sOHtOtWnJFqlyuxHjle9s+t+1lQFJjs2JPWL+2nfme7E3TkteMf/sBssa+77uOwcuAQAAAOOWAQBgCOjqalhb/EIXjrVZnBv8X/O7XWzJOqeAV2VWX0iOkk5lJ/813zRYK9nfPEL/tk/99zcChI5dTlPlnj9HJO4ym8m55osvLYuMmjXDdsVNksosT3Tpi669oLshELLr6fu67+zvNn7pSiupMhHVXtayZrd2DX892NYQ9xEvvZW13sHlo7zm/mmCte1O/tOmsbd9rRuUew0AAI8+vFsGAIDB1vjNTdYWrjfT7WjY58TP096zPTzN888LbfQZdnt2DNEQzfbkNGq8/M0i+c9NV8s/+fTwp5/r7EzxdV/33soPmPaZnBtvshZJur1r8R93OXzyxv9lL/ts1F/79MCBw2e+rNPfburbmlbtnpZOtNFr+rvvG1lbnn/O3lBkh3CfH2ur84ObQECE9BgAAHoD2TIAAAw2Yyt7KV7+qO5nBXuC24t3y/zRPZiParA94SKSLhZJF68i+ulH3ZflJ85WaI99cclq5vyD9t294UdjGaIG3Td9O+03DY1Ebqb/v6/bm5KWXmlzjeLe8hDa6Oesa2BnrcJn+6f3u+A/7MwqBwAA0AvIlgEAHmuzktVvWZ8g2Nj45TW9Kasd81z/npRh2K/7dF9+aSSB7T631yq/6N8QHiZPjmAmzFo8YdbipWTUX/t0Z3Z6CXsa8EZtuS6WYWgk1/56x936j1FtvyC0NmxblsieW3uAdV1XzHCHPYwZAADg4YFsGQDgsTbMeVTbFNBduEx5eqDO+nsBw+oJffbIJ/pZ8/k2yl8rP3FjoGJ5qHD4Y+et+kj8+y6zdn/d0EjE0CgBu4qemPbqsnmOT8E25nnTTxI1uzZ0WYbqCaFk8rRJ/sL/6NxWtf+DXf2xzrFJ13XFGr+pN9JYh0YmAwAADDpkywAAMOg8npeM3K+zGCWrS39rv2RrBNN1pPGdijeTi9njXR9FrT8b6QmOA8svMdLJwu069kRoREQkHDeWjpunuT/rSDArsKczll/79Nj3FhusLUNFRJwz/Zkt03PPS6ii0nxLt7+StOhvD+Oz16ACAAAYNJgTGwAABp/fn+Z3GbB6bU/4K2u3Xfze2LEe7/0fdWd3xsVsOvzDoAdolf5WUx/2NpZtmvrK2m0XbxvtFr35PXuAr+vTph7ULlMmj7f8pPHvOdu+Jptav2/s+lq+9Xs9a2NguNVlqIy9W+balqcmv+jH2qT7aKu2xWrhO9oNCxVTF27ae7nfR1YDAAA4BNkyAAAMAWb+4vlde4DrL3+0XDlp5h+nRChC5kT6Bf05fHVx5VClysO6bPnidKn5Usk9yyRvf/LP80b95Y+WK6a+kvye5rLuJ+vljI0nVrx7gp1AdswdzX8pirUkUqvuo8WJH1lLKY2N2nULlSFLNn3Omuz6/n328W9a+yHg6/3byuxeV4+MmvdHf9amls8+mJNYXGNZG8bGEytiPjh8h4xfV6QvU8xYtu1wY7czhwMAAAwA9MQGAICh4OS35v3oqtf21FjLOVv0t62/bxxMrmPFI6nGPM9svZYe9XrVq+FBAtL9+8Qnle7r9y+1PkVaVxf3bGvv0my8cW3Xh2t3fUgc51HP+T7v+dQIt3HPufzvl5e+u9X4xfnKb7umhU+/GhHQ/v9PvLQ4eudZy3q7r9u2TLHLmXlhmt+0PzB8ulXz7y8vdR6q4i9LcvK3LpV0zCv+5NOCkUTml3b5H+8eCdgY2rm4ccvl/SvWWr87fcF5ceFf951/z3LIdNO5nZEhe7ii54OYEUT3u1ZC0+Ujby4jt38uHs8+HgAAwABCtgwAAEPEI+Lj7DtLEoovsdeT6sJphMuTP/bTasCO8/uj/Om9uyzH995vOLw953DbH7rPzi2VTHLkUD8f1pzo+vLW2Hz70lntJSIqOdLNzi6hi14fa/b3MxEfb6ibs7qCdUBjs+7zEt3nJdYO8e2JuJVPF3cOC/d7MXjE3k/M56P+8cRG5aTsUW7PeI7nfP9/v2oYsNoWvPr+m1et9K7/ueXq+U+u2tprxEuropEqAwDAIENPbAAAGDJc0cK/73/ndcmo7grxAzYVbpzvOnhRdRBGLnzJxoThRET0894DWvuDkImI6hsanuhdDC6TFn+8yp810xV3ypt/fyvAxYEJwzqwZheTvLbMyqXdud149fzhi2ap8lMj+rhklRUjAzZtXTqru4pleWK8cuOmKezVpwAAAAYasmUAABhSzn6LM9XnCt9Z82f/8a4jOtJCjvOo8VPC12zJPbf/zZespMqju6ylNABGBmx6P3p81wHMHc5qP7Mx/NgSs3jnnqNrQyWuPcmZnUZNW7TxYFaolXnCidyC3zxasGKehyMHfIKJTDmVbTnf+MiATe8vntZ9HT4zK//duV1mY+sPrrM+2Je7SdbNCtvthglezdz2965zwgEAAAw89MQGAIChx3Hzm7/Ib/4iGx//9GVVreWWkU//x5ODERh5RPz902mHt3/w4YFrjZY9xjnOzIuvhk/rJpe28ITbi4vzX1xs/PbyJ8eKPz32xSW9zWmrOM7Mi5H/FS8PYLq9Ro6bdP1O6V9rT+z8+Mjec7qWLh3aOc7MC2Ghr0fOEjpbvbTQvxVO/Lxo50d7K2pY/a5HCl6KXZwy14/buN/By+uxYU+/tOqjFxde+7RIvevwNV2Xjt/cZ8YGzY1+PczPxdEaBgAA6Ge/efDgwVDHAAAAj6vW2y0/jeKOtFOqSZM440OdxaYpS89lzBrklXiNzbdb2me94jw5itvHdP3+j013vq/7osF8PjPus8+LXHt5ZOOd2+YJM2fkKK7DeabFvsNGuIzsZb/x3vvpx6afOn8+6FHwAAAAthgMBiKqqqrq6Y5isRjvlgEAYCjp9qaG76J5K1f8NZjh2hiFa6zd85ccHWujJGDSIKfKps7h/XnSYSNcnmJcApn+Oh5nZO/D68u+/ePJES6D01kAAADAYciWAQBgiNw58d6OBmqlTzYmfvL+iPGTZr0cNln63NO8J0dxn/y55YcfDTe++HT/P7Z91sCeScvJf15wtxODAQAAAPQZsmUAABgalR/v/LxjOd/7P146W3zpbHG6AzsKFy18Ce8hAQAAYIBhTmwAABgK3+7Psljv11EuwW9+jBmSAQAAYOAhWwYAgKHwTPj6N/zdejaT0xPjX9148K2A/l8BGAAAAKALzIkNAABD5/7tS58VfVR4ovJbm8spERE5PSEMjHz9tfBpboM+VzMAAAA8svo4JzayZQAAeAjc/7GpUVf15bWqK/XmKyq5MP5i4dgXxj7NsTFjNgAAAIAtyJYBAAAAAAAA2PqYLWPcMgAAAAAAAAAbsmUAAAAAAAAANmTLAAAAAAAAAGzIlgEAAAAAAADYkC0DAAAAAAAAsCFbBgAAAAAAAGBDtgwAAAAAAADAhmwZAAAAAAAAgA3ZMgAAAAAAAAAbsmUAAAAAAAAANmTLAAAAAAAAAGzIlgEAAAAAAADYkC0DAAAAAAAAsCFbBgAAAAAAAGBDtgwAAAAAAADAhmwZAAAAAAAAgA3ZMgAAAAAAAAAbsmUAAAAAAAAANmTLAAAAAAAAAGzIlgEAAAAAAADYkC0DAAAAAAAAsCFbBgAAAAAAAGBDtgwAAAAAAADAhmwZAAAAAAAAgA3ZMgAAAAAAAAAbsmUAAAAAAAAANmTLAAAAAAAAAGzIlgEAAAAAAADYkC0DAAAAAAAAsCFbBoBe0OWEixifpDJrn9XmyRkfUViebvDD6jPtch8RY/W/8Lxa6nrhxrIUKeMzIaLAoYutzZMzPvKcPlWMKQCr/5mi6llINk6SF+YjYpK0fQn0160syWb7t+5WVY5SJhaKGJ8JsQdaBjK0fmlmHbp70h9+hvN5sSESxkfE+CkP3hrqaAAA4BH026EOAADgYSOOUyn8WdtGeLpbKdly80YLkdFgMPbbyRvVYTNKQo5qljLdFBLMWb0q1JW1ke87QCH1k7LVotjWXF2mdKgDGXStletkioIfXAKVaa/48PgTuP13aG2yUHkv5+qWmf13yEeF3SelYkPQgkK9q3RphnzccP7E0YMcHwAA/BogWwYAYBFMCQ0KdKikS2R+Rcgt4o3m9NvJr9VUE4XYKcT1nh4023qSMAAh9Q9d9VWisUMdxZD4d2mxntzj8nYkCPv5yLqa6lby7OeDPiLsPSnlpYf0JIj7W27iuMEMCwAAflXQExsAoC84/ZuX1n5V1+dj9HNI/aThq5qhDmGo3DUYiHjOA3BT/qeuuv8P+miw+6QYW1qIuM7DBysgAAD4NUK2DAADrLXhWIYieJKI8RExk2TRGSX1Zn2Ejd+UpC8wjecUCSVRySUNNjsQ36oqWBklMR3HTxKsVJU1dn5oGiy9/KT5DpZDLnV5YT6iZC0ZtKroGRMYHxETYhqK3Cfs87a2XChIipBMYA8qNh8D/EvLhTxle4XIk480tG1vLIyVSoKzaohqskLMhyL3KaTaPDkjTC1rtXHStlOXtt+FCeLI1IP/c499UPPrEkqClXkXzEaBliWJmHnqemNN0Uq56VYuOWJxG8szgsV+yoNEdEBpqpDOYe3d3lbLGPrQkG7VFHXs6yeJSCmtb+34TLvcRxSW32Cs0SwPlzA+IkaYcKxtZ2N9yeZo08BXH5E4RJmltaw3Y8PBlCixn4jxEQlnKHOqug5I1uWEixhlCRFVZ8lMx2m/Ncb6ks3RMonQdHBpVLJGZ+jcsZuoTCrTZ0iEyhIiOqg0tRbLscq2mplZtZsiZybJYvOqDK3kmG7CrskKEjFTN5SbHcpYksD4iCIKmsyOUJMVJGKCVNUORGKoKlweaTrXBHFkUsH5FnLkSdHlhfmIYg+QlQL90BImiCNTD35j84uqrSm2XZE0IkVTa3ZfHXoeAQDgoYGe2AAwoFoOLg1eftJloiJlq5jf/G1pwfbUFQLx/hgBERm1qdJ4jZ4vjluj8nehm2dU6SuDT11WV66WsA+j00THpJYbmDnL0kKf4VGTNiszL3aWNrFYs9SnB9GUb5EHfc8JV2YucCH6/QSv/r1WMpalvByrafGKXLV1Kp+aqrZvV1+4QTxGEiIVtJdpKH7j5d2jw5alycfc1R3YripKkN/jaLfM5JCrdNlqvtfuhPzzHcOSTUOR+6z1ePrLp5utnpSIrueFhauqf8vMWZ4W+gyv+duS7KUay98RdAXz5euqyEum3BjEON+9uk+lipBWbCxVR3aMnb5S8pf5HxrdlWveVzoTx3O6xXtUX3nKJteS9IySen/F1gViIuKMdaOe3dY+NKQbhREzNlS7SmISVIkudLNKna1OiGjN1WZIO6KsPpQQoTIKliVtVfJohGcgx3Q3g2KLmjg+ssSMIK/hhtpSdXZ80pgThTFupp2q0sPlJIpdk6lwbqranqvOilxI7GG0zJy1Kq/P1Evyq9xlq9YECYiILyIiY3mGPFqt4/sr1qjEY8hwRaPKWS07VZlbminldRdVB1Fk6oYxJZvTSxomxqkW+RERx7NzKLvtZkZEusKI8A0XqK3am69rsrZESSrStGo5305L6j5sYYhMkJNz6Oi/UyYHtJU/VlJKRBcOH9fHRLUdvOb4wW/IfWmwr91IrmwOi1TXM0GJGTKv4frze3emv5HpdTJtst0n5dmX16uYo10L9K0l8P0V61XiMaQ/lbN5ecjpK2rtmoAuFVSxOUyhruWL45JU/i7UfF2TlZsafKpyx5HMwI772v3zCAAAD5UHAAA9Vpc9R+jhveqUtc++yp3n4S2U5dY9ePDgwc09Ud7C55JPWyn3S8XaKUKPWZlXfuncdnP3fA/v+bu/YxXV744RenjPy75mtq35kOI5ocesLVfMTprwme0g63Jl3kKP5+KLm7u5rtMJ3javy+qFW5z35p4ob+H4dRWdxS9nSr2FUXv0FjWTffVeR4Hv9si9hR4xe262bzi1SujhPS+7rvsAuinArgp7J7VWtxczpd5Cj1Vtd+3mnoUe3kLFPw2dBX6pWOvfeaWnVgk9vIXSTVdtxtRR/6vMW4L929qpbw3p3g+Ge2Z7nF33gof3wt1tlW666UHvXrY87NUtUm+hR/wh8/Zy7949s0uelnDYrE7+lTbeWzj+nYoHXX22qvOJMClPe8FbOH7FcfODX9kU5OEtVB66111Ulqw1e8fuOOtB+FfaeO8X1v6r6xksG7zdsK9ukZq3hB8PKbyF8j9Z3Iuvcud5eAe9d9V+JGffecHDe972BuvXbu9JsV6gNy2hPO0FdvPW7/6T0ONPnY9tG1NT9F911PyKLmdKvYUef2m7r458CQAAQD9qbm5ubm4+3XOmHdETGwAG0lMCvhMZz2nLbnTpuPjv0mI9+UbIfZ06t/GnTvelqqMnmyxK6o8frSCaqYgzf9/Iky16hUvffFp8pQfhuCsS5vDsliqJtb58lEOch5udYBiPQ2RoMeuIScKQUGHnKyTXgBk+RM0tzY5fA5n3L2UtH2WL7ZOa6jZAHmlRtzyza2g6erSSnGQLwsxmcnaSzJhJhpLS8s5N0sRlPZzCqke3tW8NiTOaa/4BPdKFAAAgAElEQVTajv97AZHBYN5veuYbrLmgyvcX1hM3ZqHMvL1wOOaHCZgbalYnAZJAIkOLQ1ORmyagiowNMj+474KFE4mOlZR2HqJLVA6zd8fDoiwehKnSQGopPlnZ17CFwXOepfojJaZe1sbjJWUkXfBBVGDnvWgqL6uhZ18OEdqPhD9GQNRw6niN0dFe4vb1piWUHtKTMDLCvHm7TA4U0vnSo3rLo5umc4tUzDa/onGKOH+i0pJjdzs29cuXAAAADAb0xAaAgeQkfSdfcVWpjpUW8hhJyB8VcTFSr+FERHpdncE0mDOLvZNvi4HIpfPvOl01kTvjyeqnyP+9gKjm5s0ehOPYTEtBG8+kzjDf8FuuvR6qpoCCQwI2rFOnpEtVy57nk76qIGNPLQkTg7pbDIqcuvvQBmbp3p0LnjHfwrH/I4DVk9bpqol43p62L7Cu9ipRa0mssKTLR+arVPF4PZ1OqUe3tY8NydhUXqTK3nf8wvWOdNYyt+fxLMMw6htbiKT+zzt8OU6Od6Ntqv2qhWjCOFa7cBUIiC5811hP5GU9qj6wvON0QMkc6FLGTqrvSNjCkCBBTn5FmY58GeOxo1qamTnbNYhm0vKjx/VRUXz98aPn27th24vEK27z+n8vXJchF77PnTg1KlIZHS526WuF9LglmK66JitE1KV9CQ0tRGZPjqkpTvRhVZCLuzvReX39DSJb3wS9+RIAAIDBgGwZAHphGMeJiPT1eot/LJrjcdvSN97UVcer3qj9t6Z4p6Zgi7Joi0tkzqcbZ3J5wzlENDtD+06X9Xc5I1ysHHHwcMbwXRxKj9lcYrLVtXJF/oLg/LYjMXH5O7tdObl3OL8b7cLvVYhs940GIvfucm0eh0vkGr9fHd1lxekepuh90/uGZNAuD1Ue/IHrOz1qzVKRl+cEzqGFEXmDGPpDZSTHmWhMfOGeBQL2R5x+WAja96Ug93z1qTNNS10rjpymwIwgDnFmh0gpqfSoPiqktLScBHEvCh2KxImJyddG3qgqK9bs/u+dyZF568SrDu1VePU6t+xNSzDNqt3lFzQiIg7vqd5GAgAAjwhkywDQC4LJ0wV0pfLUmZaYuax/YTeVl9UQCacEmGW8ThyvgKjEgKjEWyXLg5KKsvcvnalw9/J0J21Dk4HPt5dNejK+ROW6OiMJzV/76L9rIBKMGUNExHkoXs4YyzJWFQxX7CmW8Xl852EcHp/7sM/bIxD4ElXfaGC/YevEjBtLdLrR8JQLv38r2YHbytarhlSuWnVQL0ws6Zw5rHak3dvC4btxiS6e/4LmdJnJqc9cvLy5VKG7oqM55p1+bzQ0ENHv3br8KtGvGKEnUdn3Bj6/p79JORb2ONlsN3V+6fHa0ZXHWqVbgjlExAmWBSYlHS3VOWsryU0RPq4HkXBcxbPjxbPjU6pVUWE5m/PPKDZ2+VnEQb1rCZ6MgE426Ftc7H5R8RlPHlXWXddZPk1N9fVExHd37WZXAAB4SGHcMgD0hq/ijUAnKtucduyWxfZ6TUrWeeLNTYhr/5el0aK7rmAMl2gk53dENE4251mq3p1bZrA4gkV5E35wSADRSXX+dbONhpLt+1ro2ZdN//J29xER0cXKqs4Ct65+ZWstooHCEfh58mvU0eHy4BlSyVSJ0EfE+AVHZ1UaHNh5aDDSwGeJjmgOmoVYf/FifedfnNmyIGotycrXWexobOl6o3rGgdtqccLeNiRjSwuRp5dn+wetDRcu2l+wZ3JQGJ9aCnaWmB/VcKOpjxdtdvCGoh2l5gev3r3zAtFsWdDA/sIyPGhuENEhVc51i81GB4ZcOxa2MDxUQBXa9JJSmimbPbz9pDOpXKs6cprcQ2W+DkZi0cY47gI+EZczrLcX3tuW4Bv2sjvV7M7VWrSvVqPhbpeifwgK51N9kfqYedEr6vzzREHtVQEAAI8UvFsGgF7hybbkV0XEFS6ZUjFxgXKRmE+kP787N/98E41T7E9pX5Hlel6YTNXsr1i2QDyG9OfVufmNLnNSw/hERMLEnISycFXs1KtzlilCn+FR09V9+wvLaviJR0ssey+7xLydUhy+IUsu+6qtpDYrU1NLwsSchLZ/eU+VxfA1Beo3oocnLPDh3awqzNfoOaOJBjNPNVQW7K5yjsndrxT9jojIUHuuojhnc1Ge4s2xF7fKHEqCfMUSOlC5O03Fl9HRffcX7V01eWBfmwsXLZXmJGmXy5RfJcjHDTfUlqq3N/DciarbS3BkG3ZoL8ZmySRlpvtoqD1TUlRceTNIVfW+w6kdI57Io+pDmcl+Rt9r6lPPf7gj0oHb2qEPDcnXT0wHStbGuTVHipybqrZv30+uXbr+dhWQsGnu8dgDSRJZ5Zql0jFtzZtidpeuD+hzPhuwalPk8diihKDv2qr0ikaVo23iz83d5Fg7MfEaP4FHNQczU/2Nwmq1duKHuZH2X2By5mTkngxVZoVLT5me3Lu6U8Wa4gr97JyKLd3fT8fCNnXGLjtJgZkdh2vrjH2MBHEvdbx37T4SOpYkWXKSMd3T5m9L8rdoaVxCzB/az9LzJ6WXLUGY8HGiNjhLKbkqW6YI8hpON69qivZqq10TjpfEW6xC5yRZkyE/Gq9ZImuIW6RoX0FKq+fLdmT05L4CAMBDA9kyAPQSb2rK8bOygixVwYHNS9RGIg7PRxyXkbdsrpDX8c9Wn/j9e2n5uh3pCWojEY+RxKnS1szkdnx66IQwKy2zIDv1oJGI5zJxUtSWD5Vznu1yMiZqv1ZUkJaZvT31oIGIw/WaGr8jNSHQrb2Ak2R9kcq4IqU4J7WcOO4BUYmaNzwPhIXlDFJtEFG56o2CJvmeVGl7T1oXfigzeWxLdYiqobHR9gw/FvivpK7XKtNP5iWf404MSuL9MuAzAPHm5p7mpK54uyRntZZ4TOCiDdrNnO0h8urOItzAzE+PSzKTVfvXJahNNzokqXBNlLgnCYAkUaW4kKAuSkvgMZKYYA45cls79KEh8aMyt15LeFOTl3yGeIx00Qcnlo4uDAs5bi9gbmBm6WnphhVpJesSNOTE5ftNX783Nca/X7IeTuCG0tMBHybn7m+7IldxZMbONXKmZ0PBAxK2Ki4u2a1Zt5Lr9YeoEAdD40m3HCmZkpmSpdmwRE3E4XpNCF6zN8mBS3MsbFNn7BtBc4M7D8gJls1erT3mGmTRa6DbSGZnHt+SlvRue9uYGJqy/+2ojkHLvXhSetsSyCtec1qoWpdZmL26xHTVE+dnnl4m69pnniNN0x6VZKXmFmUm5JuaojxtT5LcazCH+AMAQP/5zYMHD4Y6BgCAX4Oy1aLYA9ItlbnmK+IYDijFSVfj9mrX+A9lbAAAAACPIYPBQERVVVUOlLUgFovxbhkAoN8EKhJ8D6iWz5SfXBQV+gyPSH+luDD/pI4vz12GVBkAAADgUYN3ywAA/cb4TUl2RmHRuSq9gYg4PHHQIuUbcTMFGLIIAAAAMPj6+G4Z2TIAAAAAAAD8CvUxW8YKUgAAAAAAAABsyJYBAAAAAAAA2JAtAwAAAAAAALAhWwYAAAAAAABgQ7YMAAAAAAAAwIZsGQAAAAAAAIAN2TIAAAAAAAAAG7JlAAAAAAAAADZkywAAAAAAAABsyJYBAAAAAAAA2JAtAwAAAAAAALAhWwYAAAAAAABgQ7YMAA89XWGEn4iRppbdtVvUWJYiZXwmRBToBjCeu9pkqYjxixrQk1hVWxAl9BFJUrTG7sudTGJ8RGF57fH1oAIHnKFGk75AJpkkYnxEjI9ILI2KzdJU3xrqsAZMWZKICc+r7eejapf7DMRhLdTmyRkf0fKT/XU8XU64iPFJKuuv4w2EW1UFK6PEfm2Ns+2/JG3bpz188MuSBvx6y5JEjI88p7++iHR5Yf15xwEAfg2QLQPAw6Vstdk/T01uNdb/QnTLYCdFJCJquXmjhchocKSsY+rz5ey05Ef9zVtEv/TjSRxl+K7BSGRo6eGJe1CBA6lVVxAnFYenFtTzZyxK26pSbVWlLZJSdX5q2BRpbOGg//YAYM6gXS6LWnekwSsqZatKtVWl2rpa5m5eYAAefCtfLw8TK9/GAACPmd8OdQAAAOZ01VeJxlpu819VeV5pcOLyOHZ3d4nMrwi5RbzR9os6qO56DVGwxSa+fMe5YEMrlze8v07iqIlJ2ppFLTSa27PL60EFDhxd/n/J0q+Qb4Jm/1JhRyCzQ+VLk6rSF0blvy1fwtNulXGHMER4nNXuVR3Uc+eoPt0S2t4IdbrsDLMSA/DgW/l6eYhY+zYGAHjM4N0yADxUGr6qsbZ5uOOZHqcfU2UiXfU1qycZglS57cw9TZVNelCBA0JfmJZ+hfhzc/eYpcpteOI1O1VzeMZjq1YdNAxRfAOG7yIY6hDAIQ11NUQC77Hd/l7Tzw++ja+XoeLqxrf428a3MQDA4wTZMgD0gna5jygsv4FuVeUoZWKhiPGZII5MPdZoVsTYUJaXFCGZwPiIGKEkWJl3wSwRKksSMfPU9caaopVysVDE+IiWHDGWZwSL/ZQHieiA0jRisH3kbZdRmq0tFwraD+4zQRyZWnS9xfQJa7Bl24laWy7kKYMniRgfkVASlXykwTzQ+pN5yyMlQtMw2hBlTlXboeoLlZJJsqwaohpVsMUIRtYIzLbaMH5Tktx2nAnTLa/XMmBrQyIdiIe6DEiuzZMzwtSy1payLMV0PxHjIwq2PoTRsgJ1eWE+omQtGc7nxYZITDcoLKW0vtUyjJLN0aZPfSaII1MPfmPW/bS14ViGwlSfzCRZdEZJvZ2+qTW71ZVE4mUrpTyrn/OCFsUIqFW7fW9b/O0tpOFgSts4UuEMy6ogMn5Tkr7A1PxEzCRZrErbeQnmA1AnyWLzqgytXU56ozDCR8QsKNRbbtYXKhgf0ZISY2c9yNpvhzQqWaPrvLGs8eEdkZsNJR3zn26csUIvIjqzQewjmq5i5x/laVLGJzjLtNm8nZiemu5HdFs+gBb3qKN+2ipBGpGiqTWwdy9YGdU2htxPEqxUlTWSbS0XMuWMjzS6o89895Vs1kiEkqjkkoZ7Vo86GHeh/Qmt0SwPNzX4hGPmVaXLC/MRxR4gopqsEFsPprWh11bHObOG/tpow7a/Xrph1jwmyWLzqm7+wirQbUXZfayGC7z4Qu//JCKy/W0MAPB4QU9sAOil6sOpEdv1gljFpnDezSp19m7NkkjjjiOZgTwiY+W6IEXBXeGcRSmLnuE1f1uSv0UVsXDY8U8UXh37Xyn5y/wPje7KNe8rnYnjOZ0zxjNlk2tJekZJvb9i6wIxEXHGulk7s65gvnxdlZHvr1i/QDyG9Od35yYryP1k2mSrr09rSpLn5+oFsXFpcuemqu3b1UUJUfc4n26ZySUylr8dFL3P6Bsau17BON/VHdiuypq/kPOpJo4h9+nKd0Z7bk9QX3CTrUkKciei34ts1sY+ZVguiRYlbVHwblaps9WqiBg6XhzvRaa5x16O1bR4Ra7aOpVPTVXbt6sv3CAeIwmRsl48dhePda2VWf/18s3fhi3LjBpDxJ9gqxzb0XTZqbu88EUbXnEx1B5VZxUlhN3PrcyUctoCDootauL7K9arxGNIfypn8/KQ01fU2jUBRNRycGnw8pMuExUpW8X85m9LC7anrhCI98fYfomqv3jhGyKf6ZNdbRbxfTHIPUddffGqkZi223hl72vhuSSKXZOpcG6q2p6rzopcSEc1SxkiIqM2VRqv0f+WmbM8LfQZXvO3pfnZyhVPHd8fIyBdYUT4hgvEzFmWFvoMr/m6JmtLlKQiTauWW7w6c5UvCNpwoXTn7pqoRGHH1prd6kp6VrEslENkLM+QR6t1fH/FGpV4DBmuaFQ5q2WnKnNLM22k/V3wI9U1kURENFUe82xhToGmfFnKZKf2j1u1+wqbyD9lgbCjYZOXTLkxiHG+e3WfShUhrdhYqo60Wm+G4yvC9/DlCZvCec3XNVm5muUhDc2n1DGuRETGis1hCnUtXxyXpPJ3oebrmqzc1OBTlW1PKBHpNNExqeWGtlqiJm1WZl7sLG1isWapT9eTGatzFkbk6yYmafZEMWSaOq6bSm7V5fyXLOsKx0uWsDGIcb6rO5CtLLKabQ3KXSCi6kMJESqjYFnSViWPRngGmn9XPPvyehVzdHdC/nnBnNWrQl27e9I73dUmy5RFBiYySTXDhW5WqbN3V+mJ6/WH4Jn/2VGoKj1cbrUN9+jrhYiIWsqSXo490NT5vad+I7nKvIBjFdXdYyVec0ZjKuUrd/DbGADg1+4BAECPnU7wFnpMeaO4oXPTzT0LPbyFstw605/3mg33fjH7dPd8D+8X1pa3/XlqldDDWyjddJV94LpcmbfQY9VpK6ebk/uV6ciH3ui67717bf/zVe48D29hwmfmJ5qm/Gd9Z9Hv9kQ913m0B/cMzT8+MP9U7i0c/06F1VN3RJk9R+jhveqURW2sOvpDZ4mz617ovN6be6K8hePXVXR+fDlT6i2M2qNnX77deD5bZV7Jpov1iD/UzDqIZTH2VZgq+Y+5V+517KDf/Sehh/fC3TcfPHjw4EF52gvsGtbv/pPQ4097brZfznPJrHvULdMZY/bctFumPUjTjUs4bOgs8K+08Z1VcfW9WUKP5+KLza/8nqkV6HfHdPnoX2njvV9Y+68uJ726Reot9PjLoXsWJYXy3fqOehi/4rj5ka5sCvLwFipNe7DruSPyedkW29rc3D2/c19TyIfe6NhieoIU/zS75F8q1vpbtpw2pxO8hR7Pzcu+1rmp+Z/xHh3180vF2ilCD/9VR81Dv5xpdrH63TFCD2+LIzxoPqR4Tugxa8uVBw9Yj5Lp/82u1E4lt30bmNfCLxffDTR/aswM+F04neAt9PAOevdy13Pb2uXBAytfRxYP/s09Cz0sG9WVTUGdD5H9Nmzr68UGK/Vg2PeaWcx2K8qhkLq5fACAR1Jzc3Nzc/PpnjPtiJ7YANBbU+VzzF428OfKA4mqz1SYelRyeFyOk9mnbgKilmaLFYykicuE1GNNRUWlRJI4hcW+nO4G5Qa8Mtfstaer/JXpRDUV5W2BWg5EdBUIejHpNBFNlc0e3fnXZMl01vU6Dzd7DTaMxyEytFgbpNvjeARxy2SOv2Hr4Ds7yLez0lwm/38MkcHQQkRUXnpIT8LICPMadpkcKKTzpUf1RE8J+E5kPKctuzHQc2wHzA01G0QaIAnsqIoKTcE3xItSzDG/cg6HQ0T640criMKiLD6aKg2kluKTlewzCKPjAohKC4tumP42HiwsNDgFLZC7tNeDIDI2yPxIvgsWTiQ6VlLai4vny6NmO9GxPZr2XsdNRXtKiRe1IJRD1HT0aCU5yRaEmV2yk2TGTDKUlJZbPZxP8Gyzl8C8MPkcIsO5qloi+ndpsZ7cIxWzzUMfp4jzJyotOXa3vZZmKuLMXyPzZIte4dI3nxZfMdtoNFbnyIOzanwTNPvj23su2KnkpqNHK4kkkZFmPR2ceM62mung3IWZbySOc7y0g5w5zp1/cEYM63iI2tluwz1UXnpIT9zwSPN64I55ilXAkYrqt5AAAB4H6IkNAP1kOI9HRM0tzUR8Imo11h7JTd+tuXC5ycqQUSIiXq/my9HX1xO5iSbyHShrHYfHo7Z/1PKJiIy6kuzMwqJzVfp+nGLKPHvnB4cEbFinTkmXqpY9zyd9VUHGnloSJgZZ7zXdw3i4zv0y7dBvOyJuqv2qxTSAM4tdSGhoIeJL38lXXFWqY6WFPEYS8kdFXIzUq/sYuFweEf3Q3jasumswEJEz19lWAafOOjXeaDAQBfqJrRSr01WbBlse6PKRlZTAJSY+KquiMH9fTUyCkG5odpeS+1LlnOEd9TBhHOsuuQoERBe+a6wn8upyODuGyxa8knassL3Xcc2e/PPkvlQ+2YmI6mqvErWWxApLuuzm2IpFTp7eQqKaugYiZ12dgWiiDyt0F3d3ovP6+htEN3XVRO6MJ+tXJv7vBUQ1N292bjmYMOEgEQkTPlCaTc9mp5Lraq8S8Ty9HH1IB+Uu8Pp5njv+zKDJaRvy126e8YFyIp9uflG4rlBHwoTZ3QyGcOp1CKZ6kHh5dl+g5xXV+5AAAB4LyJYBYAC0j1p0D5At2iD19RT61m2WrC4d6rCsqM2TB2fVcNwk4YvSZnh7ivzq0qemHuvnk7jEZKtr5Yr8BcH5pg0cJi5/51Jr/6oelHi6Z0q/gzaeSZ3B/ojDe4qIiDd11fGqN2r/rSneqSnYoiza4hKZ8+nGmbYnE+ZPmPgslV8/XX4j3svG0OXqz0rriXynBvT+ZxCTkRxnojHxhXsWdBlHzbEWoWk4cW7uwUUqz307L5B4/Su96PLgqMmvRLkX5h08VJMoFJbvK6zvPB2PwyVyjd+vjnZn78RxtO9Aa//nhLMzji+oS4jOV0WniytTJW1b7VRypfFHIleHwx70u9A/XKO2qnVhC9TRQWrTBo6PYsfO+B7/huKQe8Y7RMRxHjEgRwcAAFuQLQNAP9HV1BHR793cifT70rKucOeoTnSuXPpDf/0bnu/uTlRx9YKefHuZV5lWbeG7uxLpC9dl1fBkKu37Hd0XDQPwqsVYlrGqYLhiT7GMz+M7D+Pw+DZWgRqkeLrH8WQEdLJB3+LC7/YtmVdAVGJAVOKtkuVBSUXZ+5fOVHRJ8zoIFygkOW9XZqu0kRlSK1dkKN1e0EBO0kXzHZqljOMq4BFduFxFcyXszxihJ1HZ9wY+38WRQxEJlyUE5aws3b1P41vQwJub0j6llouXN5cqdFd0NMe8B++Nhob2dm72Qt5hwug4/7x1RZpypXj3vhYKimo/HTNuLNHpRsNTLnwnewex6u7V89eJAhgvIj7jyaPKuus6IvOcs6m+vr3lcxlfonJdnZEsFvTSf9dAJBgzpnMLZ7RgctLOHU0vxxasWj7VNDee3UoWuPsQ1egbWsnX0WsZ3LvQL+5q0xMLeXHqQ2F8ngvvdxwufwBXaRN4eRFdaahvILIyB5tjFQUAAD2HccsA0Fs/6M27WFfv11QTzZYFcYiaWwxEfG/Pjld5LRcq6/rprC4hIRKiyny1+Uo8Rv2NFtu7GG6aL8NzRVNUQxQkmz2cqKXFQDTG07PjJZihqt8CNcMR+Hnya9TR4fLgGVLJVInQR8T4BUdnVbK7Wg9SPHb4hr3sTjW7c7UW4bUaDe3DsI3mXYN5gjFcopGc35k+umV9BCQ/KnXNONJrEqLzatgFDFXpCxMOGjiT12+Y4+DryD8EhfPJUKi2WJ/5VpPeSDQ8aG4Q0SFVznWLPYy2h2ZyQqNieHQhM7XAIIhRdCbzk4PC+NRQtKPU/CTVu3deaG/n5Mn4ElX/+2JnAWPNeTsr6LpERgeRoXB3aumxVm5MlKz9dJzZsiBqLcnKt5w52thisx+2wWD+ANaq1WVEk0OC+e31U1+kPmYe+hV1/vn2ls8PDgkgOqnON68lQ8n2fS307Mvh7PG93MCMnYnjmg4uXdhWq3YqmQmcKSAq2XfI7KlsvHi+u+WpBvku9AeOwNfHpTpfERYumz5VKpk0gfERCWcoss50813kCKPhlpVbPlkaRKQrOmD2vWeoOmt2mfYrCgAAeg7vlgGgt86kSsMrFymCvIYbrmhUOdomjjglUcYhIq9xE3hUmPVGKi9BOuau7oh6R/lwgUMvNxjxRB5VH8pM9jP6XlOfev7DHZHsl1f8V1IT98uy8uWS6/GJcpHzXd0Rde7BOuH6U4Ux1nv5apODZGcXKdrWucnV6jni9aZAnxVP5FFB9hvJvIQZLobaUvX2czx3i3VSRP4BdLBizzqVSziVFhkV+5O6vMy0y1BZsLvKOSZ3v1L0OyIiQ+25iuKczUV5ijfHXtwqM/t3rP14BoUw4eNEbXCWUnJVtkwR5DWcbl7VFO3VVrsmHC+J97qeFyZTNfsrlrUtY5Ob3+gyJzWMT1SbLw/OrKGpaZWstZqIiJi4vRrO0vh1WXLxf0vC/ySb8QyPyFB7pqSouLL+F5fAt3d2vdc2OUkS02RHlSXLp8rOJiV0rN9Dr6i1b0vmZOSeDFVmhUtPLVAuEvPpru5Usaa4Qj87p2KL1azBSbIsQVyQVkX+CxeYv4sNWLUp8nhsUULQd6aLbWvn/Lm5m0x3zS0sMmDzOm1qxGpjotS0mFaF0cV2j3SitrTw7dKCI6X0bHzkVLPtsg07tBdjs2SSsrbTmSrnZpCq6n1rcd8/tCJcH6kI8hpuqC1VZ5foaFzC+ldcTFe0JkN+NF6zRNYQt0jRvoKUVs+X7cgwhe4S83ZKcfiGLLnsq2WK9hWkNLUkTMxJ8LVSRczSnblfhSqzFEm+RzIDeZzuK9lX8UZgblLZ6pdjv0l4xYfX/G1p/o4GnhtRN0PxB/cu9J2horDgHC8mt3CZ3++IiG7VXagsycrU5MSleJ9XzXFoNgErXy8XMoIi1E1eCZrjSy0nMgxVxqlK8/Ojgg2rEk0L0e0opdFmPeHtVlRPOfBtDADwq4dsGQB6KyxzzyRtckZCtYGIxwQmfrglTtz2anBqwo7EhhXZmnUJGs5ocXiqRhuqe3Oc0oGDShJVigsJ6qK0BB4jiQm2mtswS/9ROTl/VfL2vGQtEYfrNSFqS84bc2yu5SvbUiA5mZy5pKaFnLhe0xO2ZsRPNM1f7SRJzE+oX5FblJZQxOFODE89VCqrSxXFdu7rEpOScip+c1lO6oXR4tmJPKPlBF6OKFe9UdAk35Mqbf+9wIUfykwe21IdompobCQynzfYbjyDxCtec1qoWpdZmL26xEjEcxVPnJ95epnMnYh84vfvpeXrdqQnqI1EPEYSp0pbM5NLRM48HoeI58a3/oaYI4zJ14bXaLIz1MXbU4sMRKYjL0z7W6zcd7TVfWzizczUlkrXrUorTksoIuK5igPXFL4TJeYQEU+65UjJlMyULPnLdjAAACAASURBVM2GJWpTCwleszcpxt/mreON5hNxY5ZFWSb5nMANpacDPkzO3d92sa7iyIyda+RM+wW6xGQXGpJSth/YsERDPKEsMe/T8O9SxCsbugvdSRIZIyjIaZi4INoyL+UGZn56XJKZrNq/LkFNxOH5iEOSCteYLqor6YZDoZWxq5KybhmJx0xWqDYmBbm393zmSNO0RyVZqblFmQn5RiKey0R52p4kuVfHvWGi9mtFBWmZ2dtTDxqIOFyvqfE7UhMCbf06w5NuUSfUhatiF3oe/0e8V/eVzJPtOMFJXpFSnJNa5sT1mh678WgmZ3dwWI2Ngw/+XeiryqyEwpuR6vUz2/NVvstsH4nn3avBWQ31Nywea9usfL3wBAIONdV+o7fsRU/kJFyjKXROStmu2bCkiMMTy97ZeWj25SRh52XaraiecuDbGADg1+43Dx48GOoYAOCRo13uozw4N1eXKR3qSOwoSxLFHpDtuJ4ZOIQxrBbFHpBuqcw172ZsOKAUJ12N26td4z90kUEbXU64LOtu/KFSa69VYZA8WndBmyxUFk3PrMo1X7+t5aBSsvyyYv+ZVRP7cOgLGcHb/Q5t7d0LYQAAsGQwGIioqqqqpzuKxWK8WwYAGHCBigTfA6rlM+UnF0WFPsMj0l8pLsw/qePLc5chVX4YnCncXkOT345+FJK0X69H7C5I45YLi7KSpOHaRQuCvIYTNV3dt29nWZ1LZI6yL6kyXc9LvyjfmIRUGQDgoYBsGQBggPnE7z/qlp1RWGTq8kocnjhoWW5u3EwB/kX8EGgqyC408KOWvYIxmUPo0bsLXvGFp91y1+3WbE8pMbQScbgTg5Q7chYGPtunx9qgd0vMl3n1bl50AADob+iJDQAAAAAAAL9CfeyJjRWkAAAAAAAAANiQLQMAAAAAAACwIVsGAAAAAAAAYEO2DAAAAAAAAMCGbBkAAAAAAACADdkyAAAAAAAAABuyZQAAAAAAAAA2ZMsAAAAAAAAAbMiWAQAAAAAAANiQLQMAAAAAAACwIVsGAAAAAAAAYEO2DAAAAAAAAMCGbBkAeslwPi82RML4iBg/5cFbQx3NkKotiBL6iCQpWmP/lexeWZKI8Ukq69tB2mmX+4gYH+m6im5LXdk83acfTzokdDnhIsanu/+Wn3wYIpTn6Kx+mBfmI2LC82oHIwarN7qbCjSVN5alSBmfCREFVi/AwfPnhfmImCRtHy4BAACgf/x2qAMAgEdTxYagBYV6V+nSDPm44fyJo4cylvp8+fRDwceL471sFtEmC5X3cq5umTkgARi+azASGVrsp8BdS9oPvlEdNqMk5KhmKdN/EVvRVJCRF2MzjKaCTHX9gJ5/MLjNTlR5/dj+143S9IySen/F1gXijhJ80VDFNkAGouUL5qxeFerK2sj3JSJquXmjhchoMPTx56D+V7ZaFNuaq8uUDnUgAADwKEG2DAC9UV56SE+CuL/lJo4b6lCI6q7XEAV3V0JXU91KngMWwMQkbc2iFhrN5fS8pP3gr9VUE4X0V6y28Li8GtW6QvmeKJeuHxpPZmZVEDkRtQ50HAOK4yUN6vw5QKfLziByl8wO/fVmUAPS8rne04NmW//txiUyvyLkFvFG230UBpmu+irR2KGOAgAAHjXoiQ0AvWFsaSHiOg8f6jiIiHTV1+wV+Z+66gEOguNAqmytpP3ga7+q61NkDnILCw+g8vczy+52+ai1JiujxCBMSAwbjECgPw18y++C8/ClykTU8FXNUIcAAACPIGTLANBDurwwH1HsASKqyQoxH7JI1NpyoSApQiphfESMzwSxTJmlbWDtmKwlg1YVPWMC4yNiQtpHYN6qKlgZJfazOYjU+E1J+gKZWChifERCSVRySYOpo2d9oVIySZZVQ1SjCjbtxR7uWJk+QyJUlhDRQaXpsGaDQm9VFayMkkwSMT4ixk8SrFSVNVq54vK3JYxPcBbrX9utleumipggVTURnUxifERheZ1jNeuPbI42DeoWSoIXbD74TXvHVLOS9oNvLIyVSoKzaqxUdVu9NBxMaas34QxlTlWLxe7mtTpJFptXZejuzTA/JknhbihZl83OKvT7MvO/cYlZHe/bZR9b94W6v92mdiKZ0NZOIlOLrreQtWpsH6HdecvKkkTMPHW9saZopdx03iVH/l/BfBEjVBTcsAzuRmG0UMQsLelhn2BjfcnmaJlE6CNifERiaVSyRmfo/FS7vOvIYcuwrUVoJCIydN4OoSRqeUH3t6Pv0dpv+Q63jR6ozZObP7m1eXJGmFrW2nIhTxlsetAmyZOPNFjs01ja3oomiCNTD/7PPfZBzRuMUBKszLtgNlGCzQpvV54RLPZTHiSiA0rTF0tnG+v+K4t1XcLUstaWsizFdD8R4yMKzrE8iI3wurvvPb8u+99F3T+VAADQQ+iJDQA99OzL61XM0d0J+ec7hi+ahizqiuIWJp9p8ZIpNwYxzqQ/lbM5Jy64LLHkUHxnr83yLfKg7znhyswFLkS/n+BFRHe1yTJlkYGJTFLNcKGbVers3VV64nr9IXjmfxIRGbWp0niNni+OW6Pyd6GbZ1TpK4NPXVZXrpa4T1e+M9pze4L6gptsTVKQOxH9njXwVBSZumFMyeb0koaJcapFfvT/s3f3UVFdeaL3fwZNKYYiGMrBCDGWQHcVyU2pmSkd75TGmwLsFJLbOGSCF5d4cUlansYOD0S90MbWqwk2GSsjExgZy0dGXDIyHZG+vlRfX+q2I6xuDXdaZLUiEwO2jhANVUqsKOH5o3gpivc3Ufl+ln9Y+5yzz+/sU1TxY+99tohilmvKZU3x8vjMc3b10uQtS15SSoMtOytv1Zu21MPFa0M7VTH/nbigwryCg+WpH+o7Ss8UF9TLnMzlXXNI++dJC9NtKl3CZrNualPN0X17PkibPrsoLqjzbn0HH2BI3qAK7qapXSq2RceIdtXGrATfhorduZbs2JXSPr25pnBZ9NYL0np1jZeLs3fG6cu22Cwxqp7u7CtpH8UfWZ6fkbPMbY60vfSDLeWyOCt1nlz4l06793JfervdUlPwbsymCqdqbsLmFbqpUn9+X+76BAk6uWV+T4F5uFj6k3c/dQYlbfwkyVcUsxa+GNRs3HTemn+wKj5F075X5cG955oDE98zDaSj03lue8xyS41qbsJGs26q2C8Wm3M2mE6V51qzDMr+V+MZoUKaq7bFxOXXqSPWbXn7JeWtisL8rJ9uU1s/WjCUbtjeo+3lnT/w98ZQNJ/Y9taZRr+o5C0xU5tqPt9tLkqJua+w7VysEBG5nBcVba4cr166bsuSl5SNX5XuWlvc+TFmrjeMtH6wNF06aDYvM5R9ZLXEts+d7trgbsJiMj4OKHWfo674wXRXzf35yHK7kPLsv37r1vio5Ky4qSKq2eq+w+vtvg/muoJf7uOzqD8/lQCAAWgBgIE7laaZGfLjXVc7Sm7tXzkzRGNyL2qxH16jmRli/OWllpaWlparuaYQzcwfrjnc2KmqW/tXzgz5i5//tqPk4sfGmSEr991qaWlpaXlY9vO/1Mx8M+viQ7dD9r07M+TdfTdcr86khGhmLs290nO0V3J/PDNEk/K/3cvq98VrZob8eNcf3coajyT8UDPzzZ0XPSuo3/c3mpk//Onhe+0l9w//xK3kf6fNDNGYcq921PxaxqmHnrV02bNfwXdt6rbCv0r5X/aOot9ueS1E89ovyjpi8Gjq3255rXM7dxODqwXWHGk/7l9/8VftZz+VppkZknbKtaHP+9LD7b5/5KczQzSGjy91KrzfbeN0c/mn0jRdD29pufTLNzvfoIdlP5+rmfk3+29126YtbhGmnekoObflL0I0r/3shHvIFz82zgzRJB2579lW7TqH3X2E57a8FqIx7antJRxXTLuWamaG9Pqv/ex9R9vzO7+394YrhrYb3U14nu9Gdx5ndL007bp0v32PG/tjQjQz4123prsfwy+yDG73xfXBkvArt7f6w7Kfz9W8tsn1Vu/pLeEReJd73Z+PrC7X5f6j0a/wer7vg72uXj+L+v60BIAxp7GxsbGx8czAuQ5kJDaAYdFw7Fi5iGF1gnufjM/S+Dil1JUc6Rg4GJSQsrSbTjpfhW/HC8XkZ0Xsdtew4t9ZD9dL2LKYMK+OHVQLFoZJxbGTDYOPt/7EsTKRxQmJ7t3IStPqd3zk2q8PX/TY2z92uVGarfuK2854s3ifVZTvxC3tZua2f1CASFP5qTMNIzwAct7bS3zcXukXtT9t23V1UXGdmnqBYZE4Dp8s761KpWnjOo24nuklIjV52woaVPHp3TyOu3/3pcvtbigqsoroExM07qWKgfWwGlKTNZ1LNCsS9O43yHm0sMAuEcsH1lnqenZd7Cqje8hhK1bOETleah3I3ewS4VRVkEjtKWtl12nh3VCvPWArP9vl34FOTywfZLSDfm90aJ8X4LF8VE80kUs0HXc4YN4boSKNjsb2YObFxHb6MVS6hdZw7Fi5eJlWRLm91b30bywWe6n1XEdR17dEn/r7keUmMDHZ1PnTq6/werzvg76uXj+LRujTEgDGMEZiAxgWV6sviUyfNcsje5ymChKpbKgXaf2dT+nrmRipFhvnb9ma//Mdb/xt0hyV3Pq3wk2FNaJJcT10t77mql2kMtukzvY8ZZjDLtLNA5z7F29NpUiQepZHNKppgSJVt2557q5YEhf/obVg3/7K+JQwkcqDey9I4Np3uh/cuCjDkngpKT/JUKBUz4+MWr1q5SL1yD/3yMvtFFdrKl2zND/vsltfy1wFJ6bH70soyNwReyzpapa50suwM6Wby+znfelyu+tra0Wma+cMacivUtnljxSqd5LiPylvu0ENRfutMmNN8oBGYUtD9RWHyOxXPP40EBAYKHLhxvVakZ6XKOsrQvWav/3wi+VbdkTpPlXq9PHvJK0w6VQ9RqeY6Oev6tpEjoluRww22iG8N9ovZu2BvSte6hTwAIapi0h7Lne1plJEGTKr57fD1epLIs2lqzSlXTa5r1LVzVuiL/39yHLT9bmGfYXX430f/HX18lk0Up+WADCGkS0DGG0BcZ9ZaqJWWJYbLa4CRWjCnr2t3WhKb4WIRGy3/aLLKj+KyY/wlz8vfWx8YEHOrw9fTAnTlBcV1MncjBU99WYp9RtLv0itKS/6laXogHlVkVkVk2vdPpCJr0P0nMJXZOqawv0rAj03KXy6P6Sdlz41zVCQbtmV5bx0UsJS07sbC/DY3Jd2rTcob1dp0mez9uef735K+SgKjsstj2m4cLK46EBx/oa4nA91G4sLE0P7ceTwGsp7o22/7pP5QfjOaRcJ6i3XVip8RALWHLIsD/LcNMAUfUT0HV4P930I19XzZ9Fj91MJAE8+smUAw2JWsFak7OrVJglz7wy5UV8rEuTf62/WTbZtqYXKRMuRKJXSXzlR4aNSdnShKYJnBYmtrsGuUnW/wOtg41WHiZyrueoUjXsPX/2NOpHAqVO7OSLsnZVzcrYWHSpPfr1fo3wVan18qj5+naMk7c11xeaiZEPi9OG8gt6oNbNETv+HXaUazK/IyrfTUy22bEuhKE174rtv9sHeF1VQkEjZpQv1Eta1+cYPqQc+bPVPI3LTj+8vLPpBYa3StDlmoNfuHxziI2U1F2tkqfsq4jfr6kRk2nRXVjPRq8fj+6bwn7NkzZwlazZXmZdF522z2BK3D3qp535F242hvTeGWWBgmEjlzbruOnJd1K/8QOTMdfsUf9VQWr4bQ/jIGmh43dx3/VCuq6fPopH6tASAMYx5ywCGhX9kpF7EttvivvyPo6Sg0C6BS6N6nVKoCAwL9a/MT4iKNi1cYNC/PlsdqtW8kZB91iEi8opp6Qyp3Jd72t7pIKd9aJOCVeGR80ROWvIvuxXaS3cfdMiMt6Jf6e6QgJgVRrEfLPzgqFWUcSuW9JzaNTmc7YvEePkEqnxFlIpnhxTvwHgb3zaKHDHnXO5U7LT3c6yteu2GBJWXYn56+qKeBrgO8r643ifl+Rb3eaHO+psOafsTRuXvvuio0ll1vs/FtNt5m1a84yPnd6w/6AiKT+gx8p7NN0appK5oj9X9mir37b0gEmEyKkRE1MEakaovLriFWPmH/iyI7bS7tYxieqCqrSdw0PoRbXeG+t4YVmrDohkiR4tL3K6h9osvajteKSJMRmkuzc7vtK6YOB1D/AAY0kfWAMLr6b4P7bp6+iwaoU9LABjD6FsGMDxUcZmbP4/ZZI4Jv5qU2LYcS9FlCUvNTe31N097WWHB75XxuYXJr04UEblz9UJ5aXZWcU5iRsh581JvTWpOyulo86oFl5YmJyx5SSkNlw4eKjxdpUo9VrpWLSLaufOkpGz/JrN/tFiLnAmH0j3n2Qa/NlspVSVZmXOdmkqLbc6nubEB/vEfZhyO3podY7rSWq0tO6u4WjSpOSk9jOBVLI2L+7m18LhVgtbGzO+xR6gm58em7CZd4uqEua4FsSx1qrczorvvrOo7+DCdXj4v37fFrDLJsYPfrT6Q1vOp3ULdnntySVJ2tOHUiqTVOpU01Zw6XHy4rD4ip2xnz5lUh3lp5VVpve7R533pnuqdzNRDpuz8GP3lNakxWt+mmqOW3JKrms2nCuOnR8XO27HJlrlsgzPVoGr8ylqwu8zp38/hwSIi85NS5hRuvdCsS3xnoM98EhGReWkfx55YVZRivJGQvKJtTSZbg+rt3I9bp0AHRi/Tb7toWx+b6UwxuJYHO+dU9Tkk2Hk0XZdiCzYlJRrVvk01n+82n/bSpPYw7334ou32nT/k98Zw0qxea8hJt60zJV1JiXnF215tteyuUwaJVLbtoTBt3WP7YlW2SX+69TKrz5YWHS6/ZTRXfNLvcNW6OUqpPJK1/lVn2B8tp/7Tp3ti/Qf9keWu9/Ck5/s+tOvq6bNokD+VAICekC0DGC7q+AO2sMIt23bvWV/qEFEoQ/Vr8zNSDV2mR3ZSnp1SeCvWsnlx224q/4hQ/aymS+HZdbU3RdQioWuO/EaTvSWrYFdmiVNE6T/n9bidnyYtneE6wD8+I+PUmh2nczIv+OkiUpVOEc/fNeelfJbwxXv7ije97xP853GRrs3quEM2bcGWrF27M0vsIgqf4AVr9mSmLOplvPSCmPgZhTnXek/G1GsPFMqGjN1ZKflOEaV6foL5o/SeJi33HbzqnczNtqRtJ/PW/95njjFd+dDtIUm9UBp2Hi39y6yM7OKt71lEFD7Bs8M3HkiPnzt86VAf96UHXuq1/1w+Pz9t/e689TZXYHE7c366NEBE/ON3FdrTM3Z/vvW9YlFqTKl5v46+kaF7v66/ISmVKi9RvpMSH9CPnbuhWLTVembep+tzD21LsThFlAG62O17N8ao22+fKu7TQ4609buLN6UUi1KzNCXPGl33gT699xAVS7LONG/9WVbbj4bOtPlAZvxQJy33HW337/xH8N7oN+XbuWcUmT/7sDRng02U6kWrt9p2KHZHxlR27OKzKOvXJ/RZ682HNqVYRBTKUF1keuHGON1AwtWnmhMupFiKtqQo1fr48NaPgEF9ZHnoNbze7vvQrqunz6LB/VQCAHowrqWlZbRjADCW2dZrkooWZlXkui/N4ihJ0q/7Q8Khs2lzRjM2PGGq82LCsx1rD5/of98gAAB4itntdhGpqKgY6IE6nY6+ZQCjzpC4TlOUnW6Itq1eYQz2Fmm4dPDg3tNX/WNzkkiVMQDN5QW7q2Rez88qBwAAGAiyZQCjLHhN4ZnpuZv2Fe/OKLU3iyh85hiT9uSsXDRjFMaF4slVX2gusPvH/yRuWNY2AgAAYCQ2AAAAAOApNMSR2KwgBQAAAACAJ7JlAAAAAAA8kS0DAAAAAOCJbBkAAAAAAE9kywAAAAAAeCJbBgAAAADAE9kyAAAAAACeyJYBAAAAAPBEtgwAAAAAgCeyZQAAAAAAPJEtAwAAAADgiWwZAAAAAABPZMsABqEmJ1qrDk0/PZQ6TqarQ7VReTX9O2Hhsle1akPm6aahnLI7Tbb1Bq361biC/gXyZBhQ2w7Uo2mxkbvjfakuiNOEavUZNuejPjMAAHi8kC0DeBLcuV77UOSOffgTmHv1t+6IPLSPQNVPg9r8GHV0XrV70Qi0WDdnGbk73hf7jTqniN3RceZuwgMAAGPA+NEOAAD6YW5a+fkku5ePUjHcNati9vw+3N7so/Qe7pqfClcvV4mEdyoagRbr5iwjd8f7MifdVrXaIX4+7WfuJjwAADAGkC0DeEJ4+yhHqGbFiNX8xKup/GN3xcPcYj2cZeTueF8Ufj5ur3oIDwAAPO0YiQ1gWDhrS3csN+k1oVp1qFZniFtfXGPvvIe9onBdrF4TqlVr9OFJeRcauqshUq8O1Xb61zoC1rau4/8iNXlRodr1NrGfz1vlOkSjj8qw1ja71XenouD9ON2rWo8K1530OK/HHGzbulBtVH6d81rpele0obMXJuVd8LgYEblZuCxUq15RWN+5uL4wQR2qfa/U2Y9m6XxRLp2nHJ9O16p/bKl1VhW9H6PTaNWh2veOdjM2ua+27dwar5tW5VXY3dqq9mhby2v04St2lFxzikhtYZL+dVN2lUiVOdzVeum2wbaYs/ZkXmuEoVpdZFJOhaP11D2epWvj9N2Y/bpx7rW1vd90kUnZtrqut6D78Pp16wEAwBOPvmUAQ+c8tz1muaVGNTdho1k3VewXi805G0ynynOtWQZX96D9ZLoxqbQ+QJeYmTDXX25VWN7LqHCvojo/LjyrSmVY81GK1rep5qglt+SyU+Gnmx+lC+rhrMe2mU41KaNXb33H3159zJJdlBL1XW55lkHhehKVKanIro5NN7/hL7cqLLv2VdSLT/Cfhy9+ue/rqTyYFJUr2tXpOxOUtyosuyzmZfFy4vCaYPedAmJWGLdesO7dVxWXqmkvrdpnKZcZCclLFP1pln65WPqTdz91BiVt/CTJVxSzFnoOTe6zbaWmcFn01guiXpq8ZclLysbLxdk74/RlW2yWGJWI/fOkhek2lS5hs1k3tanm6L49H6RNn10UF7Qw6Rd+s3anWC5MN21MNwaJyDTtoFrMee5D4/KDzrAlqzYnqH2baj7fbc5+d6Xi18WJaun3WfrVmP26cSIiztMZxlVFDYpQU+p2Y7C3vdpq2bUmfepvCuOnd9qv+/AC9H3degAA8FRoAYABu7prqWZmSNop16tzW/4iRPPaz040uu1x8WPjzBBN0pH7LS0tLQ/Lfv6Xmplz04657dF4aM3MEI0p92pLS0tLS9nP52pm/s3+W+2b7x1JCNG89ouyttdnUkI0M5fmXmk9f64pRDPzv+ZevN9+QP2+v9HMDFm571ZLS0vLrf0rZ4b8xc9/6xFP69bersV1or9MO3a7Y49/3fQXM0P+4ufnuhx6aachRDPzJ0c6ovjtltdCNDH76vvVLB4X5fK/09yapeVUmmZmiMbw8aWucbfqu23r98VrZv5wzWH3OH675bXW9qnfF6+Z+VrGqYfd1t5dhINosfv2xntuFdzYH9PLze22sJ+NOaAbt+aIe23377fdxs63oPvwer/1AADg8dDY2NjY2Hhm4FwHMhIbwFCdsx6pl8DYVUb3/tKwFSvniBwvtTpF5HfWw/WijI6JcNtD6dele9VX2VGkUCg7P5e4q7AIY1hHN57//P+sFrHbHR3VKXw7dlZMfrbz1l4tMEX4dbyar18o4mjsupSRZnniPBFrYdFN12tnSWGh3cu4Isa/X83SX4bUZE2PG/ts2/oTx8pEouKWusexwLBIHIdPlov4BwWINJWfOtMwpAHEvbeYovMjwQICA/u6uR7625j9u3HnDhXWik/8SpN7bQrFQPqEe731AADg6UC2DGCIGqqvOETUr6g7FwcEBorIjeu1IvU1V+0iYbNm9VyJPjLaX05mrSuuqbc7nXdqSjLMJeKzNFI/gEDGd2Q7qsXG+V51+T/fce6aw9nkqC3L21RYI5rwCHWvNfSkxzTKP35NnFIq8g9WiYjcLN5nlaCkpKXe/WqWflP28vTpvtv2ak2liHye1Hn+dlJJW766KMOSGFpfkGTQvG5anpF3umY4pt12aTFnTWl2Upz+9Y6zD8RgG7P7G+esv+4QmT33Pw0siM56ufUAAOApwbxlACPufpNdRBTePr3sM39j4eYrUZs2mI5vEBERL/9FmXs/XjzYKaABcZ9ZaqJWWJYbLa4CRWjCnr1d568O2YKY+BmFObm5JavNsw7uvSC6ze/03A88Avpu2+cUviJT1xTuXxHouUnhIyKi1G8s/SK1przoV5aiA+ZVRWZVTK51+0BmVvelOi8mPLtKMV0fvXrLGyGztK9e3bYg8/jw1T86RvvWAwCAkUa2DGCI/INDfKSs5mKNLH3FrfhmXZ2ITJseJKJQzxKpqrt+XaTHvt1qS8qmfzN8dDgpTKGa6qNQTvFReA0hqCbbttRCZaLlSJRK6a+cqPBRjdS6vZrkFGPO+9Z9B4vDCuqUb2fEBrjK+24WEZk4lGsUEZGgPttWrZklcvo/7CpVb4OEFWp9fKo+fp2jJO3NdcXmomRD4vRedh+I+sJN2VVKk9n2Sfs4avsAb0a/GrPfFKrpPiJfnP83WTpvYEd21tOtBwAATwlGYgMYqvnGKJXUFe2xui/WU7lv7wWRCJNRISLzDBFeUv15cWXHqkWOC+VX3SuZqpkd7LSuj46JijToF+g1Gq1ao496v7jafVGo/lMEhoX6V+YnREWbFi4w6F+frQ7Vat5IyD7bz4nLAznVkrh4pVzIyiywB8YnGNrzwL6bRdTBGpGqL9xWOXJW/uGqDEifbettfNsocsScc7nTcc72ecNNDmf7sV4+gSpfEaXi2YFF0RuHwy4yddas9s5qe0X5AC+yP4050NocBXtL3Wuz3xzwzO2ebr3zzkDmZAMAgMcV2CwKHQAAIABJREFUfcsAhmxe2sexJ1YVpRhvJCSvaFvdx9agejv3Y5NCRMTblJzw6fF8y7Jo+8a1hqlSf37f3uPNPh1dgs01h/NPNM7LOJQVHiQicr/2D+WnCs05pZn/fYb2TMqAB7jaywoLfq+Mzy1MfnWiiMidqxfKS7OzinMSM0LOm4d5cqmXPjlFV7ClQuauXOEeaZ/NIoHRy/TbLtrWx2Y6Uwyu1ZvOOVUDGwLdZ9uKYun23JNLkrKjDadWJK3WqaSp5tTh4sNl9RE5ZTuN13N+bMpu0iWubl19apelTvV2RrTKdax27jwpKdu/yewfLdYiZ8Kh9IHMJHeZoZujlIJdP12vTHnD315ttez+vTKoU8d1P87Sd2MOxLyUj98+serzdL2pvK3RcvPPS/w+6+Z5XWvrObzubn11fkx4VpUs2FJuiVENODIAAPAYIVsGMHSKRVutZ+Z9uj730LYUi1NEGaCL3b53Y4y6PfELSy8+5Ju2fnfxppRihZ8uOnPPicUV6+am14mISP3BLZvOztp8Nm5OW3qhWhw4Z7GqNjSp5Hq9yECz5fLslMJbsZbNi9tm6qr8I0L1s5ouhWfX1d7sZTz4ICn9VCI+8clxnbOjvptFFffpIUdrs4hSszQlzxpd94G+tVn6qfe2FRFRGnYeLf3LrIzs4q3vWUQUPsGzwzceSI+fqxBRrz1QKBsydmel5DtFlOr5CeaP0tsnLfvHZ2ScWrPjdE7mBT9dRKrS2csjz3ripU/NT6n9WW7RlpQihc+c6MwjVtPVTO2qjj36c5a+G3MgfBZlWc8Ytv5sS+mmlGLx8lG9unDzgcz4ud1eXG/hdb31vkqlQkQ5fYB/9QAAAI+fcS0tLaMdA4CxrjY/ZmGWI/FfTmx0n5V6ccfCH1sCt9r2xw50VR7bek1S0cKsilz3JYIcJUn6dX9IOHQ2bc5wxd2qJifalN205og1JWyYa8ZjjlsPAMBjzW63i0hFRcVAD9TpdPQtA3gsBMWmLLUk5b8bXhm3coVOJWKvPlu8r7jCrkv7x8EsYGtIXKcpyk43RNtWrzAGe4s0XDp4cO/pq/6xOUnDnSqLnC3cXSXzP1xOvjTmcOsBAHiq0bcM4PFwp6Ig21xgrai+4xQRpVofuzo9+W2NcpBPjXbWluZu2ld84Q8N9mYRhc8c46rklJWLZgz7k7EbCt41bPoqbr8tY/6QH3CNJwq3HgCAx90Q+5bJlgEAAAAAT6EhZsusIAUAAAAAgCeyZQAAAAAAPJEtAwAAAADgiWwZAAAAAABPZMsAAAAAAHgiWwYAAAAAwBPZMgAAAAAAnsiWAQAAAADwRLYMAAAAAIAnsmUAAAAAADyRLQMAAAAA4IlsGQAAAAAAT2TLAAAAAAB4IlsGAAAAAMAT2TIAAAAAAJ7IlgEAAAAA8ES2DAAAAACAJ7JlAAAAAAA8kS0DAAAAAOCJbBkAAAAAAE9kywAAAAAAeCJbBgAAAADAE9kyAAAAAACexo92AAAeR7cf3G984Lzb/OB+c/PDlu9FZPy4ZyZ6eT3nNcF3gmLKhImjHSAAAAAwssiWAXRobmn50/27N51NrgzZ3cOW7+8+/P7uwwc3nU3jxz0ToPB+ceJzXuPGjVKkAAAAwMgiWwbQ6paz6dq3jq55clcPW76vu3/3prNpxiSfqQrvRxIdAAAA8EiRLQMQEfn3psabzqYBHfKw5furTY33mh/M9PYdsbgAAACA0cFTvgDIlXvfDDRVbnfT2XTl3jfDHREAAAAwyuhbBsa6f29qbPju267lv2n46v/cuXHtW/u9hw9EZPL4CTMmKf/Kb9qb/i957Nnw3bfjx42jhxkAAABPE7JlYEy75Wzq2qv861tf/vONK+OfeeabB872wrsPH1Q6vr5+/+4/Xf/jX08LeWvqy+6H3HQ2TfaawBxmAAAAPDXIloGxq7ml5dq3Do/Cv/33in9z1N9tfiDN3Rziyp8P3bxy+d43P5upc9907VvHC89O4inZAAAAeDowbxkYu/50/67HE7B/WXOh8u7XjocPej/Q8fBB5d2vf1lzwb3wYcv3f7p/d2QiBQAAAB41smVg7PIYg/2bhq8q737tPvq6F988cFbe/fo3DV/1UqGnZkdl8Y7lJoNOo1WHatUavT42Kbu4yt5dJ/ZwcJas1apDtcuLGrpuOp4yWx0anl3V9aiKbQu06tCkkkE+9QwAAABPCbJlYIy6/eC+R8fyP13/Y9de5QV+05Jffi355dcW+E3z2OR4+OCfrv/RveRhy/e3H9zv/nyXC1e9oY/aUFg3ZeHqrebPzObPtq56w+tSzoYY3RtJBZeH56I6U0QYDSJy7mSZ5x8Amqyfn3CK1JWc6JIul5UW1YvMM8xnCjYAAMDYxrxlYIxq7NyH/JuGr57pPOV4steEnFcWGd2egG1t+GrtxdP3mjsy6mfGjftNw1fuT8lufOCcMmGi58lqLFHROypFk3q4cK1G0V4cEbNmY8WO5e9aNsWk+J41L1UO5wWKiCLctCjddvqM9XiTaalb9us8UXq8WUSk9vPSyhRNmNshlTabXWR+ZLhqmGMBAADAE4a+ZWCMutvcqRv5zO3r9offuZd4pMoiYvR/KeeVRe4l9offnbl9vZdqRUSkoeDDHZXN/ktz9rqnyi5KXdr+T0xKp3Vdeql9KNfTLW/j24tFmq0ny9xLnceP2UQZl5oYKNethy+6b6o6Zq0T0Uca/Yc9FgAAADxZyJaBMep+c6fpwrWdH9C1wG+ascu6yq6E2WNItseBHtWKiFTtzy8TmZv0Pxb7dBuJcklC/AyRk5aCGleBbV2oNiq/znmtdH2sXhOqVYfOXpiUd6FTMu2sLd2xPFKvDtWqQ2frYjNLrnU73Vox36AXkdO28o6y+uKDJ0VpMq79kTFI6op+5bapxnb6mshcY6SrZ9lZdzovfZl+tmuWdXh7DGe36kK1+i3lHic7t8XQw1xoAAAAPHnIloExymPS8r3OM5Zn+07t6UCPTR4HelQrIvVfVNSKBP/neT2PbdZEGgNFqs7/W0fGW3kwKSom9/5/Sd9pNm9O0Nw/aV4Wn1fdutF5OsO48H1Ltd+yzWbzZ+a0yKbSdZHGbWXdVK0yGueL2Eut59rjsVrPiU90pF5eMS2dIfbDbpvOnqkUmfOjcJWIOMs3GcNX7b4auCrjM7P5o3Xz5Ix52UpLtYgsiImfIfWFhZ2eBNZUuq+wQRb/dLWmx+sEAADAE4RsGcDIanTYRUTl19ukZIWvj4jU/4fboO4mbaq1dOeamIglxvgNhTvjfKRqT4ErHy7b8UFRQ1BicfmBtPglxoglcR+VWjfrGvLNhfVdq1aFR84TsR851ppLNxw7Ui7KqMh5IqKJNAV22mStENG8scBfRESh31haXlVe7Iohdo15/0adXMwtKBMRTXKKUZqt2bs7+pHriwuPN/vEx5uGe/I1AAAARgfZMjBGjR/X6cd/8vgJ7i+/aLzV04EemzwO9Kh28BaYIvw6Xs3XLxRxNDaJiJyzHqkXTewy9z5c//mLNHLeeqybdNk/0qgTcZy2VYmI3Dxx+LwExcbMFxGRsPC3gsRx+Fi5iEj9iWNlIprwCHXrkQqlj8KroyLV9MD2GBRL4uJVUltQfK514HnVvn0VMiMudsHwXD0AAABGHdkyMEZN9PJyfxk08Tn3l2fv3LB2XkvZxdrw1dk7N3o50KNaEfH1UYpI/Z3enuHlbHSIiNKn537ZjqeDNVRfcYhUZUdq1aEd/8Kzq0Tsdkc3h6qMpjkitdYTlSL11tILEhjxo7ZMWxO+dIbYS63nmsV51nZOJGixIbj9yGZndal5VWzbAtFJpR2VeumTk3RiL9x31Ckicra44JpEpCSFdTk7AAAAnlBky8AY9ZxXpz7hhVOmK8c/616y9uJpj4TZtYKUe4ly/LMLp0zvpVoRUc3WBYlU/7asm37fVq4nUWv+cl5/nkTt4+stIsaPztrKPf/tTZzR3REB897QiFyzna6pKTpUIdON0a+0b2sfjO04brWJBC4Nb0ukm2ty/np2+Pt7r05cuHqreU/RifLtxk7XFRMX4SXHzbmV4iwpLLQr41Ys8XziNwAAAJ5crLcMjFG+ExQ3nR1PqXrT/6V/uv5H9x3uNT9Y+X+tC/ymuR7r9UXjLY9eZRH5vqXlzc6Pzvad0CVj1CxPnJe3qSw32xbzkaGbfNJ+1FJwTWRxQry668auFLPUgXKyrt7hr+rX/iKijviRJruq6l/3F9qrJGityb0HOCwqJizHXHA4q/GkyHRjZFuyXH9wS/ZFn6Xm3+xc0vYo79udg/c2JSd9ejynsKhIWWmVsNS4+Z7d6gAAAHiC0bcMjFFTJkz0mGP836b/wGe8Z8/w2Ts3dn35f3d9+X+7pso+4yf8t+k/cC8ZP+6ZKRMmdjmVf/yHaWFeDUVrE3KqPNd5slfsWP5+qV2h/+jD/j4fKyzqrSCp2pdr6zS2u9lpb+rxkGCDIUjkXEFhpXvvsYvaGKkR+by4pFmClnQk0o0Ou4gqZFb7qleOC+VXPSN5Z+UccRRs2nHBy7i6f7k+AAAAnhRky8DYFaDwdn/5pv9LYc+98HzXzuHuPD9BEfbcCx4dyx4VdlAnHPqXjEV+FdnR8xauyMwpth4/aj1enLd+Rbg+1lKpMmwutsQG9DtuTco/pmrqP0/Sm9JdVRVkJ0XpZ+ti25eY6npI+FLXIO0Zb0V6rvCkbpvG7DafWST4ldlKqcn+aWbBUevx4rx1pjff+0KCPA4NiEuN85FmUb4Tt7SHSwcAAMATipHYwNj14sTnbjqb3FdI/n/Vc/723yv+zVHv6LyKsgef8RPCnnvhZzN17oXjxz3zYucnfrlTaOL2nIqq/Dx3m+XI7oxie7OIl4/q1dmJ282r39YoBziGOXhN8RmNeVNW4a4NpU4RZYBuzrtZZ5JNntlsB02kMTAnvy7IFN71QVzBxvCw7KpKpeGNV9xKF6TsSa372a7iTSnFCj9ddGaxbUnNB68keRyr9PMVmZWapB/YBQAAAOCxN66lpWW0YwAwam45m642NXoU/vrWl/9848r4Z5755oHnwOnnJygefv/9X08LeWvqyx6bZnn7Tu2pb/lp1WRbZ0gq0WdV5Zh4wBcAAMDjxm63i0hFRcVAD9TpdPQtA2PdVIX3veYH7o/7EpG3pr781tSXf9Pw1f+5c+Pat/Z7Dx+41lWeMUn5V37TPEZfuwQovMdcqixSX5xbYvePjydVBgAAeAqRLQNj3Uxv34ctLQ3ffetR/qb/S90mxl35PztpprfvyET3GGsu32WukHkZyfNGOxIAAACMAEZiAxAR+femRo8e5n4KUHiPxVQZAAAAjz1GYgMYBjO9fSd7Tbj2rcP9oV+9Gz/umRmTfMbgAGwAAACMBWTLAFpNVXi/8OykP92/6/Gg7K7Gj3smQOH94sTnvMaNe4QBAgAAAI8O2TKADl7jxgVN8gma5HP7wf3GB867zQ/uNze7Mufx456Z6OX1nNcE3wmKKRMmjnakAAAAwMgiWwbQjSkTJpISAwAAYCx7ZrQDAAAAAADgsUO2DAAAAACAJ7JlAAAAAAA8kS0DAAAAAOCJbBkAAAAAAE9kywAAAAAAeCJbBgAAAADAE+stA+jezZs3v/76a4fD4XQ6RUShUPj4+LzwwgsBAQGjHRoAAAAw4siWAXi6efPml19+OX78eD8/vz/7sz9TKpUiYrfbGxsba2trv/zyy5dffpmcGQAAAE83smUAnVy5cuXGjRszZ84MDAwcN25ce7m/v7+/v79ara6trb18+bLD4QgJCRnVSAEAAIARxLxlAB2uXLly586duXPnBgUFuafK7caNG/fSSy/NnTv3zp07V65cGY0YAQAAgEeBvmUArW7evHnjxo0///M/nzRpUu97Tp48+dVXX/3d737n4+PTnyHZ1Xkx4dlVbgUK5XTNor9JSl1pCFIMPfChOZmuTioNSy09skbtVlqTE23qFHIXS3Mv7VzcTXl1QVzUlgplbK5tq2HULw4AAACDRrYMoNWXX36pVqv7TJVdJk2aNHPmzC+//LL/E5jnJJpXvyoiIk01pw7tL8pOKvlVwv5/SZvvPZSoR8j0iFRz8L22Vzet27aX1s5N+GyFrn0Plbb7I+036pwidofzkcQJAACAkUK2DEBcHcsKhSIwMLD/hwQFBTU0NNy8ebOfCXPg68aIts7YiJg18VnhUfmWbQUxnTt1HxOKYIMxuP1VTc2u7SJB+oglhj6PnJNuq1rtED8fOpYBAACeaMxbBiAi8vXXX0+fPn2gR7344otff/314M4Y9nZMsEjl1brBHf44U5AqAwAAPPnIlgGIiDgcjn6OwXY3adIkh8MxfFE4a0t3LDfpNaFadahWZ4hbX1xjb994Ml0dqo3Kq3E/4HS6Vh0ak9NaZlsXqo3Kr3NeK10f66pk9sKkvAv2TuewVxSuc23V6MOT8i40DDLW6rwYtSbzdLPjdHbCwle16lBtuCsOjzhr8qJCtett0hGV67z23qsHAADAKGMkNgAREafTObhs2ekc5ATdys+Lq0Xmv94+/dd5bnvMckuNam7CRrNuqtgvFptzNphOledaswzK/ld7MCkqV7Sr03cmKG9VWHZZzMvi5cThNa5h1faT6cak0voAXWJmwlx/uVVheS+jYnDxi4g0l2f/9Vu3xkclZ8VNFVHN7nFI+bldCeH1zohVW3cm2Kutll2l5mUr5cQ/rwn2GvzJAQAAMKLIlgG0+v777wd6SEtLy4BP43TU37x6anfGpqI6hS5tc4x/a3nZjnWWGqXJbP3E6MqNI5bERGaFR+UnfWD44jNTv4c2N2lTrVkRfiIissQY7NQvL9xTULZm8zyR5vLszNJ6pemz0qwIZesO0aFJug22AV9Fq7rKqVkVuaY+k/nah9pDh9PmKFuva46fYXmBedeZNd0+VRsAAACPA0ZiAxARUSgUd+/eHehRDodDoehvHluSpFWHatWv6vXGuPXHFBGZheUHEto7V89Zj9RLYOwqo3vmGbZi5RyR46XWAfRfLzC1psoiIjJfv1DE0dgkIiK/sx6uF2V0TITbOZR+/e+37iowMbnvVFlEwiJi5rjtN/+/RgWJnD5bPoRTAwAAYGSRLQMQEfHx8RlEtnz37l0fH59+7hyx3VZ+9sShTKNKRF4KT47TKTvGITdUX3GIqF/xGMscEBgoIjeu1w40snZuuXx9zVW7SNisWYOurAsf38Etf+WtVLLKFAAAwOONbBmAiMgLL7zwpz/9aUCDsb///vsbN2688MIL/dxf4eevUgXOiTfvjPeXi+bl2x51z+r9JruIKLz7m94DAABgLCNbBiAi4loz+dq1a/0/5Msvv2w/cEDmb9yb+orUF6StO9n+PG3/4BAfkZqLNZ13vVlXJyLTpgeJyPihrsoUpJ4lInXXrw+xnmHw5dVKkSB/1WjHAQAAgB6RLQNo9fLLL3/11Vf37t3rz8737t2rra19+eWXB3MmL/XavealyoaStStzLreWzTdGqaSuaI/VfWWlyn17L4hEmIwKEZmlDhOp/N0XHTs4q87/cSDnnWeI8JLqz4srm9uLHBfKrw7mEgbIfsvuNuraUVJUKhK4NErzCE4NAACAweGZ2ABaBQQEOByOysrKsLCwyZMn97Ln3bt3KysrX3zxxUF0LLdSGn+RZTqXVJq9Pi/CtZDSvLSPY0+sKkox3khIXtG2gpStQfV27seuB2JPj4qdt2OTLXPZBmeqQdX4lbVgd5nTfyDDqr1NyQmfHs+3LIu2b1xrmCr15/ftPd7sEzTIaxiA2sIEw6W45BW6qVJ/KmdH0WVRxWYkkywDAAA8xuhbBtAhJCTEz8/v/PnzX331VberQ7W0tFy7du3ChQtTpkwJCQkZyrmUi7P2p2rkonn5BptdRESxaKv1zCcJwY5D21JS3kvJLLgcGLu91G2xZf/4XYWpi9W3Pt/6XkrKtv8lsXm/PpQ8b0AnDUsvPpRqCLpZvCklZd2Hpfble07sTdCO/KLHYcmWj1+/lJ+e8l7K1sP1mthPTti2GoY6shwAAAAjadxglksF8FS7efPml19+6eXlNWXKFF9fX6VS2dLS4nA4Ghsbb9++3dzc/PLLLw++V3msqcmLijRLaumRNep+7A0AAIBhY7fbRaSiomKgB+p0OkZiA+hGQEBAQEDAzZs3v/766/r6eqfT6VqQ2cfHJygoiDwZAAAAYwHZMoDuuXLm0Y4CAAAAGB2MxAYAAAAAPIWGOBKbp3wBAAAAAOCJbBkAAAAAAE9kywAAAAAAeCJbBgAAAADAE9kyAAAAAACeyJYBAAAAAPBEtgwAAAAAgCeyZQAAAAAAPJEtAwAAAADgiWwZAAAAAABPZMsAAAAAAHgiWwYAAAAAwBPZMgAAAAAAnsiWAQAAAADwNH60AwDwRKrOiwnPrnIvUQbo5kTHbU42BSlGLywAAABgmJAtAxi8OYnm1a+6/lt/8XBhfl76wn8p/qjAEqse7cgAAACAoSFbBjB4ga8bIxa3/j9iSdzq4iTdBtv67NLoHBMdzAAAAHiiMW8ZwLBRvh2zVEROlp8b7UgAAACAISJbBjB8vBQiIs3O1pd3qoq2J4S/rlWHatWv6pdlWGubO/atPbpjeaReHapVa/ThK3aUXGs7qrnuePtRr5uWby+tdXYc5bxWum2FSafRqkO1Gn3c+tK6jo01eVGh2vU2sZ/PW9VWc1Tnk7of7vYvJqemdXttaVtUobN1sZkdUYlU58WoNZmnmx2nsxMWvqpVh2rDXYf1GjAAAACeUIzEBjBsnCdLT4vIPF2YiNwsXPbG1soAfXyKOdVfblVYdllSljXn2rYbFCL2z5MWpttUuoTNZt3Uppqj+/Z8kDZ9dlFckDhK1oavO+k/JyHjM52q8Strwe7MnwXqDsUHiojTlmlYU1yv0iVuNM/1l1tnzdveDz/1B0v5Bn17DMe2mU41KaNXb33H3159zJJdlBL1XW55lkEhIjWWZW/tqFQZ1m5NecXbXm217CqtcSp85iwwzQkQEefpDOOqogbV3ITNZt1UqT+Vs2Nd5JmLFtvGeW21N5dn//Vbt8ZHJWfFTRVRzVZLrwEDAADgyUW2DGDonPb6+mpb3vqMUruXJjUjTiUiAXH7/zVK/HxaJzAvMQY79csLLUXvG+JVDYf/xSbeMR8fSFvkJSISEbOmtab6IwdPiiJm66ENBhERMca2bZHm8m0biusDE44cSwvzaq0z8gdx+i3mgoTC+IDWvezeUUcOrwlTiIhELFmovGXY9LmlKM0Qr5Jz+3Mrm3Wbi3JdO0csMQU1zV73+6jU3IT5IlK244OihqDE4jPpGldVEUvCw941bDIXrp4Xp2qtvq5yalZFrknZfum9BAwAAIAnGSOxAQxeSZK2ddDygvBlG4pvhcbsPFa4NrR1q6I9VRYREdW0QBG73SEi/kEBIk3lp840eI5ZnhKo8hLn722nb3YZzfw76+F6CVsW05oqu+pcsDBMKo6dbGgvCYswhnWc1X/+f1a3ndRF6duR6SoU3iJ2u+tM56xH6kUTu0zjdkr/+Ys0ct56rL69JDAx2S1V7j1gAAAAPMnoWwYweBHbbb8wtP5fofRXejwI29lwrsi86+CJC5cdbalkay66KMOSeCkpP8lQoFTPj4xavWrlIrVCRMTL8Iv8hEtJllWGQqVaH/lfExLjDcHeIiL1NVftIpXZJnW2ZxhhDruIf/chju+Iab4xSlVQ+D/TirUfhgdNltqTWdlHRfm2ab6ISEP1FYdIVXaktkv1GrtDpLVz2cfXu/PGngMGAADAE41sGcDgKfz8Vaoettlt65Ykldz2CVsYt3GtNnjWbMWRlcvy2rYq9RtLv0itKS/6laXogHlVkVkVk2vdblCKKBeknaj4afXvig/vLS7YmVS00z8259cfLfZReis88vOOMCb3kCp7mJdxKPNq+JbMcGumq0BlyNi/xaCQ9jTY+NHZzDe6VK+c0lutPQXcr5AAAADwuCJbBjAizpnTSuo1qaXF7QOzq5/zXINZodbHp+rj1zlK0t5cV2wuSjYkThcRES9F8Ly41HlxqXdK1xnTi3YdWrs4ISh4VpDY6hrsKpV6kDHVWH6yrWLR1uLkVxVT/ZWKyf7Kjk5gxSx1oJysq3f4D6b6bgMeZJQAAAB4LDBvGcCIcDocIrOCZ7W9bq678EVdx+Ymh7N9YScvn0CVr4hS8ayIiNPuNgFYGTjVR+Q5xUQRecW0dIZU7ss9be98Inu/Jwz7a+fMcB7PiImKNukXGHQ6rTpUq4tOL7osIhIW9VaQVO3LtXWqvtlpb+rrSnsKGAAAAE8y+pYBjIiwV3XyeenPE6c3xmp9Gyp27z4kAe2LKtXk/NiU3aRLXJ0wt3VxqTrV2xnRKpHLeVEmc+PchOQVuqlSf96Sm3/df2lmlEpERJOak3I62rxqwaWlyQlLXlJKw6WDhwpPV6lSj5Wu7UeHcHVp7jGHfnPRjsjpIiL3r186d6YwO7d0/drpYdaUME3KP6bawrOT9JdMyQnGYG+5dam46ICtMiDlROma4J4q7S1gAAAAPMHIlgGMCFVc1md/TPmgOG/9WVGqDav/9jdr/QqjIk+IiIh67YFC2ZCxOysl3ymiVM9PMH+UblCKSOiaQwdk3aY921IsThGlWp9o3rKxfQ5w6Jojv9Fkb8kq2JVZ4hRR+s95PW7np0lLZ/QjoPrCTR+WB39oi9e1TXJWGYJ0hqnXtas+v+566HXwmuIzGvOmrMJdG0qdIsoA3Zx3s84km3obU917wAAAAHhijWtpaRntGABg5F23RL2xw+62nLKISHPVtsiY/MAt5ZYYeoMBAACeMna7XUQqKioGeqBOp6NvGcCYMX1Z6tuWVflxCy/GJb6rmyrS+JWtaH/xhTu6jTmkygAAAPBE3zKGS2qWAAAgAElEQVSAMaPZcaEwK7t9/Welen5MwsakmDC/0Q4MAAAAI2CIfctkywAAAACAp9AQs2VWkAIAAAAAwBPZMgAAAAAAnsiWAQAAAADwxDOxAQyD29/YGx33mr69/+DhQx6GAAAYtHHjZML48d6TJvr6TJ7yvHK0wwEwppEtAxiS29/Yb9z6+rsHD0c7EADA06ClRb578PC7B3e/sd+9cevraVNfIGcGMFrIlgEMXt2N+vrb34jIZO+JU55X+kz2fnbC+HHjxo12XACAJ1VLS8t3Dx467jXd/sZ+r+n+tev/0fStM3CaarTjAjAWkS0DGKT2VDnoxan+fr6jHQ4A4Gkwbtw4xbMTFM/6+vv5NtxprP3TLdd3DQkzgEePp3wBGIzb39hdv77MmjGdVBkAMBL8/XxnzZguIvW3v7n9jX20wwEw5pAtAxiMG7e+dvUqK5/zHu1YAABPLeVz3kEvTm3/3gGAR4lsGcCA3f7G/t2Dh5O9J9KrDAAYaf5+vpO9J3734CHdywAeMbJlAAPW6LgnIjykFADwaLi+cVzfPgDwyJAtAxiwpm/vi4jPZMZgAwAeBdc3juvbBwAeGbJlAAP24OFDEXl2Ag/VBwA8Cq5vHNe3DwA8MmTLAAaspUVci3yMdiAAgDHB9Y3j+vYBgEeGbBkAAAAAAE9kywAAAAAAeCJbBgAAAADAE9kyAAAAAACeyJYBAAAAAPBEtgwAAAAAgCeyZQAAAAAAPJEtAwAAAADgafxoBwBgTIgK1Vb2tt2053LWokcXDgAAANAHsmUAj0Kq2exs+3+tdce20ro5iebVr7ZvV4WNVmQAgOHw/ffff1Vb9/KMl3rZ59+/vDbjpaBnnmFsI4AnA9kygEdh0RJj+/+rv8rdViqBrxsjFo9qTACA4bO3oPCzf/jHlfFxa5NWd7tDTu7uvQWF/89P1qxY/jePPDoAGAz+tgcAAIChijD+lylT/PYWFO7e8/913foP/7h3b0HhlCl+by5eOBrRAcBgkC0DGHXOkrVatSah4KZbWZV5YahW92F5l91SSppERKTZcaEgfZlBrw7VqkNn60xJ2ba6Rx45AKDV9Ben5X/2d37PP+9KjN03uVJov+efz//s716cNm30YgSAgSFbBjDqFBFLjNJcfuxkQ3tR5ZFf14rYS63nmtuKmqxHT4osNkZ4i0hNUeJby7ZY7a+v+shs/sycFinlOYnhUXk1o3UNAICgwOn/8PdmpdInJ3f3gYOHXIUHDh7Kyd2tVPr8w9+bgwKnj3aMADAAZMsARp9isTHCS87ZytqeBFZ1+Ghd0FxdkP3IsbK2ncpsx5slYolRIVJfuGX92YawlOITn6yJXWKMWBL3Ualt52KpzE7Krhq9ywCAMe/lGS/l7dqpVPp88mnOoV8dPvSrw598mqNU+uTt2tn7A8AA4DFEtgzgMeBtXLJY5GTpcdco64ulx68HRvyPzIjpjsMnWwdjn7OdES/jksUKkYZjx8pFDKsT1G5V+CyNj1NKXckR0mUAGE3Bs9R/b872ee65j3+58+Nf7vR57rncv9sZPEvdj0MB4PFCtgzgcaCIMBpEbCfLREQq/5e1drox+hVN9JJA+2HrORGR8mOljrZh2FerL4lMnzXLu3Md01RBIrUN9aNzBQCANj8IDckx/3LSpImTJk3MMf8yJJhUGcATiWwZwGNBEW5aJHLaVi5SdcxaF7TEFCYS9iNj62DsMuthuywyGhWjHScAoD80P/zBwQLLwX/aq/nhD0Y7FgAYJLJlAI8Hb+Pbi8Veaj1XdaLkWmDEjzQiIq+YIqY7DlvLK202uxjeDncly7OCtSLXr15t6lzDjfpakSB/1aiEDwDwMG1awLSAPxvtKABg8MiWATwmFBGRBrGX7Tb/una6MfoVV6Emekmg/WThrrI6WWyKaB167R8ZqRex7ba4PwHbUVJQaJfApVGaUYkeAAAATxmyZQCPC0W4aZHUnD7ZOgzbJexHxqDr1uMXZVFkxzBsVVzmZp2i0hwT/n5e0VHr8aOF602GdSclLDU3lWQZAAAAw4FsGcBjw9v49mIRj/7hV0xLZ4h0DMN2UccfsB3KNCp/v2d9Ssp7KTuOiX5t/okja3iQDAAAAIbHuJaWltGOAcAT5ovKKyIyOyxktAMBAIwVfPUAGAS73S4iFRUVAz1Qp9PRtwwAAAAAQDfIlgEAAAAA8ES2DAAAAACAJ7JlAAAAAAA8kS0DAAAAAOCJbBnAgI0bJyLCE/UBAI+G6xvH9e0DAI8M2TKAAZswfryIfPfg4WgHAgAYE1zfOK5vHwB4ZMiWAQyY96SJIuK41zTagQAAxgTXN47r2wcAHhmyZQAD5uszWURuf2Mf7UAAAGOC6xvH9e0DAI8M2TKAAZvyvPLZCePvNd1vuNM42rEAAJ5yDXca7zXdf3bC+CnPK0c7FgBjC9kygMGYNvUFEan90y37XcZjAwBGiv1uU+2fbrV/7wDAo0S2DGAwpjyvVE15XkSuXrtODzMAYCQ03Gm8eu26iKimPE/HMoBHj0cLAhikwGkqEam//U3tn27d/sY+5Xmlz2TvZyeMH8cSHwCAwWppafnuwUPHvabb39jvNd13pcqubxwAeMTIlgEMXuA0lfckxY1bX99ruu/6nQYAgOHy7ITx06a+QK8ygNFCtgxgSKY8r5zyvPL2N/ZGx72mb+8/ePiwpWW0YwIAPLHGjZMJ48d7T5ro6zOZPBnA6CJbBjAMXDnzaEcBAAAADBue8gUAAAAAgCeyZQAAAAAAPJEtAwAAAADgiWwZAAAAAABPZMsAAAAAAHgiWwYAAAAAwBPZMgAAAAAAnsiWAQAAAADwNH60AwDwJKrJiTZlV3kUKpShusiohLUrDUGKUYqrb87TGcZVRY45mcWH4tXDXPfJdHVSabdbwlJLj6wZ7tMBAABgJJEtAxi0wKUb0pYEtL+sv3i4MD87qWiXbm1BXqrOZ1RjExGR65aoN0ojjxWv7UhUHbduOkScdrtzpE46N+GzFTqPMsUPpo/U6QAAADAyyJYBDJpPyEJjhFuPacSSuORrxeviMnPeXTnxcPHa0NEMTkTkj1WVIpGdivxj88si74jSb8S6v4P0EUsMI1U5AAAAHhXmLQMYTooZMZ/lJQQ1V2Wn5VWPdjDVV652V6wYwVQZAAAATwuyZQDD7ZWfpi4WqdpTUNZe5Kwt3bE8Uq8O1apDZ+tiM0uudQyErs6LUWsyT4uztjRzmX62OlSrft20Kq/C7lalvap42wqTTqNVh2o1+rj1R+s6ttXkRYVq19vEbjMvf2O2OlSrjsyrvl64yqAPz64SqcqO1KpDterQ9NPtpwvVrjvZevTpdK36x5ZaZ11JRpzuVa06VKt5IymnwuF2cvfg3f5FD/jPAW3nqip6P8Z1Le8dbW0H57XSbStMrgDUrxuWZRRXu11/axM560oyYnQarVqjj9pebhdxVhWvi9arQ7VqjT4qw1rb3HZAk229Qas2ZJ5uGmCIAAAAaMNIbADDTjH7dY2crDp3vkbmqdserNWgmpuw2aybKvWncnasizxz0WLbOK/tiObyXSui6h8YEz/MWt1Uc9SSW5Idt1xan4xVXxCn31IVNC8u9ZOUqVJ/3pKbnxInk60fGTq6iM/tjDH+hyI6KWuFv8i02cEB95M3qIL3peSfb59crQrrKd6LB/57dK5oV23MSvBtqNida8mOXSlts52r8+PCs6pUhjUfpWh9XbFddir8dPOjdEGDaJuLpT9591NnUNLGT5J8RTFroUJEnGU7ohIs1SpdYrp5rr80Xi7Ozs0MP1W+52jWImV7E535wHjC15Dy8SeqWzbzJkvCB95r6vKLVYnpnyVJ9TFLdlHKsuZc23aDQkTu1dfWi0hd7f/P3v0HRXXne/5/8wVtxfRRlDYYIWYaZC6gt1rMVOP1W61xboNsULODgzXt4oqrX8nVGpxQYdQLZby4MSFDLp2REUZGXLm2JWtPGcO9/uCuQWod5ZtR2Y2E7xhkNWAkNop0R8ZWCd8/GrBpQfkl7Y/no/ij+5zP+Zx3t1UeXnzO53PsIv6DqBIAAACkZQBPQIg2VKS27kqjiFbOfPTr0uaQ1daTGRGuvXHxsVG/MGwxW9bEmDSdRzQ6Z1g+y9C5smHcW7rxhpSSvIKK1TnzfUVjKq5eIorSmY3jYkOd+pSSImu6oftwaajV5FUVLFYe1BAdH2z/XIrOek6u7s2dyLR/z4t3LUtmjNM6dSmWXfuq1mXpRapKCmpldmZZUee54uKn2nUZ5xLSdq/WD+q7qbXHPPgqRETaq95PL64bl7CzLCfOVX+8MemnH837WfGqTYba/ISuPwk452T8e16CWkQkfpZcNmzJL4zOqtydHCgicfHzlOuGLVbLsSzDYn8RTeK+6lh7u1ohKgMAAAwWd2IDeLJOl39mk4ikpW75UALnzI+Qs+VHbd1bIhYu1T2Iur76pCXB0n7y8y9cb1XdUVlExFczeapIq6PVrceQlDT3qDxAMW/Fu63gHaOfL2J3uC2aPV550LdKpXjs9XAo1eOe7UWF9W67DenrI3q0/6L8U5uEJKXEudc/I2X1bJHysmMPbqUOnh7ZXWRg9KxgEe0b+sDuLSEhImJraOquk6gMAAAwJIwtAxh+DfWXRCRsWrBIc93XDtfk4VzPVhF2h4im9x5U49Uija1dWdHZVFW6o6CkvLqupSum9oycyvjhW7jL170r/cIlgSUlORuskf9knKq0Xz2WYz4s6sUL+x5Yjs+uypzX47OMC3R7p3iEWFv9JbtIdLjH8HdgSIjIWVtDk0hvA+Oq8Wrhv3AAAIAniV+1AAw75/k/14qo58zWijjH+4uI8YNTWW94NlMpE/vVnf1EhjG1zKZEzP/Fu+mRoaGvqz5NMeU/icJ7M2ezZevXi7ZsSji2SUREfAPnZ+35cEHf4Vyl0WgC+9wLAACAZwRpGcBwu/BJ7gmRaaakGBFRhWqD5USjzRGoeczk4R4aL9WKBE+eLCJVuRlltoi0439cG+br2lk/xvdJ1f6wuuK0Lf/b8MGnqVEqzWS1SpmoVg3r2TXaUEWqLl2s7zlc3tzQICKakKDhPBcAAAD6j3nLAIaT84r17bXFDb4R6flprjWooxa9GSK1ewsq3Z8IJe1Oe4+HGzmut7jNBLaX7f1MZNqbS2aIiLPVLhKqDevOqFfPn706Ah+l0+SIWWHO8o1LEhctNOjn6iNcD3B6x1rX3o+D++MnxiUaaSgtPub+BV0oLjorYkyIG/TcY6fDzuOjAAAAhoCxZQCD5vj6ZPmxv3S9a6v//FPrp2canSrduv2F68K7tkek/SG9MjY3Vf9VwvoUY5i/XP/KWrq/siYo7XjZ2rDORo0lK401ptQ1Oo00V+bmWOskMCkrNUpEJHL2bDlclr18mn1FuHK9uniHVUKm9qu+KJ1eDlXtzTZrEuTogbtr9r87Z6DDwu31nxYdb43JPJgTGyIicqfhy6rPLeb8sqz/Mi3yZFrE43t4LF/95u2JR9da305oXL0mpesJUpU2TcLu7QmDnI1tsy43ZJ0W/dbPi5MZnQYAABgU0jKAQWs8vD3t8IO3KiVctyQ9c91KQ0jPkBe21noywrwlx7JjU5lTRAnSRf8i5+T6BLfnFUek70m7Y962objRKSpFl5j3Uebiaa5eApN/Y675h8zS/KzTvuqweat2lq9VShNj/+3x9WmWZW2tTH3/ROHGP6ujjRnKfZEBpmXbgewtp0K3njJFd61GplkQHL1A0xCeeviqzXOpscFSGbIrj+pzswpKc9KKnCJKYHRi9r6MxLBBr/I9ThOikdOijB+W+gAAAF5IPh0dHd6uAcALra4wMTZX0o9a1w1kYvPIaChKnJfjWP3H45tnuG298NG8nxUHb6vcl8RqXgAAAE8vu90uItXV1QM9UKfTMbYMAI8SkpS2uDi16BexNaaVK3QaEXvdKetea7Vd9+4fEonKAAAAzzPSMgD0TTHklVlm55pLDn30drFTRBStPmmbdf1bEcoIrssNAACAkced2AAAAACA59AQ78TmCVIAAAAAAHgiLQMAAAAA4Im0DAAAAACAJ1b5AjAMbt6ytzput/31zr3791kMAQAwaD4+MsrPz3/smPHqcRMnDPq58wAwDEjLAIbk5i37tes37t677+1CAADPg44OuXvv/t1739+yf3/t+o0pkyeRmQF4C2kZwOA1XrPZbt4SkXH+YyZOUNTj/EeP8vPx8fF2XQCAZ1VHR8fde/cdt9tu3rLfbrtz5ep3bX91Bk/ReLsuAC8i0jKAQeqOyiGvTA4MGO/tcgAAzwMfHx/V6FGq0eMDA8Y3t7Q2fHvdda0hMAMYeazyBWAwbt6yu359CZ02lagMAHgSAgPGh06bKiK2m7du3rJ7uxwALxzSMoDBuHb9hmtUWXnJ39u1AACeW8pL/iGvTO6+7gDASCItAxiwm7fsd+/dH+c/hlFlAMCTFhgwfpz/mLv37jO8DGCEkZYBDFir47aIsEgpAGBkuK44rqsPAIwY0jKAAWv76x0RUY/jHmwAwEhwXXFcVx8AGDGkZQADdu/+fREZPYpF9QEAI8F1xXFdfQBgxJCWAQxYR4e4HvLh7UIAAC8E1xXHdfUBgBFDWgYAAAAAwBNpGQAAAAAAT6RlAAAAAAA8kZYBAAAAAPBEWgYAAAAAwBNpGQAAAAAAT6RlAAAAAAA8kZYBAAAAAPBEWgYw8mpzjZHa8Mh55lpvV+KprjBRGx654YS36wAAAIC3kZYBjLhT1pIrIiINZcdrvF0LAGBY/PDDD5evfPPoNv/n8pUffvhhpCoCgKEiLQMYYc7DFotd9MnJEXLFUnrK2+UAAIbDnhLLz03/Ob9gV18N8gt2JS1f+S/7S0e2LgAYPNIygJHVZN1bLhJjXL8mMVocJZYyp7crAgAMXZzxpxMnBuwpseza/d8e3vv7P+zZU2KZODHg7xfM80Z1ADAYpGUAI6rmwJ5zInFJiZqgxBVGkXJLadNDjVqqS94x6WZGasMjtTP1SzOtdfauXc7GisKMpfpZ2vBIbYQ+NrXwXPcuqdwQHrmoqFFaqvNTE3QRkdrwWbqkrGNXu/afyNCGRy4qrHc/VUVGpDY8Mb/Hth6cV8reX+HqLVL7esIqc2VDe9e+dse5koylBr02PFIbPkuXkJpb2TjkbwgAnklTX5lStPO3ARMmuIKx+y5XhA6YMKFo529fmTLFezUCwMCQlgGMoPaq0pJGUUwr4lUiqrh4o0h10YGea33VW5YaTFuONIaZMneazTszlkpl1vKcKqeIOKu2GGNX7boUvCpzp9n8wYYYOWleurK4zu3omn/LWrow8+tZKR9+bN6aEqH60vp2UkaF/aFK+sdZmWVYmFF0XuZvyN5pNn+wJrKxKPVXFlckri9d/ebS7HL766s+MJt3mt9dKFX5q2M90jgAvDhCgqf+/ndmRVHnF+zaf+Cga+P+AwfzC3Ypivr3vzOHBE/1do0AMAB+3i4AwIvkpLXELkqycY6viIgq3pT8XnlJifX0+kzXFhHn4dxt55zBq/94fPMM1xZjnOmXTlGpRESl31xWtXmcWtXZ2PiGv0mfXVByJmVrTNcpvlNW/LF4sev3sXjjwmkp+vfKcvenzl+rHXi5tTuyrTYx5J0qWKx0njFpZbZTpRIRmyV746nmqLSyz9Z19hwXv+jvUvUbclNzDcfTI4b0PQHAM+q1aa8W7shbu37Dx5/kjxo9SkQ+/iRfUdSFO/Jem/aqt6sDgIFhbBnAiHEetpaJBCcv1Xdu8NUnJQeL3bL3SNfkZZv1QLlIzMo1M9yO81V1xWNRKd1RWUREMzVYxNHa5tZ4buJit6ELzVuJ80VqTp2xDaLeM9aSK6KYUrqisqsClUpEpPno0SoRw5oU9xCuXpxsUqTx8GdP3ZOxAGDEhIVqf2fOVb/00oe/yfvwN3nql14q+G1eWOgg/mQJAF5GWgYwUlzre81eucJt3DUq9s0QkWP7rJ1p9rurjSIhM2Zp+uqk3VlXZl6VZOicSJxa9piT+iuKiLQ6Wgder7Op0S4SPVPX285LdV+JTA0N9e+5eYomRKSheTDZHACeGz8On55v/s3YsWPGjh2Tb/7N9DCiMoBnEndiAxghrvW95Ow2ffg2z31n9+ytNT3+7uX2+vyfJ+ReUIXEJKzZZogKjYi69JF+U/kTKxkAMEgRf/PjAyXF4uMzJehlb9cCAINEWgYwIlzre/km5FVmzOm5587nmfMyK0sOVKW/p5eXpwaLnL5w3iYRDw8v2w5k515QLzb/e168unPTTdVjzltfe0lEpkwNERG/xzXuSRUUrIic+7Ja3tI/tDM0LFLkzKVLbRLlPrx8zdYgEhLY59A4ALw4pkwJ8nYJADAk3IkNYCQ4j1hK7KIsS1ysCdT0/AlJTElWxH7AcrhNRBO7MEbkzJ5dF9wPbra1iIi0OuwimumhXVFZHOeqLnme6abN3v7gXc1Ba41IXIJRJSKh2iiRmi/OP1gh21l79i99F/0T4xKN2C3Fh92X1G5ptjlFJHDhQr1I5a5i9xWwHYdLLHYJXryINb4AAACeeYwtAxgJpfvKRYKTlz08SNu51ldJfvmBQ82LTYHJmWmlS8xFPzfUpaYtC1davykv2lFWNyOzar8pbMYsRSy5v8xS0gyT2+qPFO8+7R8c4tHbqSzDkqo1KcYwf/sFqzm/slmly0xPUImITF2UFPPRlsqspZuc6QZN6zflJbvOOAPVvZTUVVh6dsLR1LINcxP+lJH2RqBcry7esbdalhVXvqfXmLK2HkrcYk6MvZS62qgdL7bP8z8qvShR6QUsiA0AAPAcIC0DGAlFZ0Vieqzv5S5q2co5BdtOf3bcZjJpwtd+9id9/qbMXQVZFe2iCtBGm3L+8E6CRkTmpu1Ob/zVDuuWNKsqQLcky1oZX//rGak9+lqUs+/1yo3b02rsIop2fvoneat1XWtaBybvsNgzMncd2va2VZSIhPTCf11yLVP3TmNfZSsLcirLDVvezf40O61URAnSzd9s+SeTTiUiok3eXxllyX5/1+6NZQ4RlRKuX1eUmW4IHs4vDgAAAF7i09HR4e0aADxjztd8LSKzoqZ7uxAPlRvCUw+/VVCfY/B2JQCAYfa0XnoAPNXsdruIVFdXD/RAnU7HvGUAAAAAAHpBWgYAAAAAwBPzlgE8Nwx5F7/K83YRAAAAeD4wtgwAAAAAgCfSMgAAAAAAnkjLAAbMx0dEhBX1AQAjw3XFcV19AGDEkJYBDNgoPz8RuXvvvrcLAQC8EFxXHNfVBwBGDGkZwID5jx0jIo7bbd4uBADwQnBdcVxXHwAYMaRlAAM2Xj1ORG7esnu7EADAC8F1xXFdfQBgxJCWAQzYxAnK6FF+t9vuNLe0ersWAMBzrrml9XbbndGj/CZOULxdC4AXC2kZwGBMmTxJRBq+vW7/nvuxAQBPiv37toZvr3dfdwBgJJGWAQzGxAmKZuIEEbl05SojzACAJ6G5pfXSlasiopk4gYFlACOPpQUBDFLwFI2I2G7eavj2+s1b9okTFPU4/9Gj/Hx4xAcAYLA6Ojru3rvvuN1285b9dtsdV1R2XXEAYISRlgEMXvAUjf9Y1bXrN2633XH9TgMAwHAZPcpvyuRJjCoD8BbSMoAhmThBmThBuXnL3uq43fbXO/fu3+/o8HZNAIBnlo+PjPLz8x87Zrx6HDkZgHeRlgEMA1dm9nYVAAAAwLBhlS8AAAAAADyRlgEAAAAA8ERaBgAAAADAE2kZAAAAAABPpGUAAAAAADyRlgEAAAAA8ERaBgAAAADAE2kZAAAAAABPpGUAQ1Sba4zUhkfOM9cOQ2f1lqUzI7WGrIq2fjRuq9xoiNTONJXUD8OZHy4lf0mkNjyj4kn0DQAAgKceaRnA0JyyllwREWkoO14z9N5arjbcF2mxO/vT+LbteovIfXv/WgMAAAAD4OftAgA805yHLRa76JOT7SUlltJTaVvnDq2/2e9WnU21+6oVVT8aaxJ3/znW3q5W/Id2UgAAAOAhjC0DGIIm695ykRjj+jWJ0eIosZQNwyivf/+isouKqAwAAIAngrQMYPBqDuw5JxKXlKgJSlxhFCm3lDb1aFBXmKiNyKpod1TkpsybGakNj4zNrxcRqS9cFB65sVLsleblb8zShkdqFxbWiYhUbgiP1C4prBORU9t0vU2HPp1t0IbH5tb2MrW4IiNS+7PiBmfj4UyTbmakNjwy4o3U/GrHg4PbHedKMpbqZ2nDI3v8ZFQ+9sN2f5Zzhamxr0dqwyO1ryduPNL4oEW9ZenMyIgkS93gv1EAAAA8LbgTG8BgtVeVljSKYloRrxKRuHijlJcXHahNTovwaJb78zev+y1an2OaLKKZpe3eczov0fidaklqzopAkSmzwjz6n5uYPM2SX2I9vT5zjm93b5UHLM0yO3NFhPTuwv7/sqRAIldtzkkZ31y9q6A4N2mlHLWu04qIsyLzzVVWR1jSuzvnaqS5eteu4nNNomj1Cw3B/fvIx99/82RrwKL12YmT2+oP7TKXpiXeUVXmLVCJa9K1U5xX623tEub7+M4AAADwNCMtAxisk9YSuyjJRleUVcWbkt8rL/EItyIijTWTc6oLEpSHOmio1eRVFSx+eEeniBUrdPnZlr1H3p2T0HlztvOI9XC7xC1P1PRZ1p3ItH/Pi1eLiIgxTuvUpVh27atal6UXm3WXtVkxFR9/T9+5d5bM+1lx8IqPPkgI7N9ndqgW7alcF+GqJm6ueqlh2+E91n9cYNK4Jl1Xp9p91QpRGQAA4NnHndgABsd52FomEpy8VN+5wVeflBwsdsveIx6Tl4NXr+8lKotISEpa31FZRESTaIrzlWP7rLbODc2l+8q7R7P7EPNWZ1R2vdPPF7E7HpQ03t/tlKMVlYjdYX9UET1ELBosWZMAACAASURBVIyPeHDuoJg3wkVaHa3dWwY06RoAAABPMdIygEFxre81e6X7HdFRsW+GiHu4dVGP72MhLmX845Klf8KKZWo5u2eva/Jy7b6isxKSnDin/4O3vm6n0MQujJGG4sz3zzTa25z2K1X52/fVScRCo/ZRPTym/8EfCgAAgKcZd2IDGAzX+l5ydps+fJvnvrN79taa0vuaVzxAc5aZQiyFhz+rTY+IOH3A0iC6rcsG3XVg8o7iusSUohWxRa4NKu3qoj3rhhCWAQAA8LwiLQMYONf6Xr4JeZUZc3ruufN55rzMypIDVenv6fs6emAilq+eXbil1Ho6Vbf3gEOMpqSgQfflrNj+bol/yr5PEzSKZvxolaJRc980AAAAesWd2AAGzHnEUmIXZVniYk2gpudPSGJKsiL2A5bDbcN1tsCk5UaxW/ZmlR9rVyebEoaQb1XBM0M1tcXLlyTGvmHQz9VHhEdqZ8Yuz63q/8Tlx2hz2IfhkdMAAADwPtIygIFqLt1XLhKcvKy30WPXWl/t5QcONQ/X+VTxpmRFjh0pl2mmpLlD6MheVbK3enxywclTlVWnKqtOle0zZyZNs50uTPl12XBk3LMf6XV63YJtp9uHoTMAAAB4F2kZwADV7is6KxKzsq8nHkctWznHV05/dtzW+/6BcyVwkegVy6OG0M1p8y9LmhO3ZhlCOkfCtXPiTR98khol0nj16jDUGTA1RCWqAPUj1/kGAADAs8Gno6PD2zUAwEio2BS56pDB4wnP9kOpuoyvVu+v3Dzbm7UBAABg2NntdhGprq4e6IE6nY5VvgC8QOanpEUdMm9YkHhijSn+VUXEduFTS9GJek1iwXqiMgAAAHpibBnAC8R5pWzHdkvpn6ttdhFRKTrjmtRfrl4QzMrYAAAAz58hji2TlgEAAAAAz6EhpmVW+QIAAAAAwBNpGQAAAAAAT6RlAAAAAAA8sSY2gGFw85a91XG77a937t2/z2IIAIBB8/GRUX5+/mPHjFePmziBB9gD8CbSMoAhuXnLfu36jbv37nu7EADA86CjQ+7eu3/33ve37N9fu35jyuRJZGYA3kJaBjB4jddstpu3RGSc/5iJExT1OP/Ro/x8fHy8XRcA4FnV0dFx9959x+22m7fst9vuXLn6XdtfncFTNN6uC8CLiLQMYJC6o3LIK5MDA8Z7uxwAwPPAx8dHNXqUavT4wIDxzS2tDd9ed11rCMwARh6rfAEYjJu37K5fX0KnTSUqAwCehMCA8aHTpoqI7eatm7fs3i4HwAuHtAxgMK5dv+EaVVZe8vd2LQCA55bykn/IK5O7rzsAMJJIywAG7OYt+91798f5j2FUGQDwpAUGjB/nP+buvfsMLwMYYaRlAAPW6rgtIixSCgAYGa4rjuvqAwAjhrQMYMDa/npHRNTjuAcbADASXFcc19UHAEYMaRnAgN27f19ERo9iUX0AwEhwXXFcVx8AGDGkZQAD1tEhrod8eLsQAMALwXXFcV19AGDEkJYBAAAAAPBEWgYAAAAAwBNpGQAAAAAAT6RlAAAAAAA8kZYBAAAAAPBEWgYAAAAAwBNpGQAAAAAAT6RlAAAAAAA8kZYBjLzaXGOkNjxynrnW25V4qitM1IZHbjjh7ToAAADgbaRlACPulLXkiohIQ9nxGm/XAgAYFj/88MPlK988us3/uXzlhx9+GKmKAGCoSMsARpjzsMViF31ycoRcsZSe8nY5AIDhsKfE8nPTf84v2NVXg/yCXUnLV/7L/tKRrQsABo+0DGBkNVn3lovEGNevSYwWR4mlzOntigAAQxdn/OnEiQF7Siy7dv+3h/f+/g979pRYJk4M+PsF87xRHQAMBmkZwIiqObDnnEhcUqImKHGFUaTcUtr0UKOW6pJ3TLqZkdrwSO1M/dJMa529a5ezsaIwY6l+ljY8Uhuhj00tPNe9Syo3hEcuKmqUlur81ARdRKQ2fJYuKevY1a79JzK04ZGLCuvdT1WREakNT8zvsa0H55Wy91e4eovUvp6wylzZ0N61r91xriRjqUGvDY/Uhs/SJaTmVjYO+RsCgGfS1FemFO38bcCECa5g7L7LFaEDJkwo2vnbV6ZM8V6NADAwpGUAI6i9qrSkURTTiniViCou3ihSXXSg51pf9ZalBtOWI41hpsydZvPOjKVSmbU8p8opIs6qLcbYVbsuBa/K3Gk2f7AhRk6al64srnM7uubfspYuzPx6VsqHH5u3pkSovrS+nZRRYX+okv5xVmYZFmYUnZf5G7J3ms0frIlsLEr9lcUVietLV7+5NLvc/vqqD8zmneZ3F0pV/upYjzQOAC+OkOCpv/+dWVHU+QW79h846Nq4/8DB/IJdiqL+/e/MIcFTvV0jAAyAn7cLAPAiOWktsYuSbJzjKyKiijclv1deUmI9vT7TtUXEeTh32zln8Oo/Ht88w7XFGGf6pVNUKhFR6TeXVW0ep1Z1Nja+4W/SZxeUnEnZGtN1iu+UFX8sXuz6fSzeuHBaiv69stz9qfPXagdebu2ObKtNDHmnChYrnWdMWpntVKlExGbJ3niqOSqt7LN1nT3HxS/6u1T9htzUXMPx9IghfU8A8Ix6bdqrhTvy1q7f8PEn+aNGjxKRjz/JVxR14Y6816a96u3qAGBgGFsGMGKch61lIsHJS/WdG3z1ScnBYrfsPdI1edlmPVAuErNyzQy343xVXfFYVEp3VBYR0UwNFnG0trk1npu42G3oQvNW4nyRmlNnbIOo94y15IooppSuqOyqQKUSEWk+erRKxLAmxT2EqxcnmxRpPPzZU/dkLAAYMWGh2t+Zc9UvvfThb/I+/E2e+qWXCn6bFxY6iD9ZAoCXkZYBjBTX+l6zV65wG3eNin0zROTYPmtnmv3uaqNIyIxZmr46aXfWlZlXJRk6JxKnlj3mpP6KIiKtjtaB1+tsarSLRM/U9bbzUt1XIlNDQ/17bp6iCRFpaB5MNgeA58aPw6fnm38zduyYsWPH5Jt/Mz2MqAzgmcSd2ABGiGt9Lzm7TR++zXPf2T17a02Pv3u5vT7/5wm5F1QhMQlrthmiQiOiLn2k31T+xEoGAAxSxN/8+EBJsfj4TAl62du1AMAgkZYBjAjX+l6+CXmVGXN67rnzeea8zMqSA1Xp7+nl5anBIqcvnLdJxMPDy7YD2bkX1IvN/54Xr+7cdFP1mPPW114SkSlTQ0TE73GNe1IFBSsi576slrf0D+0MDYsUOXPpUptEuQ8vX7M1iIQE9jk0DgAvjilTgrxdAgAMCXdiAxgJziOWErsoyxIXawI1PX9CElOSFbEfsBxuE9HELowRObNn1wX3g5ttLSIirQ67iGZ6aFdUFse5qkueZ7pps7c/eFdz0FojEpdgVIlIqDZKpOaL8w9WyHbWnv1L30X/xLhEI3ZL8WH3JbVbmm1OEQlcuFAvUrmr2H0FbMfhEotdghcvYo0vAACAZx5jywBGQum+cpHg5GUPD9J2rvVVkl9+4FDzYlNgcmZa6RJz0c8Ndalpy8KV1m/Ki3aU1c3IrNpvCpsxSxFL7i+zlDTD5Lb6I8W7T/sHh3j0dirLsKRqTYoxzN9+wWrOr2xW6TLTE1QiIlMXJcV8tKUya+kmZ7pB0/pNecmuM85AdS8ldRWWnp1wNLVsw9yEP2WkvREo16uLd+ytlmXFle/pNaasrYcSt5gTYy+lrjZqx4vt8/yPSi9KVHoBC2IDAAA8B0jLAEZC0VmRmB7re7mLWrZyTsG2058dt5lMmvC1n/1Jn78pc1dBVkW7qAK00aacP7yToBGRuWm70xt/tcO6Jc2qCtAtybJWxtf/ekZqj74W5ex7vXLj9rQau4iinZ/+Sd5qXdea1oHJOyz2jMxdh7a9bRUlIiG98F+XXMvUvdPYV9nKgpzKcsOWd7M/zU4rFVGCdPM3W/7JpFOJiGiT91dGWbLf37V7Y5lDRKWE69cVZaYbgofziwMAAICX+HR0dHi7BgDPmPM1X4vIrKjp3i7EQ+WG8NTDbxXU5xi8XQkAYJg9rZceAE81u90uItXV1QM9UKfTMW8ZAAAAAIBekJYBAAAAAPDEvGUAzw1D3sWv8rxdBAAAAJ4PjC0DAAAAAOCJtAwAAAAAgCfSMoAB8/EREWFFfQDAyHBdcVxXHwAYMaRlAAM2ys9PRO7eu+/tQgAALwTXFcd19QGAEUNaBjBg/mPHiIjjdpu3CwEAvBBcVxzX1QcARgxpGcCAjVePE5Gbt+zeLgQA8EJwXXFcVx8AGDGkZQADNnGCMnqU3+22O80trd6uBQDwnGtuab3ddmf0KL+JExRv1wLgxUJaBjAYUyZPEpGGb6/bv+d+bADAk2L/vq3h2+vd1x0AGEmkZQCDMXGCopk4QUQuXbnKCDMA4Elobmm9dOWqiGgmTmBgGcDIY2lBAIMUPEUjIrabtxq+vX7zln3iBEU9zn/0KD8fHvEBABisjo6Ou/fuO2633bxlv912xxWVXVccABhhpGUAgxc8ReM/VnXt+o3bbXdcv9MAADBcRo/ymzJ5EqPKALyFtAxgSCZOUCZOUG7esrc6brf99c69+/c7OrxdEwDgmeXjI6P8/PzHjhmvHkdOBuBdpGUAw8CVmb1dBQAAADBsWOULAAAAAABPpGUAAAAAADyRlgEAAAAA8ERaBgAAAADAE2kZAAAAAABPpGUAAAAAADyRlgEAAAAA8ERaBgAAAADAE2kZAAAAAABPpGUAAAAAADyRlgEAAAAA8ERaBgAAAADAE2kZAAAAAABPpGUAAAAAADyRlgEAAAAA8ERaBgAAAADAE2kZAAAAAABPpGUAAAAAADyRlgEAAAAA8OTn7QIAPKVaWlocDkdbW9v9+/c7Ojq8XQ4AAJ58fHz8/Pz8/f3VanVAQIC3ywHwvCEtA/DU0tLy3Xff3bt3z9uFAADwKB0dHffu3WttbW1tbf3uu+9efvllMjOAYURaBtDDt99+e+PGDRHx9/cPCAhQqVQqlcrPj/8rAABPnfv37zudzjt37ty6dautra2xsfGvf/3rK6+84u26ADwn+A0YwAOuqOzj4/Pyyy9rNBpvlwMAwKP4+fn5+fmNGzdu0qRJNpvtu+++c/3Bl8AMYFiwyheATi0tLa5fMkJDQ4nKAIBni0ajCQ0NFZEbN260tLR4uxwAzwPSMoBO3333nYi8/PLLY8eO9XYtAAAM2NixY19++eXuKxoADBFpGYC4Bpbv3bs3duzYyZMne7sWAAAGafLkyWPGjLl37x7DywCGjrQMQETE4XCIyKRJk7xdCAAAQ+K6lrmuawAwFKRlACIibW1tIqJSqbxdCAAAQ+K6lrmuawAwFKRlAOJ6CAdpGQDwHHBdy1zXNQAYCtIyABGRjo4OEfH19fV2IQAADImfn1/3dQ0AhoK0DAAAAACAJ9IyAAAAAACeSMsAAAAAAHgiLQMAAAAA4Im0DAAAAACAJ9IyAAAAAACeSMsAAAAAAHgiLQMAAAAA4Im0DAAAAACAJ9IyAAAAAACeSMsAAAAAAHgiLQMAAAAA4Im0DAAAAACAJ9IyAAAAAACeSMsAAAAAAHjy83YBAPAMcF4p27GryiZK1H9MTZ6t9nY5AAAAeOJIywDwOE2WVQu3nW4XEZHSz+r2Vm6N8XZJA1FTmlXyv10vAxempc3XeLsgAACAZwFpGYBXtTttX1aWHin/06nqxtsiIqoQXXREaPQbxiU/0ap8vV2ey1fVnVFZRKT53P+qlxitVwtycdqqK0uPVJ49X3XJJiKi+bE+epZh4RJDdJDKvZ3tz9bSQ66XESGrSMsAAAD9QloG4DX26sINvzRXNPXcerWx7oyUFps3+gbOT/3owzS998NdpG6Ob1lXYA6c87rXo7KzoWzbP7xnrbH32NpwtfHcCWtRrmhmr/3wd2nzA7xWHwAAwHOAtAzAO+wnMoypZbZHtGhvrrhoU0awpD4FmXYfVdzmLXu1mPbGw++YNhxpfkQT29nCVX9Xnly0f+tcplgDAAAMEmkZgDe0V+VmuEVlJWL+QsMbcyMnt9WfPX/+XHnVuRaniDrZlKB6ZDcjRjUtIX1bgrerEBFHxSbPqKwEaaNenxUijedOVde1ODu3ttcfLT6+em5iiHfqBAAAeOaRlgF4w6myku67iCPSjv9xbVjXFOW4RJFt4qyv3LG7ceHc3o5tqz99pPzz8412ERElZK4xaZ5O4+/RyFlXWXnptoiIjAudb9CqnM3nTliPnmpULUhbMfn8uYbOdpq/NUZP7eUUFScvdebOkFlxM9QPehNNdLzuoZvDnbbqqqP/o7ymxXXG4EfNu+5X/b2zH3p31aEHUVkzNy1v+8o5brOUnVfKtqzNKK0XjTHn4CcJj4/KTkfd+TOnT1V2Vi5KyCxDXLw+rPd6nPaL1Uc/rzzX0PmPp/mxYfbMWXNmBnp+0rbmc2eOf36itvMPIuOCo3W66Lm6MOUp+esHAADA45GWAXhBXe1X3a9Vs3RhD6VKldaQvu2hw9obj21J3VBa73TfWFqc6xs4f8Mneat1yoN+rh7LTcutFRGRiLTdN7/69aZyW7uISFRISrqq6tdpls7AZ8ypzfccwbZZM1dlV4uIiDq5uCpO6h/0Jgm743Xz3RrbzxZu+JXn7OvSYvNGJWL1x3s2G9zuhR5A/b1pr8r9qLL7neYtc/l2o8chqmkJH/xrZLTFtjBZ/5ib2FuqS7Kzc4/U2tt7bi8tzt2kCksxH8wwuHfurLW8/Q8fVVx19mxtFRFRBSd9bP3AqBYRaXdU5KzcsNez21IREVF07x4sTQl7dGEAAABPh//L2wUAeBGFvPxgdNZZbim94nxkcxERaa/P/3ns2x5Rs3NXc0Wuybip0t7bcXLRvCqjMyp3mpuYPK3rdbml1GOZsfbaXXurO1/PTlvf6/h2l7oik/4XDy1U5mKvLVr95oYTjqHW3+2L8k+7b173NfxjpmdU7tqlTXpsVBaRr8pyyx6Kyp2cdcWpPeqpL176s20PReUu96dGzXT9UcBZkfnmquK+uhXVzEiiMgAAeFaQlgF4gSrGEN39xla+0ThLZzCtyrVUVDfae09kzorMlbkXut4FGdZtN+/bW7wzKyU6qKubQ6nLi+p7ObSX5BaxYoWu63V10YHaHmc6UlB0pfN13PLER63IfWbb8pzqB/UqEfOTEpOSEuZM7R6rbj68LvOYc2j1d6k7e+ZBfF1kWjzEBdDmpqbPFhFRTdUvTkn7wGz+ID1lfviDUXbboW27ur6YioKParq+xrD4tA/MBQdLi3eazVvXGqIUUZalJrs+Rf2eXGvXjeIa3eos8869loMF5p3b05JiglWiW79GP7SiAQAARg53YgPwhiDTB+nW2NwHMdXeVF1RWF1RKCKiaPVJa9LWJOg03dmttmBLdwybkXb8v3fNc47Rx5kS83+W4OqppsByOiVzTi8jroFz0j/KW6nv7lCTaIp7v/pYu4hIQ4n19Pruo5pL95V3NlJMK+IfMc+2ucRs6R7r7XlftLMm37TIXB+yIPWft6+NVg29fhGRxisPsnRUaHDfhfVTYPI/ZoszNnl2973ixqS1qcfe+fu3y1zj4Y3HTtSnR2hF6mv+0tVk2tp/Nq+Ncr3WicQbkzc4nfe7vqXLl2q6GsZtKt7sdod7XOLarW1OVf+mZwMAADwNGFsG4B1ha63VRWu7R1bd2eurijaZ9K+bcqs7b2Ouq6zsWpZLFq9f22Oes692XVrXatX2z45+0UuHUWl79q19EJVFRPwTVizrSol2y94jXSPEtfuKzna+DElO7Cu4iohc/ay0q6UoprweU4hVUesKT5afOVmwNjpgGOp/mOblh5cmG7gZiW5R2UUdl7Soe9C67kqjiIgoyviuTVf2/OqdwmPVjbbuewB8VaruL9Zf6T72WE7K+yVVdTaHs2tQWuXPEl8AAOBZwtgyAK9RDGkHK1Nt1ZWlR6yfHzl/rsnRY7ezOv8Xv5z8eXFykDReejAKfTg18nCfXTrq6pslJrDnxoglb2kfbjpnmSnEUugKscfKyp0JCSqR0wcsXbFWt3pZxKOq/0tt9ziqLDA8lKsDQ6Y9eDO0+ru4naLx6lWRXj7UwLQ7ag7t3vVp+fmGu63Nfd0DLyKBCxfqt5ypEhERZ12Z+e0ys4iIr1oTGvnGopR1Kw0hriD8E+MSjaXENeDeVF2UnVKULSKiCgiOmvVmUtqqpAie/wwAAJ4ZjC0D8C6VRmdct6ngYGVV/ZdVx/dmro4JfjAE2V5VtLf2kYd7sjseXiorNKzXgdiI5atnd70+YSltEmkr23ugK7EbTUm9jXs/ab3V3ylq5oNJv3X/84ytr3b9PVPlxjf0izYVHj5T33D1EVFZRERj+uTgOp3n0HC7w3axqjQ3dd6ClJKLIiLiq99amhP30PfmbGk8d6Jw4xJ9bHbVY1YyAwAAeGowtgzgqaFSh8WYNseYkotN87Z3rkrd0GwTiVCp1SKdOTZ6tXnNzD770Pxt/0dcA5OWG7ecdc1Sri46ULtwouVY523D6mST52OlPPkrikhn9rPbnSKPaD8s9WsWGKPfqzrnenPW/F+PLMqL72Ootr3HQHRvmkvTUrsXAw8zrE1OjJzsetNU/v72sgbP9uroNEvtGtdTlCtPn6qvcx+LtlVt2W5dWJyoEZGpCTsrja7HMv/p1Mnzl20NbrcM1JW8u+M/VG6e7dk7AADAU4i0DMA7akrNl/Spi6f1kjFDgoJFqt23RM+KkZLOxbfqmmROhtFzQejH58NeqOJNye+Vl9hFRBpKMlcFdI1jTzMlPfLBUSIif6ub49uVrk8UF11MWBfuttde9v579oVZJte85eGpPyhx/VvmVYdc4dNx+J2Vk6fs2azzDMz2I1nGjK9WlFrWRTwiv3/1p1NdL2dn7isyPVj6+2J9bl8H+QdGLzBFLzC53jmbKt9PTi1xrR9+qqpGErseQ61SwvVJ4fqkte+KiLQ76/amxm533cjdfPrP9TJ7yPeQAwAAPHnciQ3AG9oqd+UUbjDO0i3JyD9S3fBgmNJpv2h9e1tZd8PomZGdsbYrz9nL0oxplnNNXYe0NZ8uTNXrTUUXB16Grz4puWtxaXttTdeDo6JXLI967LH+CStM3ROMa3MTTe+fqHe2i4jTVm15OyGjqGzb0r8zLN1e3tA+XPWr5mdmze8O1e21RUmGeanm0jP1NluzzdZcd8by/i8MujSrzVmb+7PELaccj+6uqwBH64M3joqifXUPt2myLH8jNfdEvfsN2ypN8OTuNa59O5P56ezYRZnWB59ORHxVk4M0D/464Du6X1UBAAB4G2PLALzAZi04bBcRsdeW5aaV9TmYqUlcnxgoIuKrT89OOJpa5pqsazuybemRbR5t30/JCDuSM3+ATyGOWrYyOn/bOfdNvsYViX2ss9XTnPRtSUdTS101OauLUhOKPFq0N5+rtY3xFZFhql9JyNtfu/wXxV1PP3Y2nCjceKKwl5bt9Uc/PZ8+19BHf8HTI0RcQ+m15uVJjSuWGcLavjpwYE/FxV5mMJ/eVXD6avPp1Mp8ESUoeLyviIj7wmDKsoT5ItJk2WFprGnPWlqaJSp1SOB4EZH2VrebsXVJCUN/9hUAAMBIYGwZwMhzXhdF89gbjzX6rcXZ87tGL5UFOeVFprBHHOXrtPdvMLWHoMQVxh4blGWmxf18LLC/4YOyguRH3FasNe3b0XmT83DVr+jePfjHzPmPWYFMFZZSUL69r6gsItp1m1K6/wls1dbcTWlvZxdWXHSKJlDj0dZZvtfS3P3O3tTYcLWxx8JgWtPOd/QiUme1nG7vPsrhauYWlQPnvLct2RtrpwEAAAwCaRnAyFNFJRdUVR/fnZ44R9vbOlWKdv66gpMnipPDe242ZB4/W5aXog/zSIFKxOL0gpPl5sWDeQixarHJ5NZfcPIy/aOaewgwbP3Xqs+2p8yZ2nOSsBKxOMtS/a+Zc9y6Hq76VRGm3Z+fP/5xSi/fnq86LCYlr/zM8U0G5dF/j4h5t/JoTs9HOqlCFqQdPLJtjuf5jDv/ZP1grSE6yPN0qgCd+8cMW2c9WZCWFKNVPGZMd1ZVvs/EjGUAAPDM8Ono6PB2DQC878svvxSRmTP7Xqz5yWl32m86Htz+q1JrPMNWb9octttOEVGNC1T6ORT8pDkdNnu/Sxqu+rtOKiIiKkWj7sd312sPKmWiWvX4ldKcdlvnP5ZKCXzUP1TXBxQ/tSZgwEUBwFB486IG4Glit9tFpLq6uh9te9DpdMxbBvAU8FUpmoGnKX+1xr+P5yd5i0qt0fS7pOGqf0AnHYYe+v2P9RT+AwEAAAwEd2IDAAAAAOCJtAwAAAAAgCfSMgAAAAAAnkjLAAAAAAB4Ii0DAAAAAOCJtAwAAAAAgCfSMgAAAAAAnkjLAAAAAAB4Ii0DAAAAAOCJtAwAAAAAgCfSMgAAAAAAnkjLAAAAAAB4Ii0DAAAAAOCJtAwAAAAAgCfSMgAAAAAAnkjLAAAAAAB4Ii0DAAAAAOCJtAwAAAAAgCfSMgAAAAAAnvy8XQAAiIg0NTXduHHD4XA4nU4RUalUarV60qRJQUFB3i4NAAAALyLSMgAva2pqunz5sp+fX0BAwMsvv6woiojY7fbW1taGhobLly+/9tprZGYAAACMMNIyAG/6+uuvr1279qMf/Sg4ONjHx6d7e2BgYGBgoFarbWhouHjxosPhmD59ulcrBQAAwIuFecsAvObrr79uaWmZPXt2SEiIe1Tu5uPj8+qrr86ePbulpeXrr7/2Ro0AAAB4QTG2DMA7mpqarl279pOf/GTs2LGPbjlu3LiZM2d+8cUXarW6H7dk1+cvScit7XVXwu6LOfMHXTEAAABeJKRlAN5x+fJlrVb72KjsMnbs2B/96EeXL1/u9wTm4MWb3o33bKuJGkShAAAAeCGRlgF4QVNTk0qlCg4O7v8hISEhCHgFCAAAIABJREFUzc3NTU1N/QvM6unzjHHaodQIAACAFxrzlgF4wY0bN6ZOnTrQo1555ZUbN248mYoAAACAHkjLALzA4XD08x5sd2PHjnU4HMNTQUt1yTsm3cxIbXikdqZ+aaa1zt69z9lQ9tHyBH1EeKQ2PFJnMG201j/YKZUbwiMXFTU6r5RtTHK1mTUvtfCcvUf3zitl769I6Oz/dUPP/qUiI1L7s+K6lur81NiI8EjtzNhVlnoRsVeal78xS+vaUljtOuL0e3ptuGHLmZ71t1dtmRupNZprhufrAAAAgCfSMgAvcDqdg0vLTqdzGE5fb1lqMG050hhmytxpNu/MWCqVWctzqpwiIs7T2xPnvVNcp1662Wzeac5ODm8s3ZRgzKh0j8M1B1IXJRbc+WlGntm8NSXizgnz0uTCuu5Pd+ajRQszii4rSRnmnWbzB8mRDdas2PiMCvcuaouXL/nl2Yi1eebsda/fqXgvdUt+lnFdeciqnJ3mzNURdypyTcuL6kVkzjJTiDSXlJS5f3LnEUuJTeavW8VMbAAAgCeEecsAvOOHH34Y6CEdHR39blubuzAy131DRNrxT9eGiYg4D+duO+cMXv3H45tnuPYZ40y/dIpKJSJnPtpQXK8kmMs/NioiIhIXn7gwJ3ZRUeqvDed3Jqg6e2uLTC/PiQsQEZF4Y5hTv9yyu+TM2q0xIu1V76cX141L2FmWE6d0Nkj66Ufzfla8apOhNr+ri3ZNUqElPUIlInGxwXZ9Som5Nbm4autcEZG42FCnPqVkn7Vm9btREanpxsIN5Z/sqE1Ij3Ad3Fy6r1wU05pF6oF+hwAAAOgnxpYBeIFKpfr+++8HepTD4VCpVP1oKCLadfsrq065/exZGebaY7MeKBeJWblmhltzX5XKV0TkdPlnNglOWtUZlV2iVqyMFjlWVv5gdHduQmdUFhGROfp5Io7WNhER+aL8U5uEJKXEuXcxI2X1bJHysmNt3ZtCZ0d0fRZf3ezXRWTe38V016OZPFXkqs0mIqJanGzSSGPJgarOvbX7is5KSHLiHN/+fRkAAAAYONIyAC9Qq9WDSMvff/+9Wt3P0VTVmIBAjcbtJ6Armn53tVEkZMYsTS9HNdd97RDRzvBYTDsoOFhErl1t6PNsD17a6i/ZRULDPboIDAkREVtDU+/HK4qIiKqv9BuTun622A9YDreJiJw+YGnwNaavieirHAAAAAwdaRmAF0yaNOnbb78d0M3YP/zww7Vr1yZNmvQk63pqBSYtN0p7ee6uWmkr23vAoSwzLfb3dlEAAADPNdIyAC9wPTP5ypUr/T/k8uXL3QcOyctTg0UaLpy39bIvMGy6WqT+Qn3PzU2NjSIyZWpIP7rXaEMVkUsXPbpobmgQEU3IYMtXJaSumyYNJdbSA5Zj7RFrVugH2REAAAD6h7QMwDtee+21b7755vbt2/1pfPv27YaGhtdee20YTqyJXRgjcmbPrgtuG53NthYRkTnGRRppLN1d3mMF7L17zonEJRj7NWf6J8YlGmkoLT7m3sWF4qKzIsaEuMEPCEesWKETu2VjTrUYU1Zr+3EEAAAAhoA1sQF4R1BQkMPhqKmpiYqKGjdu3CNafv/99zU1Na+88spABpYdX58sP/YXj42a6HidRgKTM9NKl5iLfm6oS01bFq60flNetKOsbkZm1X6TJubdD5OOrypNM15LWb9CN1nsF6zm/MpmzVsFHyb0b4ExX/3m7YlH11rfTmhcvSZldqC0XrTmFlTaNAm7t/ezi95pTGnJ5pQSuzrZNKR+AAAA0B+kZQBeM3369K+//vrs2bOvvfZaSEiIj4+PR4OOjo5vvvnmypUrU6ZMmT59+kD6bjy8Pe2w58aE3fG6+SISvvazP+nzN2XuKsiqaBdVgDbalPOHdxI0IiKq+dvKT8Z8srHg4PtpxU4RJUiXtH3P5kSt0ut5eqMyZFce1edmFZTmpBU5RZTA6MTsfRmJYf3vole+ihIgMj1t/dyh9QMAAIB+8BnI80sBPLe+/PJLEZk5c+bIn7qpqeny5cu+vr4TJ04cP368oigdHR0Oh6O1tfXmzZvt7e2vvfbaMExXfvY5T2ToU8vmfOz22GcAQG+8eFED8FSx2+0iUl1dPdADdTodY8sAvC8oKCgoKKipqenGjRs2m83pdLoeyKxWq0NCQsjJXZpLd5XZNaYV8URlAACAkUBaBvBUcGVmb1fxFDtVkHtW5ryXOqevZzIDAABgWJGWAeBZMDez+mKmt4sAAAB4gfAEKQAAAAAAPJGWAQAAAADwRFoGAAAAAMATaRkAAAAAAE+kZQAAAAAAPJGWAQAAAADwRFoGAAAAAMATaRkAAAAAAE+kZQAAAAAAPJGWAQAAAADwRFoGAAAAAMCTn7cLAAARkX3f/uXgtbqLt1ta790VkfGjRoePC1g6JWz5Kz/2dmkAAAB4EZGWAXjZv1z9/7Zf+rOI3Lrn7N54657z/73VdPF2y3+t+2Jz6Ov/aerfeLVGAAAAvHBIywC86f/58n+carnmnpPdubZvv/TnyptXfz/zpyNeHQAAAF5czFsG4DX/cOHzM7ea+orK3W7dc5651fQPFz4fqboAAAAA0jIALyn6pubkzas37t7pT+Mbd++cvHm16JuafrStz18SqQ3v9SejQkTEWZFp0IbPWlpSP+QPAQAAgOcWd2ID8I6PL59vfWhUeW7AlFnjJ4vI+dbrp1quue+6dc/5z5fPr341qn/dBy/e9G58kMdGTZSIiON6k0PEabc/Zkz70So2Ra5qL6jPMQylEwAAADy1SMsAvGDft3/x8/Fx3zLOd1T+jPnGwFe7t5Q3f7PuQsXt9nvdW3x9fPZ9+5f+rZKtnj7PGKftdVdgUtGZhS2iBKiG8Anqa74SYbluAACA5xd3YgPwgkNNlzzuwfaIyiJiDHw1f8Z89y037t451HRpOM6vGlpUFpHGr2uHoxAAAAA8rUjLALzgq+9vur+dGzDFIyq7GANfnRsw5REHDk5dYaI2PHLDCbe3EVkV7Y6K3JR5MyO14ZGx+fUiIu2Nx7anxL4eqQ2P1L6esHx7WYNTROT09ljdzNTDInIo1TUjelEhU6ABAACeN9yJDcALWu/ddX/rmqvcq1njJ7tPYPY4cNi0V+X+/M3rfovW55gmi2hmaUUch9fFbjgRGJ2SuVOnaf2mvGRX1q+CdQeTg6MSMz8MKnt/e1nD7JSdK3Qiovrx1CdSFQAAALyHtAwAItJYMzmnuiBB6d5g++zACVElbju4ybWOlzFpbeceJdwQ51e7Y7tIiD4unlW+AAAAnk+kZQBeMH7UaPfHLJ9vvd5XS49d40eN7t8ZanMXRub22JKw+2LO/D7bB69e7xaVRWRisMZXnH+urGjSzw8a4iRnAAAAPHtIywC8IPKliX9yu7/6VMu18uZvHp66XN78jcdzpCJfmti/M2jX7d+zokd/KqXv1iLq8f49N/ga/qko5avU4lUGi6LVL/yPKauTDWH+fR0OAACA5w2rfAHwgreCQieNHuO+Zd2FivLmb9y3uJ4g5b5l0ugxbwWF9u8MqjEBgRqN+496oAPEytx3j1efP743M/k1+9G81NjZho0nHAPsAwAAAM8qxpYBeMHyV378ft0X7ltut99b+b/K5wZMca34db71useosojc7+jo38OWh4+vKizGlB5jSm8p22DMKN1xcN2ClJARrQAAAADeQVoG4B2/em3WP18+7z572XVL9sMh2WXCKNWvXps1UtWJiDjtTpXSNSCtBE9Wi7ykGvOYgwAAAPCcIC0D8I7Vr0ads1//ny3f3rh757GNJ40e838HvLL61agRKU1ERC4WLkowt85OWb9CN1lsZ4sLiq4GLs5apHHt1eqiFan5LGfjTGfUX4o//9tPdicFjlxtAAAAePKYtwzAa343442YCUETRj1mQvGEUaqYCUG/m/HGSNUlIiLhaw/uT4tyHHw/Le3ttG2l9tDVZkveAnXXbn26OSVqXH1pdlrun1VRLJoNAADw3PHp6Ojwdg0AvO/L/7+9ew+Lqt73OP7lIIyKAyEgKEg4G4WRTY3BCXUfqVOoQSp7q4cS5aBlattMzbubcpvmNSpKt9cSM7VDalEmpXjDJ5O2PLI325Cw2QqY4ADqDFCDIuePEcTBCzdZXt6vZ/5o1vx+a30X63laz8ff77dWVpaIBAYGtv6hPzlzYtHPR21ErGZlW3KyiMzxDR7Vxb/1CwMA3KMUvKkBuKsYjUYRyczMbGxHnU7HTGwAyhvl6T/K03/zLznbzp78qfz8xUuVlvcq93BwHt7Zt7Uf6wUAAACIkJYB3C1GdvEjGAMAAODuwbplAAAAAACskZYBAAAAALBGWgYAAAAAwBppGQAAAAAAa6RlAAAAAACskZYBAAAAALBGWgYAAAAAwBppGQAAAAAAa6RlAAAAAACskZYBAAAAALBGWgYAAAAAwFobpQsAABGRwsLCkpISk8lkNptFRKVSqdVqFxcXDw8PpUsDAADAg4i0DEBhhYWFp06datOmjbOzs7u7u6Ojo4gYjcaLFy/m5+efOnXKx8eHzAwAAIBWRloGoKTc3NyzZ89269bNy8vLxsamdrurq6urq6tGo8nPz//pp59MJlP37t0VrRQAAAAPFtYtA1BMbm7uhQsXgoKCunbtWjcq17KxsfH29g4KCjp//nxubq4SNQIAAOABRVoGoIzCwsLi4uJHH33UwcHh1i0dHBx0Op3BYCgsLGzAjvUrI3tqelz30YYMGP7amgOnzS1Tun7L8MCemtDXD1S0zP4AAABwF2ImNgBlnDp1KiAgwN7eviGN7e3tAwICsrOzG7yA2WvInBnhV9saT363/ePtCS+k7J6WvH1ij+ZULSIi58/kXxY5b2yh8A0AAIC7EWkZgAIKCwvt7OwsD/RqICcnJzs7u8LCwoYFZnX3J/oP1Fz9MjB8WMwfZoZO3hn/zs6xqwepmlr2VUEz0jMmGG3Vjs3dEQAAAO5ezMQGoICSkhJ3d/fG9nJzcyspKWnaER0H9H9SRM6eyW9afyvticoAAAD3OdIyAAWYTKbbLleur0OHDiaTqYmHzMo8JuLYS+dr+bpvpqZHz8Fr9HWbHJjZU9Nj2MqabcbMLVOiQrQ9emp69NJFzdyUUXvotCk9emoi15y0fNOvGdyj5+w0MWaseeGZEE2PnhptyOC4PflVdfdtzt+5fKTl1x69dFGvf1l3EXVVwbeLxwwI7qnp0VMTPGjk4p35tT8aMze9Fq0LtKy+jp6yKdN43W4BAABwpzATG4ACzGZzhw4dGturQ4cOZnNjFwubjQbTuazN817fcK7HmI9eC2lov38tHxy1IV/Tf9riQb7tDRlbExe9usx334I+NxlS/mbRoP0VjpEvLXzO1Xjymw3xSZMHV65OXxaqEhExH4jr/0JSsVvQmPkJuk5i2L9y+ZRnDv5rQ9rc3iJi+nLigCn7XB8bE7dK53Yxb8+mda9P9dJti/GSquxFw6LXF2gGTlnwR2/Hc5lb1i97dZFmz5I/MK4NAABwx5GWASijurr6Tu4+O/6ZnvF1vqt6T96cMP6xBi+U/v7zbfminfthwlhPEZGB4dFzb9ne2H7wV8njA1SWxk84ngud98WGpBmhMW4iR5bPSiruOnb7wZlaS+OB4QMCRoTOS9jyUu9oN8NX/7dPVMMWbpsTKiIi/aPG1+z079uTTkvAnNWrxniJiIT3j5nTyD8DAAAAmoqZ2AAUoFKpysrKGtvLZDKpVA0cVtVM3JqW/p3ls3Pz4slPnksYHhI6cou+AX1FRNw6eYkU7N+dbW7YzOeAgf0DrpXm2ue/NCJGo0lE5Ps9XxlEGzVcW6e5a58ntZKx5xuDSEcvN1sxH007UFhv2LyTW1eR/P17jvOqKgAAgFZHWgagALVa3YS0XFZWplarG9ZW1dbZ1c3N8tH0GTZ+1dfbxz5c/P1fF2wyNKi/79jl80NV3y8eptWFDJ+QkJRZ3Lgp4G1qo3PxyVyTZay77iugB8RnX43TtqFvrh/jW7jlhdBeumfGzF6TdrI2G2vGv/vXUNXflw/W9dJFTYjfnmngpVUAAACthbQMQAEuLi6//PLLlStXGt7lypUrZ8+edXFxaeIhbbWR/b1E0jOyGtheE7M+LTtty6pXBqhyEmdHheqiNpxsyhO21E7tRaT/ku9qx7prP4ljHxYRcfzDjN2Zx3Z/HBfjY/zmvQkDgkJn77v6RDHf6NXpmWnbEiY801a/fk50SHD0+p+aUAMAAAAajbQMQAGWdyafPn264V1OnTpV27FpDOcLRKSt5XENbRo0o1vloRs4fsHm/Ue+mqg1Zy5f/10TDqv6ncZLpMBgqh3rrv2oVbY1rWxVvr2jp63ennl42RCH4qQV26696Url+lj4+CUf785MHh9gzly0Ia0JRQAAAKCxSMsAlOHj45OXl1deXt6QxuXl5fn5+T4+Pk0/nnHPF3tEbPv3DRYRkd9pAkSO//2YsbaBOTsjp057s8l4bdqzqquXm4haZd+UIwcMfrarZH+8Os1Yd2uV2Vgz49pc50ji6NVJLdJB1dbyS90iPL3cRBzb80BsAACA1sAzsQEow8PDw2QyHT9+PCAg4NbvXi4rKzt+/HiXLl0aM7Bsyj2459ua9Hsxb8/6FTtPml2HrF44pL2IiHgOjuq9fF7a68PnmKeFWt7bdMTsWrso2vztzJCX92mGvDIm3NvxYt7O9e+lye8nx/xnk05VO/nDaWkD4ieE/DjolTH9fdvLuR+3J21NO+4xeffO8b4/rRk8KOFi0JhX/lfXSQwZG1avP+M65PXBbiLmlJm6yWm+gyaM7a9xqtB/sS7hgK122nMNfgkWAAAAmoG0DEAx3bt3z83NzcjI8PHx6dq1q42NjVWD6urqvLy806dPd+7cuXv37o3Zd8GXiyd/WftNpfbtNea9Ba8Oebh2YNY1ZsUW48y4dV8sfHm7OGoHTVvzdeTZON1rBZYOA5ftfm/BzLfWvf6lUUSlfiw8bttfo31tb3yw2/Idv/2gNmHesi0r5uw0izh66B4bsezgK4O6ikiP8du2ypR5Hy2avMEs4qgJGZuwYO5TahFRhS87WLVw6rKPZu80iagcdYPmb309pkcTawAAAECj2NzhV54CuDdkZWWJSGBgYOsfurCw8NSpU7a2th07dnRycnJ0dKyurjaZTBcvXiwtLa2qqvLx8WnOcmUAwINGwZsagLuK0WgUkczMzMZ21Ol0jC0DUJ6Hh4eHh0dhYWFJSYnBYDCbzZYXMqvV6q5du5KTAQAAoAjSMoC7giUzK10FAAAAcBXPxAYAAAAAwBppGQAAAAAAa6RlAAAAAACskZYBAAAAALBGWgYAAAAAwBppGQAAAAAAa6RlAAAAAACskZYBAAAAALBGWgYAAAAAwBppGQAAAAAAa6RlAAAAAACskZYBAAAAALBGWgYAAAAAwBppGQAAAAAAa6RlAAAAAACskZYBAAAAALBGWgYAAAAAwBppGQAAAAAAa6RlAAAAAACskZYBiIjY2NiIyOXLl5UuBACAZrHcyyz3NQBoDtIyABGRNm3aiMivv/6qdCEAADSL5V5mua8BQHOQlgGIiLRv315EfvvtN6ULAQCgWSxp2XJfA4DmIC0DEBFRq9UiUlpaWl1drXQtAAA00ZUrV0pLS2vvawDQHKRlACIizs7OdnZ2lZWVRUVFStcCAEATFRUVXbp0yc7OztnZWelaANzzSMsArnJ3dxcRg8FQUVGhdC0AADRaRUVFcXFx7R0NAJqJtAzgKmdnZxcXFxHR6/UGg0HpcgAAaASDwaDX60XExcWFgWUALYKnBQK4pkuXLiJSUlJSWFhoNBqdnZ1VKlXbtm1tbW2VLg0AAGuXL182m82//fbbhQsXLBOjXFxcLPcyAGg+0jKA63Tp0qVdu3ZFRUUVFRVMyQYA3Cvs7Ozc3d0ZVQbQgkjLAKw5Ozs7OzufP3/eZDJVVFRcvnyZB2UDAO5CNjY2bdq0ad++vVqtJicDaHGkZQA3ZsnMSlcBAAAAKIOnfAEAAAAAYI20DAAAAACANdIyAAAAAADWSMsAAAAAAFgjLQMAAAAAYI20DAAAAACANdIyAAAAAADWSMsAAAAAAFgjLQMAAAAAYI20DAAAAACANdIyAAAAAADWSMsAAAAAAFgjLQMAAAAAYI20DAAAAACANdIyAAAAAADWSMsAAAAAAFgjLQMAAAAAYI20DAAAAACANdIyAAAAAADWbKqrq5WuAcA9Lzll34HDR4/nnDxXXFJVdUXpcnADtrb/0cnVJcDP98m+wZHhTyldDgAAwB1nNBqb0520DKBZklP2rdzw6dkig9KFoBE6u7tNHPM8mRkAANzfSMsAFLM4Yd2WHbuUrgJNFD00Ys7kl5SuAgAA4E5pZlpm3TKAJiIq3+u27Ni1OGGd0lUAAADcpUjLAJoiOWUfUfk+sGXHruSUfUpXAQAAcDciLQNoipUbPlW6BLQMLiUAAMANkZYBNFpyyj4e63XfOFtkYHgZAACgPtIygEY7cPio0iWgJXFBAQAA6iMtA2i04zknlS4BLYkLCgAAUB9pGUCjnSsuUboEtCQuKAAAQH2kZQCNVlV1RekS0JK4oAAAAPWRlgEAAAAAsEZaBgAAAADAGmkZAAAAAABrpGUAAAAAAKyRlgEAAAAAsEZaBgAAAADAGmkZAAAAAABrbZQuAMCDwytiwujxAx/RdLQTEam8VFz4z68TE9/eW6BINbHxn0wPlvSVo8YmNaD1jA+yBnnd8BfT0cS+05JFItd/OTrEqWDHE5PmiUjwuKSF4Vr7C4dWj/lzA/bfuGIAAABw55GWAbSS2MULpvd9SMoK0g/oSyrtXTT+Ot+g2NfsDXvf2Kh0bQ1VmrPraJHVtot6/Q1aOjk72ovY2tm3a7GDj1j2yVx//dtD7p0/FwAAwL2MtAygVQRPHdH3ISnNmPenhTtqtmmeHj60c8G9lP3K8me9tbJBLfcufaYgKExdlHq0xQ7u39mhxfYFAACA2yEtA2gVoRpPEZM+a0edbfq9295WsKQ7LScjtSV3F+np1JK7AwAAwK2RlgG0igvlZhF196BY7+SNeTduonl69PTRTzzu+ZDKVqSq/Myx1PcTEnfVNvYLnz8uIvQRL1d7ERHTmaytq9744NDVH+dv+nyoU8aiGScej/tjmLeDiOhTZkcuyRER7dCp86ODtG4OIiJV5Wd+TFu7bO2O2t3ahk6Pjx7ay11tK1JVnr07cfaS1BtNrW6s65cxi4h36PSX/+fZ4Kv1X5OXGhhTM159k2JGLF49LcRdZSsigdMPfj69Tq+wl+ImRVxdCm4uLfjh28/eXp3WEvUDAAA86EjLAFpF6gn9CD+tU+D0tRuePXbw6+2pG49e/3CvqLgPJwS5Srn+2JETpZX2nf36BUcufce97fClO0QkcHTS8kitfbn+2JEfSivtO/qFBAeOmxFnPLTw2kRuJ/9Jy4OkLCt19/lKKf8xNUdEQl6LXxmpUVWV648eOVFaad9RE9IrfNLL+TvmpIiIiEPPUa/oKvN/2Jtmsnd+NDhQGz7x3aqiyOVZLX3+gXPffGVENzvTyYxd+nLp4PV4L41rO5GyC9m5tX+HmxaT/t2RvWX+jw/wc/214NAhvUlEzuWIiOaFJUtG+anKitIP5JRUOnTr9Ui/YZEF36UtavHyAQAAHjykZQCtIi9x9kfuf4vt7dnuIW3fSG3fyOkXC9IP7YpfnpItIhL2blSQq23RrrgJs2qGizWvxicP6/38q1473i+QrMR5b55wLDiSXjMmPHTxhvl9g56dKBuvrSN2sD+zLerlzXVGVodPGqBRSdGuedd2K34abU6dJrlJMVO2ZVv+Ozxu/+wgTUhEhGTtatnTfzqifzc7OZky6sW1V4/9wpKjsX6mYxui3ky7fTE7E2ftnJg8wM+18nz6W+/W/gPB0N5+Kik/tHbCn5NbtlwAAADwvmUArUW/dekz4954OynjH4UXzFUiTl4hg8ZtSpwYJiJPB+ncRPKy1hyq0/59vV5E+/swy9fsw9eisojsKC0TEVX7ukco2vvh5usmIU/s82g7kZwjs+rsVnL02de+lP94eNu1rylZP5eJ2Du43ewcvMOyDn5e93M4PrLhfwFzZfm18n6trBRRtXOu83sjixExmMpFHLR/GBni3fAqAAAA0CCMLQNoRXlZG1dmbVwp4h0Y++K4SU96qbo9MTp2ZWqHTq4i4h2WfDDMuku7mgdBewfGxowcEazxtLyu+QYu/Xb9A6hDXBxE5ExBRiMqrLrlr2eOzEr8vu6GytKGrRHem5H5cu+wnuGfTCxNTC8wewfFDvNXS3l6+i0HhW9djMjGhM90y0eGhQxfHxxZbNBnpqauXZeafZtOAAAAaBDSMgAl5GVtnDfJcVXSuJ526k4iJZfMIpVZyQu/rBc+ywpERLwj168YHeIkZoM+/UCBvuBEplfk0ifdW7vsqrJdu9Ma0K6+1KkJXkmzIx+NGvdulGVX5dnJaxclNa+evOSpzyVrw0eODnvs8QC/sFF+YRG935688GbPUQMAAEDDkZYBKMZYUSliJ1Ui/ywqFj9PJ4cTu2/8POeIcX8McRJ9ytLIJUeubpoRsfR2+08vKRcRT68gEcUfexU498UIbVXO1nVHz5jOGX4t//fujJYaBM5O2TwrZbOIZtyKNycFBg0dLhvfaaFdAwAAPMBYtwygNYTNiN+/dlxE3eW13pH9ujtIlT59m8jR1H+cEfHuM3eEV91e2r5BWhERcWtnJ1JuOF0TlaX3JE3dFb838VVWdqWIX++l/a5t0zwdNtSvRc6pUc6fKSg3O/mNeGnk9NemLv1LXNLBz7P2Je1fMa7e1PPG8Avqd+1c9PqSMhExm1uiXgAAgAceY8sAWkFY/+Curh6apYmh449lnSid8ZpXAAADLUlEQVStrHmF0iX9zs8W5YlI1qxVqf5vhIVMeGf/f//zh9PlYu/cLcBf62ZneW3yodNF04M1IaM++JtGb7J39g8O9Kwsv30qzEtcuztoySCviPmfdEvP+HeZqB9+5HG/h+Sk188vJrbKidfoF/Fsr4cqc1Ljt2VdFBHp1PM//R/vG6QNDJ/+l+9T32rI0HeW3hCmcfMfvWKWTrrpbI+8+PL3sXFxQz3L9ceyTlx9q5a7XMz6+qs7fzoAAAAPANIygFaQOus5feaM0X8K0Wh69dbYilRdMpXqd61dOWtHzczrQysj3yx6d/Sz/XyDIvwsDfIPbU1+e3WOiOjf/2ztw6Nje3n1G+AllReyD6yN2aRZsun247KpyyfF/Dx1fkwfbd9QrYhUXtAfTl6zKvEfIro7ftbXTI8J17bTbxy3cmvNll27RaLePDwx0LGjpmETxdM+2N5HG9vbM7B3WOUF/eEyleTMW7i27cyop2v+pMV5GVvXsmgZAACgZdhUV1crXQOAe0zgE39SuoR7zNzEz0d0u+5t0iIS9sbqd5/umL01Kmq1krVZZB38XOkSAAAAWpjRaGxOd8aWAeCO+/TbrEETAiPmf+JvmYguDp6P+D/q4WD+d+rauyAqAwAAoD7SMgDccfqtb7xonvqX5x7xt8yaFjGXFqTv3By/PIXXIwMAALSa2NjYm/20ceNGqy3MxAbQaMzEvv8wExsAANx/bjgT+4aBuX5U5g1SAAAAAIAHSP1gfMOoTFoGAAAAADxY6sbjm0Vl0jIAAAAA4IFjCcm3iMqkZQBNYWvL/zruK1xQAADwALp1VCYtA2iKTq4uSpeAlsQFBQAAqI+0DKDRAvx8lS4BLYkLCgAAUB9pGUCjPdk3WOkS0JK4oAAAAPWRlgE0WmT4U53d3ZSuAi2js7tbZPhTSlcBAABw1yEtA2iKiWOeV7oEtAwuJQAAwA2RlgE0RWT4U9FDI5SuAs0VPTSCgWUAAIAbIi0DaKI5k18iMN/ToodGzJn8ktJVAAAA3KVsqqurla4BwD0sOWXfyg2fni0yKF0IGqGzu9vEMc8zqgwAAO5vRqOxOd3/Hyrf1ldu9bNRAAAAAElFTkSuQmCC' />  </system-out>
  <testcase classname="com.reservation.tests.FlightReservationTest" name="flightSelectTest" time="0.000">
    <skipped/>
  </testcase> <!-- flightSelectTest -->
  <system-out/>
  <testcase classname="com.reservation.tests.FlightReservationTest" name="flightSelectTest" time="0.000">
    <skipped/>
  </testcase> <!-- flightSelectTest -->
  <system-out/>
</testsuite> <!-- com.reservation.tests.FlightReservationTest -->
