<?xml version="1.0" encoding="UTF-8"?>
<!-- Generated by org.testng.reporters.JUnitReportReporter -->
<testsuite hostname="LAPTOP-RNF7R3U9" failures="0" tests="4" name="com.reservation.tests.PortalTest" time="90.967" errors="0" timestamp="2024-12-28T10:39:20 EST" skipped="0">
  <testcase classname="com.reservation.tests.PortalTest" name="logInTest" time="2.713"/>
  <system-out/>
  <testcase classname="com.reservation.tests.PortalTest" name="dashBoardTest" time="43.121"/>
  <system-out/>
  <testcase classname="com.reservation.tests.PortalTest" name="dashBoardTest" time="42.425"/>
  <system-out/>
  <testcase classname="com.reservation.tests.PortalTest" name="logInTest" time="2.708"/>
  <system-out/>
</testsuite> <!-- com.reservation.tests.PortalTest -->
